

cockpitcorridorsimple(1)corridorcargo(1)[RotYccwXcorridorsimple(1)]corridorgyros(2)corridorsimple(1)[RotYccwZcorridorsimple(2)][RotYccwXcorridorsimple(2)]corridorreactors(1)[RotYcwXcorridorsimple(1)[RotYccwXcorridorsimple(1)]thrusters(1)]thrusters
Fitness: [0.684553950964026, 0.030813530460641045, 0.3363803164283509, 0.43921449131290197]

cockpitcorridorsimple(1)[RotYcwZcorridorsimple(1)]corridorreactors(1)[RotYccwXcorridorsimple(1)]corridorsimple(1)corridorgyros(2)[RotYccwXcorridorsimple(1)thrusters(1)]corridorcargo(1)thrusters
Fitness: [0.9979719494866478, 0.03717481907602616, 0.0032771363402018657, 0.10613404761357746]

cockpitcorridorsimple(1)corridorreactors(1)corridorcargo(1)corridorsimple(1)corridorgyros(1)[RotYcwXcorridorsimple(2)][RotYccwXcorridorsimple(1)]thrusters
Fitness: [0.9912706137754013, 0.03975122433717642, 0.45465100158180477, 0.28060419687296545]

cockpitcorridorsimple(1)corridorsimple(1)[RotYcwZcorridorsimple(2)]corridorsimple(1)corridorgyros(2)corridorcargo(2)corridorreactors(1)thrusters
Fitness: [0.7631409474027046, 0.046908551382100594, 0.11777393427287003, 8.762309073743199e-06]

cockpitcorridorsimple(1)corridorcargo(1)corridorreactors(2)corridorsimple(1)[RotYcwZcorridorsimple(1)][RotYccwZcorridorsimple(1)][RotYccwXcorridorsimple(2)]corridorgyros(1)thrusters
Fitness: [0.9599127281729352, 0.03823196233238282, 0.1318305595951511, 0.5623605751939684]

cockpitcorridorsimple(1)[RotYcwXcorridorsimple(2)]corridorgyros(1)corridorreactors(1)corridorcargo(1)thrusters
Fitness: [0.9764413942964784, 0.0461864286150103, 0.20653853342013975, 0.4192680122431562]

cockpitcorridorsimple(1)[RotYcwZcorridorsimple(2)]corridorcargo(2)corridorsimple(1)corridorreactors(2)corridorgyros(1)[RotYcwZcorridorsimple(1)]thrusters
Fitness: [0.7021099313001976, 0.04411492506781745, 0.0841103361259418, 1.1124258141369435e-08]

cockpitcorridorsimple(1)[RotYccwXcorridorsimple(1)]corridorreactors(1)corridorcargo(1)corridorgyros(2)thrusters
Fitness: [0.8887787696856263, 0.047348069644479365, 0.019357968389630782, 0.15157603745550613]

cockpitcorridorsimple(1)corridorreactors(2)[RotYccwZcorridorsimple(1)]corridorgyros(2)corridorsimple(1)[RotYccwXcorridorsimple(1)]corridorcargo(1)corridorsimple(1)corridorcargo(1)[RotYccwZcorridorsimple(2)]thrusters
Fitness: [0.9619495267984967, 0.035794526587801884, 0.017716721596024314, 0.02140863296345478]

cockpitcorridorsimple(1)corridorcargo(2)[RotYccwXcorridorsimple(2)]corridorreactors(2)corridorsimple(1)[RotYccwZcorridorsimple(1)]corridorcargo(1)corridorgyros(2)thrusters
Fitness: [0.9821421590872129, 0.04868360967595097, 0.006509333783519319, 0.07220732990801089]

cockpitcorridorsimple(1)corridorcargo(1)corridorgyros(1)corridorsimple(1)corridorreactors(2)[RotYccwZcorridorsimple(2)][RotYcwXcorridorsimple(1)corridorsimple(1)corridorsimple(2)thrusters(1)]thrusters
Fitness: [0.6493079779566893, 0.04279516655946556, 0.35202903248110146, 0.8830724989579292]

cockpitcorridorsimple(1)corridorcargo(2)corridorreactors(1)corridorsimple(1)corridorcargo(1)corridorsimple(1)corridorsimple(1)corridorgyros(1)[RotYcwXcorridorsimple(2)]thrusters
Fitness: [0.9966495399529212, 0.05568840895451529, 0.021639118883819544, 0.05389910686574874]

cockpitcorridorsimple(1)corridorcargo(1)[RotYccwZcorridorsimple(2)]corridorreactors(2)corridorsimple(1)corridorgyros(1)corridorsimple(1)corridorsimple(2)corridorcargo(2)thrusters
Fitness: [0.8771362371570065, 0.051142087424760625, 0.06601459823375407, 7.902761431198592e-23]

cockpitcorridorsimple(1)corridorsimple(1)corridorsimple(1)corridorgyros(2)[RotYccwXcorridorsimple(1)]corridorsimple(1)[RotYccwXcorridorsimple(2)]corridorcargo(2)corridorreactors(1)thrusters
Fitness: [0.9910190553214947, 0.037207223289030845, 0.004633808756032093, 0.029512726577939505]

cockpitcorridorsimple(1)[RotYccwZcorridorsimple(1)]corridorcargo(1)corridorsimple(1)corridorsimple(1)corridorgyros(2)corridorreactors(1)[RotYccwXcorridorsimple(1)]thrusters
Fitness: [0.9954952439599671, 0.03383461394805279, 0.005021914096197165, 0.0901023050013758]

cockpitcorridorsimple(1)corridorcargo(2)corridorreactors(2)corridorsimple(1)corridorsimple(1)[RotYcwZcorridorsimple(2)]corridorgyros(2)corridorsimple(1)corridorsimple(1)corridorcargo(2)corridorsimple(1)[RotYcwZcorridorsimple(1)thrusters(1)][RotYcwXcorridorsimple(1)]thrusters
Fitness: [0.9891418073569233, 0.05327854640419913, 0.008600849294945458, 0.014263325230548586]

cockpit[RotYcwXcorridorsimple(2)]corridorgyros(2)corridorsimple(1)corridorsimple(1)corridorsimple(1)corridorreactors(2)corridorcargo(1)thrusters
Fitness: [0.9874552781718011, 0.03778532302687177, 0.009379484078414461, 0.04292560690705777]

cockpitcorridorsimple(1)corridorgyros(2)corridorcargo(1)corridorreactors(2)corridorgyros(1)thrusters
Fitness: [0.3058410844857843, 0.05532587712387884, 0.00853146522643288, 5.102583637431618e-05]

cockpitcorridorsimple(1)corridorsimple(2)corridorsimple(1)corridorcargo(1)corridorgyros(1)corridorreactors(1)thrusters
Fitness: [0.42829431818550884, 0.04980113792109437, 0.009876836934485073, 0.009692586842444137]

cockpitcorridorsimple(1)corridorcargo(1)corridorreactors(1)corridorreactors(2)corridorsimple(1)corridorcargo(2)[RotYccwXcorridorsimple(2)]corridorsimple(1)corridorsimple(1)[RotYcwXcorridorsimple(1)]corridorsimple(1)[RotYccwXcorridorsimple(2)]corridorgyros(1)thrusters
Fitness: [0.9757139509539121, 0.03758278228734342, 0.0037550798527359055, 0.013603404995897087]