

cockpitcorridorsimple(1)corridorgyros(1)[RotYcwZcorridorsimple(2)]corridorreactors(1)corridorcargo(1)thrusters
Fitness: [0.6941326489556391, 0.04767099611420296, 0.36727135910987324, 0.02633863303220276]

cockpit[RotYcwXcorridorsimple(1)]corridorreactors(1)corridorcargo(1)corridorcargo(2)corridorgyros(1)thrusters
Fitness: [0.8887787696856263, 0.09611603950649826, 0.019357968389630782, 0.15157603745550613]

cockpit[RotYccwXcorridorsimple(2)]corridorcargo(1)corridorreactors(2)corridorreactors(1)corridorsimple(1)corridorsimple(1)corridorsimple(1)corridorsimple(1)corridorsimple(2)corridorgyros(1)thrusters
Fitness: [0.9935305782663253, 0.03198825926649182, 0.008252050023963169, 0.01658463066455767]

cockpitcorridorsimple(1)[RotYcwXcorridorsimple(1)][RotYcwZcorridorsimple(2)]corridorsimple(1)corridorsimple(1)[RotYccwZcorridorsimple(1)corridorsimple(2)corridorgyros(1)thrusters(1)]corridorgyros(1)[RotYccwXcorridorsimple(1)corridorreactors(2)corridorcargo(2)thrusters(1)]thrusters
Fitness: [0.4056548553751901, 0.04362295385179072, 0.9012400569057277, 0.6129703029034294]

cockpitcorridorsimple(1)corridorcargo(2)[RotYcwZcorridorsimple(1)]corridorreactors(2)corridorsimple(1)[RotYccwZcorridorsimple(2)]corridorsimple(1)corridorcargo(2)corridorgyros(2)thrusters
Fitness: [0.8851367292499215, 0.0543635567055516, 0.013637026870492982, 2.4854887844488377e-51]

cockpitcorridorsimple(1)corridorgyros(1)corridorsimple(1)[RotYcwZcorridorsimple(2)]corridorsimple(1)corridorcargo(2)[RotYcwXcorridorsimple(1)]corridorreactors(1)thrusters
Fitness: [0.9879148670560152, 0.04005993573432458, 0.12945408194104396, 0.10000062048143775]

cockpitcorridorsimple(1)corridorreactors(1)corridorgyros(2)corridorcargo(1)corridorsimple(1)corridorsimple(1)corridorsimple(1)[RotYcwXcorridorsimple(1)thrusters(1)]corridorsimple(1)corridorcargo(2)corridorsimple(1)[RotYcwXcorridorsimple(2)]corridorsimple(1)corridorsimple(2)thrusters
Fitness: [0.9982113768685161, 0.04085768433133671, 0.0010018652390776331, 0.018623364448629706]

cockpitcorridorsimple(1)[RotYccwZcorridorsimple(1)][RotYcwZcorridorsimple(1)]corridorreactors(1)corridorsimple(1)corridorcargo(2)corridorcargo(1)[RotYcwZcorridorsimple(2)]corridorgyros(2)thrusters
Fitness: [0.8371953494435413, 0.05106003854121406, 0.13121866881602548, 5.930558543293861e-14]

cockpitcorridorsimple(1)[RotYcwZcorridorsimple(2)]corridorcargo(2)corridorgyros(2)corridorreactors(2)thrusters
Fitness: [0.7113688975774086, 0.054937421708332435, 0.09651385974822223, 1.2946197450837772e-07]

cockpitcorridorsimple(1)corridorcargo(1)corridorgyros(1)corridorsimple(1)corridorreactors(1)corridorcargo(2)[RotYccwZcorridorsimple(1)]thrusters
Fitness: [0.7298865759955975, 0.07453925220932021, 0.1281778006209688, 0.005959294985492223]

cockpitcorridorsimple(1)[RotYcwZcorridorsimple(2)]corridorsimple(1)corridorgyros(1)[RotYccwZcorridorsimple(1)corridorcargo(2)[RotYccwZcorridorsimple(2)]thrusters(1)][RotYccwXcorridorsimple(2)]corridorsimple(1)corridorcargo(1)corridorsimple(2)corridorcargo(2)corridorsimple(1)corridorreactors(2)corridorgyros(2)thrusters
Fitness: [0.5331696649561815, 0.045923653839776285, 0.36884961945819045, 0.030639622219248562]

cockpitcorridorsimple(1)[RotYccwXcorridorsimple(2)]corridorreactors(2)corridorgyros(1)corridorsimple(1)[RotYccwXcorridorsimple(2)][RotYcwXcorridorsimple(2)]corridorsimple(1)corridorreactors(2)corridorcargo(2)thrusters
Fitness: [0.9571952253784666, 0.03601898298816406, 0.10956075117345328, 0.009940345100392262]

cockpitcorridorsimple(1)[RotYccwXcorridorsimple(2)]corridorgyros(2)[RotYccwZcorridorsimple(2)]corridorreactors(1)corridorsimple(1)corridorcargo(1)[RotYcwZcorridorsimple(2)]corridorsimple(1)[RotYccwZcorridorsimple(1)][RotYcwXcorridorsimple(2)]thrusters
Fitness: [0.5026923633907102, 0.0243518522575602, 0.2656455337572108, 0.7412288789592159]

cockpitcorridorsimple(1)corridorsimple(1)[RotYcwXcorridorsimple(1)corridorcargo(2)thrusters(1)]corridorsimple(1)corridorgyros(1)corridorcargo(1)corridorsimple(1)corridorreactors(1)corridorsimple(1)[RotYccwXcorridorsimple(2)]corridorsimple(1)[RotYccwXcorridorsimple(1)]corridorgyros(1)thrusters
Fitness: [0.8018615810285629, 0.04071590869088016, 0.3631109768999671, 0.014444678370012329]

cockpitcorridorsimple(1)[RotYcwXcorridorsimple(1)][RotYcwZcorridorsimple(2)]corridorsimple(1)[RotYcwXcorridorsimple(2)]corridorcargo(1)corridorreactors(1)corridorgyros(1)thrusters
Fitness: [0.9584447105119367, 0.03101741312464709, 0.15273488045708253, 0.6569207841924743]

cockpitcorridorsimple(1)[RotYcwZcorridorsimple(1)]corridorcargo(2)corridorsimple(1)corridorgyros(1)corridorsimple(1)corridorcargo(1)corridorsimple(1)corridorsimple(2)corridorsimple(1)corridorreactors(2)corridorcargo(1)thrusters
Fitness: [0.6407068504644025, 0.05473516523393892, 0.00042015239983066177, 2.4854887844488377e-51]

cockpitcorridorsimple(1)[RotYccwXcorridorsimple(1)]corridorreactors(1)corridorsimple(1)corridorsimple(1)corridorcargo(1)[RotYcwXcorridorsimple(1)[RotYcwZcorridorsimple(1)]corridorgyros(2)thrusters(1)]thrusters
Fitness: [0.7111551436517585, 0.03680250260485028, 0.832455658612154, 0.6794624762032151]

cockpitcorridorsimple(1)[RotYccwXcorridorsimple(2)]corridorgyros(1)corridorreactors(2)corridorsimple(1)[RotYcwZcorridorsimple(2)]corridorsimple(1)[RotYccwXcorridorsimple(1)]corridorsimple(1)[RotYccwZcorridorsimple(2)]corridorcargo(1)corridorgyros(2)corridorcargo(2)thrusters
Fitness: [0.7422341028480122, 0.03374075192514855, 0.006685086159682974, 0.023273361584640995]

cockpitcorridorsimple(1)[RotYcwZcorridorsimple(2)]corridorcargo(1)corridorsimple(1)[RotYccwZcorridorsimple(1)]corridorreactors(2)corridorsimple(1)corridorsimple(2)corridorgyros(1)thrusters
Fitness: [0.8848141213578613, 0.02932877489441235, 0.13121866881602548, 5.930558543293861e-14]

cockpitcorridorsimple(1)[RotYccwZcorridorsimple(2)]corridorreactors(2)corridorsimple(1)[RotYcwZcorridorsimple(1)]corridorgyros(2)corridorsimple(1)corridorcargo(2)corridorsimple(1)corridorgyros(1)corridorsimple(1)corridorreactors(1)[RotYccwZcorridorsimple(2)]thrusters
Fitness: [0.9668531314500798, 0.03216284211530347, 0.012520397039104672, 1.0462101350877034e-119]

cockpitcorridorsimple(1)corridorgyros(2)corridorreactors(2)corridorsimple(1)corridorcargo(2)[RotYcwZcorridorsimple(1)][RotYccwXcorridorsimple(1)]thrusters
Fitness: [0.802028773967057, 0.024873217935303827, 0.007092446894485516, 0.06535984827101647]

cockpitcorridorsimple(1)[RotYccwZcorridorsimple(2)]corridorcargo(2)[RotYccwZcorridorsimple(1)]corridorsimple(1)[RotYccwZcorridorsimple(1)]corridorgyros(1)[RotYcwXcorridorsimple(1)][RotYccwXcorridorsimple(1)corridorsimple(2)thrusters(1)]corridorreactors(1)thrusters
Fitness: [0.7170123955225547, 0.035309544248279076, 0.2162506532393784, 0.4093804060671381]

cockpitcorridorsimple(1)corridorcargo(2)[RotYcwZcorridorsimple(1)]corridorreactors(1)corridorgyros(1)thrusters
Fitness: [0.5674213156899566, 0.0684534567112475, 0.1315648786657309, 0.0071132090055893585]

cockpitcorridorsimple(1)corridorgyros(2)[RotYcwZcorridorsimple(1)thrusters(1)]corridorreactors(2)corridorcargo(2)thrusters
Fitness: [0.596855988413529, 0.07167167224329946, 0.014635303923461572, 1.2946197450837772e-07]

cockpitcorridorsimple(1)corridorreactors(2)corridorreactors(2)[RotYcwZcorridorsimple(1)[RotYcwZcorridorsimple(2)][RotYccwXcorridorsimple(2)]thrusters(1)]corridorsimple(1)corridorcargo(2)[RotYccwZcorridorsimple(2)]corridorgyros(1)thrusters
Fitness: [0.7212974843006121, 0.04006165537351846, 0.16866618635252784, 0.07859065211677242]

cockpitcorridorsimple(1)corridorreactors(2)corridorgyros(1)[RotYccwXcorridorsimple(1)corridorsimple(1)thrusters(1)]corridorsimple(1)corridorsimple(2)corridorsimple(1)[RotYcwXcorridorsimple(2)]corridorsimple(1)corridorcargo(2)[RotYcwXcorridorsimple(1)thrusters(1)]thrusters
Fitness: [0.9080951625332092, 0.04133697631060695, 0.13130488747970498, 0.00678709516074249]

cockpitcorridorsimple(1)[RotYccwXcorridorsimple(2)]corridorgyros(1)[RotYccwXcorridorsimple(2)]corridorcargo(1)[RotYcwZcorridorsimple(1)corridorsimple(1)corridorreactors(2)thrusters(1)]thrusters
Fitness: [0.7804398651906187, 0.034210715193017445, 0.8884246149582588, 0.7838457747141666]

cockpitcorridorsimple(1)corridorsimple(1)corridorreactors(1)corridorcargo(2)corridorsimple(1)[RotYcwXcorridorsimple(1)]corridorsimple(1)corridorgyros(1)corridorsimple(1)[RotYcwXcorridorsimple(1)][RotYccwXcorridorsimple(1)]thrusters
Fitness: [0.9993797291827305, 0.03866160459017357, 0.07168435285905914, 0.03915263816709429]

cockpitcorridorsimple(1)[RotYccwXcorridorsimple(1)]corridorcargo(2)corridorcargo(2)corridorgyros(1)corridorsimple(1)corridorsimple(1)[RotYccwZcorridorsimple(2)]corridorreactors(2)corridorcargo(1)thrusters
Fitness: [0.9842511701783775, 0.06731373534877597, 0.008496441952577207, 0.01507469109661696]

cockpitcorridorsimple(1)[RotYcwZcorridorsimple(2)]corridorgyros(2)corridorcargo(2)corridorsimple(1)corridorsimple(1)corridorsimple(1)corridorreactors(1)corridorsimple(1)[RotYccwZcorridorsimple(1)]corridorsimple(1)[RotYccwZcorridorsimple(1)]thrusters
Fitness: [0.8951207735775076, 0.03118069928798379, 0.03753013819178547, 1.548843146029984e-39]

cockpitcorridorsimple(1)corridorreactors(1)[RotYcwZcorridorsimple(2)]corridorgyros(2)corridorcargo(1)thrusters
Fitness: [0.707648958017243, 0.043768348712684035, 0.1679843951026612, 0.009476004146451915]

cockpitcorridorsimple(1)corridorgyros(2)corridorsimple(1)corridorreactors(2)corridorcargo(1)[RotYccwZcorridorsimple(1)[RotYcwZcorridorsimple(2)][RotYccwXcorridorsimple(2)]thrusters(1)]thrusters
Fitness: [0.7981845917583105, 0.03821401653108575, 0.134175600115681, 0.15496859548028372]

cockpitcorridorsimple(1)corridorreactors(1)corridorgyros(2)corridorcargo(2)[RotYccwZcorridorsimple(1)]thrusters
Fitness: [0.698679373623241, 0.06294434168179563, 0.13106040698650248, 0.011096692598497547]

cockpitcorridorsimple(1)corridorgyros(2)corridorgyros(2)corridorreactors(1)corridorsimple(1)[RotYccwZcorridorsimple(1)[RotYccwZcorridorsimple(2)]thrusters(1)]corridorgyros(2)corridorcargo(1)thrusters
Fitness: [0.8120803656955943, 0.04015176818887997, 0.030305685717600284, 2.4811622551467323e-42]

cockpitcorridorsimple(1)[RotYcwXcorridorsimple(2)]corridorgyros(2)corridorcargo(1)corridorsimple(1)[RotYccwZcorridorsimple(1)][RotYcwZcorridorsimple(1)]corridorsimple(1)corridorsimple(1)[RotYcwXcorridorsimple(1)][RotYccwXcorridorsimple(1)]corridorreactors(1)thrusters
Fitness: [0.7821544850089043, 0.027716105939630076, 0.12945408194104396, 0.32408067898789034]

cockpitcorridorsimple(1)corridorcargo(1)corridorgyros(2)corridorsimple(1)[RotYccwZcorridorsimple(1)]corridorgyros(1)corridorgyros(1)[RotYccwZcorridorsimple(1)corridorreactors(2)corridorcargo(1)thrusters(1)]thrusters
Fitness: [0.9944645682940182, 0.04809283028636778, 0.8488260786877994, 1.7507888501828703e-12]

cockpitcorridorsimple(1)corridorgyros(1)corridorreactors(1)[RotYccwZcorridorsimple(2)]corridorcargo(1)thrusters
Fitness: [0.8833790401031313, 0.04919687123975108, 0.593772909679426, 0.02633863303220276]

cockpitcorridorsimple(1)corridorsimple(1)[RotYccwZcorridorsimple(2)]corridorreactors(1)corridorsimple(1)[RotYcwXcorridorsimple(1)]corridorcargo(1)corridorgyros(1)thrusters
Fitness: [0.9911555962342952, 0.03285383976059117, 0.1318305595951511, 0.16307317816010927]

cockpitcorridorsimple(1)corridorgyros(2)[RotYccwXcorridorsimple(1)corridorcargo(1)thrusters(1)]corridorreactors(1)corridorcargo(2)thrusters
Fitness: [0.9999799559546869, 0.0895205095292216, 0.14098925978410434, 0.09409964690472171]

cockpitcorridorsimple(1)[RotYccwZcorridorsimple(2)]corridorsimple(1)corridorcargo(2)[RotYcwXcorridorsimple(1)corridorreactors(1)thrusters(1)]corridorsimple(1)[RotYccwZcorridorsimple(2)]corridorgyros(1)[RotYcwXcorridorsimple(1)]thrusters
Fitness: [0.8192930259217888, 0.03453252304272839, 0.16706295875181254, 0.5600886483039087]