

cockpitcorridorsimple(1)[RotYcwZcorridorsimple(1)]corridorgyros(1)corridorsimple(1)corridorreactors(2)[RotYcwZcorridorsimple(2)][RotYccwZcorridorsimple(1)[RotYcwZcorridorsimple(1)]corridorcargo(2)thrusters(1)]thrusters
Fitness: [0.9965045150059644, 0.042275314151112915, 0.9918415115484038, 5.102583637431618e-05]

cockpitcorridorsimple(1)corridorcargo(2)corridorcargo(2)corridorcargo(1)corridorgyros(2)corridorsimple(1)corridorreactors(2)corridorsimple(2)corridorreactors(2)[RotYcwXcorridorsimple(2)]thrusters
Fitness: [0.9918480186991714, 0.061570083138616914, 1.28536465645732e-11, 5.7414037394762755e-06]

cockpitcorridorsimple(1)corridorreactors(2)corridorgyros(2)corridorcargo(1)[RotYccwZcorridorsimple(2)]thrusters
Fitness: [0.8068718916311935, 0.043287823811404585, 0.1401195380492145, 0.0008700286461355623]

cockpitcorridorsimple(1)corridorsimple(1)corridorsimple(1)corridorcargo(2)corridorcargo(1)[RotYccwZcorridorsimple(1)corridorreactors(2)corridorgyros(2)thrusters(1)]thrusters
Fitness: [0.9976825460207418, 0.07105536709408224, 0.979948333413072, 0.01953669630952327]

cockpitcorridorsimple(1)[RotYccwZcorridorsimple(1)]corridorreactors(2)[RotYccwZcorridorsimple(1)[RotYcwZcorridorsimple(1)]corridorgyros(1)corridorsimple(1)corridorcargo(2)corridorsimple(1)corridorcargo(1)thrusters(1)][RotYcwZcorridorsimple(1)]corridorsimple(1)corridorsimple(1)[RotYccwZcorridorsimple(1)]corridorgyros(2)corridorcargo(2)thrusters
Fitness: [0.9365579349391552, 0.048900453972388735, 0.9974638043726627, 7.641582256670138e-37]

cockpitcorridorsimple(1)[RotYcwZcorridorsimple(1)]corridorsimple(1)corridorreactors(2)corridorgyros(1)corridorsimple(1)corridorcargo(2)[RotYccwZcorridorsimple(1)]corridorsimple(1)corridorcargo(1)[RotYcwZcorridorsimple(2)]thrusters
Fitness: [0.9319906535478023, 0.04030601582220329, 0.1052923986641456, 1.548843146029984e-39]

cockpitcorridorsimple(1)[RotYcwXcorridorsimple(1)][RotYccwXcorridorsimple(1)thrusters(1)]corridorgyros(2)corridorsimple(1)corridorreactors(1)corridorsimple(1)corridorcargo(1)[RotYccwXcorridorsimple(1)corridorreactors(1)corridorgyros(1)thrusters(1)]corridorcargo(2)thrusters
Fitness: [0.8429784985568617, 0.0626505428152294, 0.47737305315261014, 0.024122010739569506]

cockpitcorridorsimple(1)corridorsimple(1)corridorgyros(2)corridorcargo(2)corridorsimple(1)corridorreactors(2)[RotYccwXcorridorsimple(2)]corridorsimple(1)corridorsimple(1)corridorcargo(1)[RotYccwXcorridorsimple(2)]thrusters
Fitness: [0.9882790501264319, 0.03833910197342089, 0.005995126973506856, 0.015368209337711245]

cockpitcorridorsimple(1)corridorcargo(1)[RotYcwZcorridorsimple(1)thrusters(1)]corridorgyros(2)corridorreactors(2)thrusters
Fitness: [0.585378490989602, 0.05787551753227453, 0.06521057580393319, 0.0008700286461355623]

cockpitcorridorsimple(1)corridorcargo(2)[RotYcwZcorridorsimple(2)]corridorgyros(1)[RotYccwXcorridorsimple(1)[RotYccwZcorridorsimple(1)]corridorreactors(2)thrusters(1)]thrusters
Fitness: [0.6169996107213482, 0.04768118039208129, 0.8884246149582588, 0.9987557168292556]

cockpitcorridorsimple(1)corridorcargo(2)corridorreactors(1)corridorgyros(2)corridorsimple(1)corridorsimple(2)corridorcargo(2)corridorgyros(2)thrusters
Fitness: [0.4011923535672552, 0.06891518388500859, 5.343714145752992e-26, 3.143169978454339e-48]

cockpitcorridorsimple(1)corridorsimple(1)corridorreactors(2)corridorgyros(1)corridorsimple(1)[RotYccwZcorridorsimple(2)]corridorsimple(1)corridorcargo(2)corridorreactors(1)thrusters
Fitness: [0.7463447195130157, 0.044539983029757396, 0.007522087589483425, 7.902761431198592e-23]

cockpitcorridorsimple(1)corridorreactors(2)corridorsimple(1)[RotYcwXcorridorsimple(1)]corridorreactors(1)corridorsimple(1)corridorgyros(2)corridorsimple(1)[RotYccwZcorridorsimple(2)]corridorcargo(2)thrusters
Fitness: [0.988470825765761, 0.038060828145211265, 0.007539821776724878, 0.009692586842444137]

cockpitcorridorsimple(1)corridorsimple(1)corridorsimple(1)corridorgyros(2)corridorsimple(1)corridorsimple(1)corridorcargo(1)corridorreactors(1)thrusters
Fitness: [0.42764179244079775, 0.044089938843379944, 0.006048468399582719, 0.00255110141912819]

cockpitcorridorsimple(1)corridorgyros(2)corridorcargo(1)corridorcargo(1)corridorsimple(1)corridorcargo(1)corridorsimple(1)corridorreactors(2)corridorsimple(1)corridorsimple(1)[RotYcwXcorridorsimple(1)]thrusters
Fitness: [0.925028864181896, 0.051541722151986644, 3.1378882123132196e-10, 0.006615987831441842]

cockpitcorridorsimple(1)corridorgyros(2)corridorgyros(1)corridorsimple(1)corridorcargo(2)corridorcargo(2)corridorsimple(1)[RotYccwZcorridorsimple(2)]corridorreactors(2)[RotYccwXcorridorsimple(2)]thrusters
Fitness: [0.8966344985732408, 0.050696198274176735, 0.007444971391866096, 0.03692325626971019]

cockpitcorridorsimple(1)corridorsimple(2)[RotYccwXcorridorsimple(2)]corridorgyros(2)corridorsimple(1)corridorreactors(2)corridorcargo(2)[RotYcwXcorridorsimple(1)]thrusters
Fitness: [0.9658371491275802, 0.03832897173777614, 0.06370226606546786, 0.010431929588092925]

cockpitcorridorsimple(1)corridorgyros(1)corridorreactors(1)corridorcargo(2)[RotYcwZcorridorsimple(1)]thrusters
Fitness: [0.5674213156899566, 0.0684534567112475, 0.1315648786657309, 0.0071132090055893585]

cockpitcorridorsimple(1)corridorgyros(1)corridorcargo(1)corridorreactors(2)[RotYccwXcorridorsimple(1)corridorsimple(1)corridorgyros(1)corridorcargo(1)thrusters(1)]thrusters
Fitness: [0.9441000618861736, 0.0655006973900107, 0.7535025714040311, 0.1325367938389053]

cockpitcorridorsimple(1)corridorsimple(2)corridorsimple(1)[RotYccwXcorridorsimple(1)][RotYcwZcorridorsimple(2)]corridorreactors(1)corridorcargo(1)corridorsimple(1)corridorcargo(2)corridorcargo(2)corridorsimple(1)corridorgyros(2)[RotYccwZcorridorsimple(2)]thrusters
Fitness: [0.7493825776570836, 0.04959393906143953, 0.1311772067674847, 0.009476004146451915]