

cockpitcorridorsimple(1)[RotYccwZcorridorsimple(1)]corridorcargo(2)corridorgyros(2)[RotYcwZcorridorsimple(1)corridorsimple(1)corridorreactors(1)thrusters(1)]thrusters
Fitness: [0.961570873212601, 0.0575502393474442, 0.7778167986169507, 0.018536740303657928]

cockpitcorridorsimple(1)corridorreactors(1)corridorcargo(1)corridorgyros(1)corridorcargo(2)thrusters
Fitness: [0.36986110591824944, 0.12269627499994414, 0.005021914096197165, 0.0071132090055893585]

cockpitcorridorsimple(1)corridorsimple(1)corridorgyros(2)corridorreactors(1)[RotYcwZcorridorsimple(1)][RotYcwXcorridorsimple(1)[RotYccwZcorridorsimple(2)]corridorcargo(1)[RotYcwXcorridorsimple(1)corridorreactors(1)corridorreactors(1)corridorcargo(2)thrusters(1)]thrusters(1)]thrusters
Fitness: [0.8547963944746874, 0.05654650133264866, 0.8359773882404168, 0.9517294979177643]

cockpitcorridorsimple(1)corridorcargo(2)corridorgyros(2)[RotYccwXcorridorsimple(2)]corridorreactors(1)thrusters
Fitness: [0.9844919605922319, 0.05532587712387884, 0.10720624213832086, 0.09409964690472171]

cockpitcorridorsimple(1)corridorcargo(2)corridorsimple(1)corridorcargo(2)corridorgyros(2)corridorreactors(1)thrusters
Fitness: [0.38952970077565924, 0.10089651668169522, 0.0029597249355283813, 1.2946197450837772e-07]

cockpitcorridorsimple(1)[RotYccwXcorridorsimple(1)][RotYcwXcorridorsimple(1)]corridorreactors(1)[RotYcwZcorridorsimple(1)[RotYccwXcorridorsimple(1)]corridorgyros(1)corridorsimple(1)corridorcargo(1)thrusters(1)]thrusters
Fitness: [0.7553889314972153, 0.038689426209769825, 0.979948333413072, 0.9586446534651315]

cockpitcorridorsimple(1)corridorgyros(1)corridorreactors(1)[RotYccwXcorridorsimple(1)]corridorcargo(1)thrusters
Fitness: [0.8850595435056177, 0.05260819809756819, 0.12500268888337154, 0.4192680122431562]

cockpitcorridorsimple(1)[RotYccwXcorridorsimple(1)corridorcargo(1)corridorcargo(2)thrusters(1)]corridorreactors(1)corridorgyros(1)[RotYccwXcorridorsimple(1)corridorcargo(1)corridorcargo(2)thrusters(1)]thrusters
Fitness: [0.9961537090460602, 0.1344652071737571, 0.9993525659509935, 0.4192680122431562]

cockpitcorridorsimple(1)corridorcargo(1)corridorsimple(1)corridorgyros(1)corridorsimple(1)corridorreactors(2)corridorsimple(1)corridorreactors(2)corridorreactors(2)thrusters
Fitness: [0.2854565619494299, 0.044598061672213994, 1.1659707273179608e-34, 2.993666357844624e-61]

cockpitcorridorsimple(1)corridorreactors(2)corridorsimple(1)corridorgyros(1)[RotYccwZcorridorsimple(1)corridorgyros(1)thrusters(1)]corridorcargo(1)thrusters
Fitness: [0.9485536076231844, 0.053967502639266675, 0.5380172584428852, 0.016480228888276025]

cockpitcorridorsimple(1)[RotYccwZcorridorsimple(1)[RotYcwXcorridorsimple(2)]corridorcargo(1)corridorgyros(2)thrusters(1)]corridorreactors(1)corridorcargo(2)[RotYccwZcorridorsimple(1)corridorgyros(2)thrusters(1)][RotYccwXcorridorsimple(2)]thrusters
Fitness: [0.5939933480009296, 0.054070809031081565, 0.7334150873817465, 0.9776827898153936]

cockpitcorridorsimple(1)corridorcargo(1)corridorcargo(2)corridorsimple(1)corridorgyros(1)corridorreactors(2)[RotYccwZcorridorsimple(1)]thrusters
Fitness: [0.8360809780527719, 0.06759886251883061, 0.11318375888386922, 7.579475411457073e-10]

cockpitcorridorsimple(1)corridorsimple(1)[RotYcwZcorridorsimple(1)][RotYccwZcorridorsimple(2)]corridorreactors(2)corridorsimple(1)corridorcargo(2)corridorsimple(1)[RotYcwZcorridorsimple(1)][RotYcwXcorridorsimple(1)[RotYcwXcorridorsimple(1)corridorsimple(1)[RotYcwZcorridorsimple(2)]corridorgyros(2)corridorcargo(1)thrusters(1)]corridorgyros(2)corridorcargo(1)thrusters(1)]thrusters
Fitness: [0.5983308176583468, 0.0437425370549833, 0.8312939141642202, 0.8347388587602458]

cockpitcorridorsimple(1)corridorgyros(1)[RotYccwZcorridorsimple(2)]corridorsimple(1)corridorsimple(1)corridorcargo(2)corridorsimple(1)corridorsimple(1)corridorsimple(1)[RotYcwZcorridorsimple(2)]corridorreactors(1)thrusters
Fitness: [0.9987982102774835, 0.03189573931441934, 0.3236288773931014, 5.930558543293861e-14]

cockpitcorridorsimple(1)corridorreactors(1)corridorgyros(2)corridorsimple(1)corridorcargo(2)corridorreactors(2)[RotYccwXcorridorsimple(2)]thrusters
Fitness: [0.9834169669454639, 0.04840906353701523, 0.008252050023963169, 0.01658463066455767]

cockpitcorridorsimple(1)[RotYccwZcorridorsimple(1)]corridorgyros(1)corridorsimple(1)[RotYccwZcorridorsimple(2)]corridorreactors(1)corridorsimple(1)[RotYcwZcorridorsimple(2)][RotYccwZcorridorsimple(2)]corridorcargo(2)thrusters
Fitness: [0.8829394679815481, 0.030929287005386916, 0.20513104759540174, 1.1124258141369435e-08]

cockpitcorridorsimple(1)corridorcargo(2)corridorreactors(2)[RotYccwZcorridorsimple(1)corridorcargo(2)[RotYccwZcorridorsimple(2)]thrusters(1)][RotYcwXcorridorsimple(1)[RotYccwZcorridorsimple(2)]corridorgyros(2)thrusters(1)]thrusters
Fitness: [0.4732556375167058, 0.06219666550582416, 0.9987982969011677, 0.699912557476977]

cockpitcorridorsimple(1)[RotYccwZcorridorsimple(1)[RotYccwZcorridorsimple(2)][RotYccwXcorridorsimple(1)thrusters(1)]corridorreactors(1)thrusters(1)]corridorgyros(1)[RotYccwXcorridorsimple(1)[RotYccwXcorridorsimple(2)]thrusters(1)][RotYccwZcorridorsimple(1)corridorreactors(1)thrusters(1)]corridorcargo(1)thrusters
Fitness: [0.9352679117347639, 0.048918792895054505, 0.9976342976027308, 0.9916345312027456]

cockpitcorridorsimple(1)corridorcargo(2)corridorgyros(1)corridorreactors(2)corridorsimple(1)corridorsimple(2)[RotYccwZcorridorsimple(2)]corridorsimple(1)corridorsimple(2)[RotYcwZcorridorsimple(2)]thrusters
Fitness: [0.9636000003330779, 0.03173647436548179, 0.12945408194104396, 7.641582256670138e-37]

cockpitcorridorsimple(1)corridorcargo(2)corridorgyros(2)[RotYcwXcorridorsimple(2)][RotYccwZcorridorsimple(1)corridorreactors(1)[RotYcwZcorridorsimple(1)]thrusters(1)]thrusters
Fitness: [0.6663535717328953, 0.05210541403932278, 0.9084351305644472, 0.5957563374072409]