

cockpitcorridorsimple(1)corridorgyros(2)corridorcargo(2)corridorreactors(1)[RotYccwXcorridorsimple(2)]thrusters
Fitness: [0.9844919605922319, 0.05532587712387884, 0.10720624213832086, 0.09409964690472171]

cockpitcorridorsimple(1)[RotYcwXcorridorsimple(2)]corridorgyros(2)corridorreactors(1)[RotYccwZcorridorsimple(1)corridorreactors(1)[RotYcwXcorridorsimple(2)]corridorcargo(2)thrusters(1)]thrusters
Fitness: [0.6310857703627828, 0.04326618707435988, 0.8539081576181343, 0.5957563374072409]

cockpitcorridorsimple(1)[RotYcwXcorridorsimple(2)]corridorcargo(1)corridorgyros(2)corridorreactors(2)thrusters
Fitness: [0.977237423348463, 0.043287823811404585, 0.06521057580393319, 0.07941692295649366]

cockpitcorridorsimple(1)corridorcargo(1)corridorreactors(1)corridorsimple(1)[RotYccwZcorridorsimple(1)]corridorgyros(1)[RotYcwZcorridorsimple(1)[RotYcwXcorridorsimple(1)]corridorsimple(1)[RotYcwXcorridorsimple(1)]thrusters(1)]thrusters
Fitness: [0.8556652796711172, 0.03337637851702584, 0.925010217932822, 0.2485138486068516]

cockpitcorridorsimple(1)corridorgyros(2)corridorsimple(1)corridorcargo(2)corridorreactors(1)[RotYccwXcorridorsimple(2)]thrusters
Fitness: [0.9892866585579395, 0.05020788091297516, 0.06521057580393319, 0.07941692295649366]

cockpitcorridorsimple(1)[RotYcwXcorridorsimple(1)]corridorgyros(1)[RotYcwXcorridorsimple(1)corridorreactors(2)thrusters(1)]corridorcargo(1)thrusters
Fitness: [0.9879756639119284, 0.053010981797884354, 0.9166398124754943, 0.5698975755636032]

cockpitcorridorsimple(1)[RotYccwXcorridorsimple(2)]corridorreactors(1)corridorsimple(1)corridorgyros(1)[RotYccwZcorridorsimple(1)]corridorcargo(2)thrusters
Fitness: [0.8713985591952248, 0.043661155226342785, 0.1350135245415704, 0.49284798414979364]

cockpitcorridorsimple(1)corridorgyros(1)[RotYccwXcorridorsimple(1)corridorcargo(2)corridorsimple(1)corridorreactors(1)corridorsimple(1)corridorcargo(1)corridorcargo(1)thrusters(1)]corridorcargo(1)[RotYccwXcorridorsimple(1)corridorreactors(1)corridorsimple(1)corridorcargo(1)corridorcargo(1)corridorcargo(1)thrusters(1)]thrusters
Fitness: [0.9946336779800328, 0.11307112508006391, 0.9220846667008961, 0.10000062048143775]

cockpitcorridorsimple(1)corridorcargo(2)corridorgyros(1)corridorreactors(2)corridorcargo(1)thrusters
Fitness: [0.33196728077096727, 0.09934748220128736, 0.005966520204695729, 0.005959294985492223]

cockpitcorridorsimple(1)corridorreactors(1)[RotYcwZcorridorsimple(1)]corridorcargo(1)[RotYccwZcorridorsimple(1)corridorreactors(2)corridorgyros(2)thrusters(1)]thrusters
Fitness: [0.9922500190529934, 0.04718445099616936, 0.9194825684857652, 0.00255110141912819]

cockpitcorridorsimple(1)corridorreactors(2)[RotYcwXcorridorsimple(1)[RotYccwXcorridorsimple(2)]corridorreactors(1)thrusters(1)][RotYccwXcorridorsimple(1)corridorgyros(1)thrusters(1)]corridorcargo(2)thrusters
Fitness: [0.9029344653321879, 0.06309937835780811, 0.8252474987614852, 0.17594725491649152]

cockpitcorridorsimple(1)corridorsimple(1)corridorgyros(1)corridorcargo(1)[RotYcwXcorridorsimple(1)corridorgyros(1)corridorreactors(1)thrusters(1)]thrusters
Fitness: [0.9789131479179426, 0.055574373221002, 0.8756256431816956, 0.6600364066797921]

cockpitcorridorsimple(1)corridorgyros(1)corridorsimple(1)corridorgyros(2)corridorsimple(1)corridorreactors(1)corridorsimple(1)corridorgyros(1)[RotYccwZcorridorsimple(1)corridorcargo(1)corridorsimple(1)[RotYcwZcorridorsimple(1)]thrusters(1)]thrusters
Fitness: [0.9970478131057418, 0.03640723379477472, 0.4102340080066224, 6.563741357499322e-25]

cockpitcorridorsimple(1)[RotYcwXcorridorsimple(2)]corridorsimple(1)corridorcargo(1)corridorsimple(1)corridorgyros(1)[RotYccwZcorridorsimple(2)]corridorreactors(2)thrusters
Fitness: [0.8000980602379256, 0.030578301934943836, 0.1548298769142078, 0.29361578162646956]

cockpitcorridorsimple(1)corridorcargo(2)corridorcargo(1)[RotYcwXcorridorsimple(2)]corridorsimple(1)corridorgyros(2)corridorreactors(2)corridorcargo(1)thrusters
Fitness: [0.9903217531535183, 0.06779127043419123, 0.006509333783519319, 0.012394396195120007]

cockpitcorridorsimple(1)[RotYccwZcorridorsimple(1)][RotYcwZcorridorsimple(2)]corridorgyros(2)corridorsimple(1)corridorgyros(1)corridorcargo(1)corridorreactors(1)thrusters
Fitness: [0.8350179944223195, 0.03955793951256234, 0.14684424490152106, 5.102583637431618e-05]

cockpitcorridorsimple(1)corridorsimple(1)corridorsimple(1)[RotYcwZcorridorsimple(2)]corridorcargo(1)corridorgyros(1)[RotYccwXcorridorsimple(1)corridorreactors(1)[RotYcwXcorridorsimple(1)thrusters(1)]thrusters(1)]thrusters
Fitness: [0.7331121926866588, 0.043057212590703504, 0.7007617208163963, 0.8086728880671094]

cockpitcorridorsimple(1)[RotYcwXcorridorsimple(1)]corridorreactors(1)corridorcargo(2)[RotYccwZcorridorsimple(1)corridorgyros(2)thrusters(1)]thrusters
Fitness: [0.8533568935729853, 0.06167975185323485, 0.9990672463904291, 0.4093804060671381]

cockpitcorridorsimple(1)corridorsimple(1)[RotYcwXcorridorsimple(1)]corridorgyros(2)corridorsimple(1)corridorcargo(2)corridorsimple(1)[RotYcwXcorridorsimple(1)]corridorsimple(1)corridorsimple(2)corridorreactors(1)thrusters
Fitness: [0.9324956154615819, 0.033336952892317986, 2.4508574315775598e-08, 0.008668232415041811]

cockpitcorridorsimple(1)[RotYccwXcorridorsimple(1)[RotYccwXcorridorsimple(1)thrusters(1)]corridorcargo(2)[RotYcwZcorridorsimple(1)[RotYccwXcorridorsimple(2)]corridorreactors(1)thrusters(1)]thrusters(1)]corridorgyros(1)corridorreactors(1)[RotYccwXcorridorsimple(1)[RotYccwXcorridorsimple(2)][RotYcwZcorridorsimple(1)corridorreactors(1)thrusters(1)]corridorcargo(2)[RotYcwZcorridorsimple(1)corridorreactors(1)thrusters(1)]thrusters(1)]corridorcargo(1)thrusters
Fitness: [0.754096647176104, 0.06438276041003567, 0.9971041564779684, 0.8538140555298656]