

cockpitcorridorsimple(1)corridorcargo(2)corridorsimple(1)corridorsimple(1)[RotYcwXcorridorsimple(1)]corridorsimple(1)corridorsimple(2)corridorsimple(1)corridorreactors(1)corridorgyros(2)thrusters
Fitness: [0.9468091149323992, 0.03929874116183952, 8.063995116748672e-05, 0.018886143763196694]

cockpitcorridorsimple(1)corridorgyros(2)corridorcargo(1)corridorcargo(1)[RotYccwXcorridorsimple(1)[RotYcwZcorridorsimple(2)]corridorsimple(1)corridorsimple(1)[RotYccwXcorridorsimple(1)corridorsimple(2)corridorreactors(1)corridorsimple(1)corridorsimple(1)[RotYccwXcorridorsimple(2)]thrusters(1)]corridorreactors(1)thrusters(1)]thrusters
Fitness: [0.8148402858609729, 0.03495028447642868, 0.8741242110040152, 0.8265466488845487]

cockpitcorridorsimple(1)corridorcargo(2)corridorcargo(1)[RotYccwXcorridorsimple(1)]corridorsimple(1)corridorgyros(1)corridorreactors(1)[RotYccwXcorridorsimple(1)]thrusters
Fitness: [0.8953717540822506, 0.05891704473396463, 0.006100720357806025, 0.06058700902338069]

cockpitcorridorsimple(1)[RotYccwXcorridorsimple(1)corridorgyros(1)corridorcargo(2)thrusters(1)][RotYcwZcorridorsimple(1)]corridorgyros(1)[RotYccwZcorridorsimple(1)][RotYccwXcorridorsimple(1)corridorcargo(2)thrusters(1)]corridorreactors(1)thrusters
Fitness: [0.7337115598779615, 0.08865504198385961, 0.9752253008236341, 0.9712602833571488]

cockpitcorridorsimple(1)[RotYcwZcorridorsimple(1)]corridorreactors(2)corridorsimple(1)[RotYccwXcorridorsimple(1)]corridorgyros(2)corridorcargo(1)thrusters
Fitness: [0.9900214004781452, 0.03724540156821272, 0.007092446894485516, 0.06535984827101647]

cockpitcorridorsimple(1)corridorcargo(1)corridorsimple(1)corridorgyros(1)corridorreactors(2)[RotYccwZcorridorsimple(2)]thrusters
Fitness: [0.9067392553404366, 0.04311578486224959, 0.2940261985842392, 0.011096692598497547]

cockpitcorridorsimple(1)corridorgyros(2)corridorreactors(2)corridorcargo(2)corridorcargo(2)thrusters
Fitness: [0.33976539057165733, 0.09903919690920562, 9.95906767906073e-06, 5.930558543293861e-14]

cockpitcorridorsimple(1)corridorreactors(1)corridorcargo(2)corridorgyros(1)corridorsimple(1)corridorcargo(2)[RotYccwXcorridorsimple(2)]corridorcargo(2)thrusters
Fitness: [0.9952732515007865, 0.11008784618790765, 0.0074066834678527165, 0.024122010739569506]

cockpitcorridorsimple(1)corridorsimple(1)corridorcargo(1)corridorsimple(1)corridorgyros(2)corridorsimple(1)corridorreactors(1)corridorcargo(1)thrusters
Fitness: [0.416540844469671, 0.056236321506441964, 0.00836730125352339, 0.00023622383971881123]

cockpitcorridorsimple(1)[RotYccwXcorridorsimple(2)]corridorgyros(2)corridorreactors(1)corridorcargo(2)thrusters
Fitness: [0.984303234806177, 0.05665439883443265, 0.10720624213832086, 0.09409964690472171]

cockpitcorridorsimple(1)corridorcargo(2)corridorreactors(2)corridorgyros(2)corridorcargo(2)thrusters
Fitness: [0.3405815722029715, 0.09718534489773517, 9.95906767906073e-06, 5.930558543293861e-14]

cockpitcorridorsimple(1)corridorgyros(2)corridorsimple(1)corridorreactors(1)[RotYcwXcorridorsimple(2)]corridorcargo(2)thrusters
Fitness: [0.9892866585579395, 0.05020788091297516, 0.06521057580393319, 0.07941692295649366]

cockpitcorridorsimple(1)corridorreactors(1)corridorgyros(2)[RotYccwZcorridorsimple(1)thrusters(1)]corridorcargo(1)thrusters
Fitness: [0.8259994690472668, 0.06382129271448014, 0.29854102972570823, 0.009476004146451915]

cockpitcorridorsimple(1)corridorsimple(2)corridorgyros(2)corridorcargo(1)corridorreactors(1)thrusters
Fitness: [0.3918128922269216, 0.052169209472588865, 0.005560488039234943, 0.014263325230548586]

cockpitcorridorsimple(1)corridorsimple(1)corridorreactors(1)corridorsimple(1)corridorsimple(1)[RotYcwZcorridorsimple(1)[RotYcwXcorridorsimple(1)][RotYccwXcorridorsimple(2)]corridorreactors(1)thrusters(1)]corridorcargo(2)[RotYccwXcorridorsimple(1)corridorgyros(2)[RotYcwZcorridorsimple(1)thrusters(1)]thrusters(1)]thrusters
Fitness: [0.47306860066000095, 0.04735573401674777, 0.9985503811149049, 0.9639327343806888]

cockpitcorridorsimple(1)[RotYccwZcorridorsimple(2)]corridorcargo(2)corridorsimple(1)corridorgyros(2)corridorreactors(2)corridorgyros(1)thrusters
Fitness: [0.7347923915646538, 0.047559028928388675, 0.007522087589483425, 7.902761431198592e-23]

cockpitcorridorsimple(1)[RotYcwXcorridorsimple(2)]corridorsimple(1)[RotYccwXcorridorsimple(2)]corridorreactors(2)corridorsimple(1)corridorgyros(1)corridorcargo(2)corridorcargo(2)thrusters
Fitness: [0.9164402088914906, 0.05595076652113701, 0.13162628272910787, 0.010431929588092925]

cockpitcorridorsimple(1)[RotYcwZcorridorsimple(1)]corridorreactors(1)corridorsimple(1)[RotYcwZcorridorsimple(2)][RotYccwZcorridorsimple(2)]corridorsimple(1)corridorgyros(2)[RotYccwZcorridorsimple(1)]corridorsimple(1)corridorcargo(1)corridorcargo(1)thrusters
Fitness: [0.9420271808858537, 0.03161662964883547, 0.13389757633849908, 6.563741357499322e-25]

cockpitcorridorsimple(1)corridorreactors(2)corridorcargo(2)[RotYcwXcorridorsimple(1)]corridorsimple(1)corridorsimple(2)corridorsimple(1)corridorgyros(2)[RotYccwXcorridorsimple(2)]thrusters
Fitness: [0.9603028448471077, 0.03497908133426792, 0.03753013819178547, 0.006615987831441842]

cockpitcorridorsimple(1)corridorgyros(2)[RotYcwXcorridorsimple(1)[RotYcwZcorridorsimple(2)]corridorreactors(2)thrusters(1)][RotYccwXcorridorsimple(1)[RotYcwXcorridorsimple(2)]corridorcargo(1)thrusters(1)]corridorreactors(1)thrusters
Fitness: [0.6320843250307264, 0.04393098966913434, 0.9945222048467368, 0.6679803271597502]