

cockpitcorridorsimple(1)[RotYcwZcorridorsimple(2)]corridorcargo(2)corridorcargo(1)corridorsimple(1)[RotYcwZcorridorsimple(2)]corridorreactors(1)corridorsimple(1)corridorsimple(1)corridorgyros(1)thrusters
Fitness: [0.5148650645546669, 0.025031742395534115, 0.04893259388560494, 1.7507888501828703e-12]

cockpitcorridorsimple(1)corridorgyros(1)corridorsimple(1)corridorreactors(1)corridorcargo(1)corridorcargo(1)thrusters
Fitness: [0.3865389631330281, 0.0880483428746536, 0.01831406549818676, 0.013206194408859893]

cockpitcorridorsimple(1)corridorgyros(1)corridorcargo(1)corridorsimple(1)corridorsimple(1)corridorsimple(2)corridorreactors(1)corridorcargo(2)[RotYcwXcorridorsimple(1)[RotYcwZcorridorsimple(2)]corridorgyros(2)corridorsimple(1)corridorcargo(1)[RotYcwXcorridorsimple(1)[RotYccwXcorridorsimple(1)]corridorsimple(1)[RotYccwZcorridorsimple(2)]corridorcargo(1)[RotYccwXcorridorsimple(1)]corridorsimple(1)corridorcargo(2)[RotYccwZcorridorsimple(1)corridorgyros(1)thrusters(1)]thrusters(1)]corridorsimple(1)corridorcargo(2)[RotYcwXcorridorsimple(1)]thrusters(1)]thrusters
Fitness: [0.4039572325573088, 0.05087839770540248, 0.8379298510944589, 0.9649883059001348]

cockpitcorridorsimple(1)corridorcargo(2)corridorreactors(1)corridorsimple(1)corridorgyros(1)corridorsimple(1)corridorreactors(1)[RotYccwZcorridorsimple(1)[RotYcwXcorridorsimple(1)]thrusters(1)]thrusters
Fitness: [0.8601856975858159, 0.05374378731091823, 0.25623697162469794, 0.0766700112745539]

cockpitcorridorsimple(1)[RotYcwXcorridorsimple(1)]corridorcargo(1)[RotYccwXcorridorsimple(1)]corridorsimple(1)corridorgyros(1)corridorreactors(2)corridorsimple(1)corridorgyros(2)corridorgyros(2)thrusters
Fitness: [0.9990103206852886, 0.0343226413398585, 0.006646188436978995, 0.016480228888276025]

cockpitcorridorsimple(1)corridorcargo(2)corridorgyros(1)corridorreactors(1)corridorsimple(1)[RotYccwZcorridorsimple(1)]corridorgyros(1)corridorcargo(2)thrusters
Fitness: [0.599706016087142, 0.07871586074210815, 0.00864115893363129, 5.930558543293861e-14]

cockpitcorridorsimple(1)corridorsimple(1)corridorcargo(2)corridorreactors(1)corridorgyros(1)thrusters
Fitness: [0.389005629799264, 0.08261729647863926, 0.01831406549818676, 0.013206194408859893]

cockpitcorridorsimple(1)[RotYcwXcorridorsimple(2)]corridorsimple(1)corridorcargo(1)[RotYcwXcorridorsimple(1)corridorgyros(1)thrusters(1)]corridorreactors(1)thrusters
Fitness: [0.9972162949229032, 0.045379550772209065, 0.5020800490457586, 0.37055071878135365]

cockpitcorridorsimple(1)corridorsimple(2)corridorcargo(2)corridorsimple(1)corridorgyros(1)corridorreactors(2)corridorcargo(1)thrusters
Fitness: [0.39343003439151075, 0.07080454306120822, 0.0005483069560686307, 7.579475411457073e-10]

cockpitcorridorsimple(1)[RotYcwZcorridorsimple(2)]corridorreactors(1)corridorgyros(1)corridorcargo(1)thrusters
Fitness: [0.6941326489556391, 0.04767099611420296, 0.36727135910987324, 0.02633863303220276]

cockpitcorridorsimple(1)corridorcargo(1)corridorgyros(1)corridorsimple(1)corridorreactors(2)corridorreactors(1)[RotYcwXcorridorsimple(1)corridorsimple(2)thrusters(1)]thrusters
Fitness: [0.9982096660611874, 0.048527935085530265, 0.1308266140620202, 0.05389910686574874]

cockpitcorridorsimple(1)[RotYcwZcorridorsimple(2)]corridorcargo(2)corridorcargo(1)[RotYccwZcorridorsimple(1)corridorreactors(1)corridorgyros(2)thrusters(1)]thrusters
Fitness: [0.9991098180036238, 0.06529079283993365, 0.9833641636000691, 0.018536740303657928]

cockpitcorridorsimple(1)corridorcargo(2)corridorreactors(1)[RotYcwXcorridorsimple(1)corridorgyros(2)thrusters(1)][RotYccwXcorridorsimple(1)thrusters(1)]thrusters
Fitness: [0.9370376177503356, 0.08753153581009496, 0.7428408456643788, 0.5201134269766985]

cockpitcorridorsimple(1)corridorsimple(2)corridorsimple(1)[RotYccwZcorridorsimple(1)]corridorcargo(1)corridorsimple(1)[RotYcwXcorridorsimple(1)]corridorsimple(1)corridorgyros(2)corridorsimple(1)corridorreactors(2)[RotYcwZcorridorsimple(1)]thrusters
Fitness: [0.9769800646775595, 0.026909068830435916, 0.006733952676576552, 0.008207531866243501]

cockpitcorridorsimple(1)corridorreactors(1)[RotYcwXcorridorsimple(1)]corridorcargo(2)corridorgyros(2)thrusters
Fitness: [0.8971727663311838, 0.05993364793518855, 0.004380677421034084, 0.09409964690472171]

cockpitcorridorsimple(1)corridorreactors(1)[RotYcwXcorridorsimple(1)thrusters(1)]corridorcargo(2)[RotYcwXcorridorsimple(1)corridorgyros(1)thrusters(1)]thrusters
Fitness: [0.9986854028722486, 0.08091830767589826, 0.45465100158180477, 0.28060419687296545]

cockpitcorridorsimple(1)corridorgyros(2)corridorsimple(1)corridorsimple(1)corridorsimple(1)[RotYccwXcorridorsimple(1)][RotYccwZcorridorsimple(2)]corridorsimple(1)corridorcargo(2)corridorreactors(2)[RotYccwXcorridorsimple(1)]thrusters
Fitness: [0.992459261346013, 0.03801872843126374, 0.006802639611578142, 0.01912805511776676]

cockpitcorridorsimple(1)corridorreactors(1)[RotYcwZcorridorsimple(1)]corridorsimple(1)corridorcargo(2)corridorsimple(1)corridorgyros(2)corridorcargo(1)thrusters
Fitness: [0.6066689121786298, 0.0635528098998142, 0.007092446894485516, 4.092842729638953e-11]

cockpitcorridorsimple(1)corridorcargo(2)corridorsimple(1)corridorgyros(2)[RotYccwZcorridorsimple(1)[RotYcwXcorridorsimple(1)]thrusters(1)]corridorreactors(2)thrusters
Fitness: [0.8823924084799158, 0.05397368598967284, 0.2162506532393784, 0.06535984827101647]

cockpitcorridorsimple(1)[RotYcwXcorridorsimple(1)]corridorsimple(1)corridorgyros(1)corridorcargo(1)corridorsimple(1)[RotYccwXcorridorsimple(1)][RotYccwZcorridorsimple(2)]corridorsimple(1)[RotYcwXcorridorsimple(2)]corridorsimple(1)corridorreactors(1)thrusters
Fitness: [0.7668514201743025, 0.02492410381193812, 0.13078063509345203, 0.43921449131290197]