

cockpitcorridorsimple(1)[RotYcwZcorridorsimple(2)]corridorsimple(1)[RotYcwXcorridorsimple(2)]corridorcargo(2)corridorsimple(1)corridorreactors(2)corridorgyros(2)corridorsimple(1)corridorsimple(1)[RotYccwXcorridorsimple(2)]thrusters
Fitness: [0.9999367704072619, 0.015250571317115151, 0.09301891287489264, 0.09630055333561004]

cockpitcorridorsimple(1)[RotYcwZcorridorsimple(1)][RotYccwXcorridorsimple(2)]corridorsimple(1)corridorreactors(2)[RotYccwXcorridorsimple(2)]corridorsimple(1)corridorgyros(1)corridorcargo(1)[RotYcwXcorridorsimple(2)]thrusters
Fitness: [0.8422457767692181, 0.02599616648236283, 0.16086815423999987, 0.11255353822559776]

cockpitcorridorsimple(1)corridorcargo(1)[RotYccwXcorridorsimple(1)[RotYccwXcorridorsimple(1)]corridorreactors(1)[RotYccwXcorridorsimple(1)corridorcargo(2)[RotYcwXcorridorsimple(1)]corridorreactors(1)[RotYccwXcorridorsimple(1)]thrusters(1)]thrusters(1)]corridorcargo(1)corridorgyros(1)[RotYccwXcorridorsimple(1)thrusters(1)]thrusters
Fitness: [0.9292317375497198, 0.05830559850086621, 0.5225685502945706, 0.031882498388464894]

cockpitcorridorsimple(1)corridorreactors(2)corridorcargo(1)corridorsimple(1)[RotYcwZcorridorsimple(1)]corridorgyros(2)corridorsimple(1)corridorsimple(2)corridorcargo(1)corridorgyros(2)thrusters
Fitness: [0.6018617863205158, 0.041438609607084814, 1.7644059919465964e-06, 2.2502438799308815e-68]

cockpitcorridorsimple(1)corridorcargo(1)corridorreactors(1)corridorgyros(1)[RotYcwXcorridorsimple(1)corridorreactors(1)corridorsimple(1)corridorgyros(1)thrusters(1)]thrusters
Fitness: [0.9524840770310373, 0.05283552860389384, 0.9420462865254924, 0.4192680122431562]

cockpitcorridorsimple(1)corridorgyros(1)corridorcargo(2)corridorreactors(2)corridorsimple(1)corridorsimple(2)corridorcargo(2)corridorcargo(2)thrusters
Fitness: [0.4024820524216191, 0.10803636991160974, 2.1091256854601184e-20, 1.548843146029984e-39]

cockpitcorridorsimple(1)corridorreactors(1)corridorcargo(1)corridorcargo(1)[RotYcwXcorridorsimple(1)corridorgyros(1)corridorreactors(1)thrusters(1)]thrusters
Fitness: [0.9789927588412277, 0.07794303501231051, 0.9844714593870623, 0.5201134269766985]

cockpitcorridorsimple(1)[RotYcwZcorridorsimple(2)]corridorreactors(1)corridorcargo(2)corridorgyros(2)thrusters
Fitness: [0.7234884448977642, 0.05665439883443265, 0.13069877047334105, 0.011096692598497547]

cockpitcorridorsimple(1)[RotYccwXcorridorsimple(1)]corridorcargo(2)corridorsimple(1)[RotYccwZcorridorsimple(2)]corridorsimple(1)corridorgyros(2)corridorsimple(1)corridorcargo(1)corridorcargo(2)corridorsimple(1)[RotYccwZcorridorsimple(2)]corridorsimple(1)corridorreactors(1)thrusters
Fitness: [0.9820355710984209, 0.04655897193745675, 0.00793060872030556, 0.018536740303657928]

cockpitcorridorsimple(1)corridorreactors(1)corridorsimple(1)corridorsimple(2)corridorreactors(2)corridorsimple(1)corridorgyros(2)[RotYcwZcorridorsimple(2)]corridorcargo(2)thrusters
Fitness: [0.7616866516875354, 0.04075253796265576, 0.008622867405250298, 3.143169978454339e-48]

cockpitcorridorsimple(1)[RotYccwXcorridorsimple(2)]corridorcargo(2)corridorsimple(1)corridorreactors(2)[RotYcwXcorridorsimple(1)thrusters(1)]corridorgyros(1)thrusters
Fitness: [0.9693024159593037, 0.05273051226897342, 0.13875970896527412, 0.04292560690705777]

cockpitcorridorsimple(1)[RotYccwZcorridorsimple(2)]corridorgyros(2)corridorsimple(1)[RotYcwXcorridorsimple(1)]corridorcargo(2)corridorreactors(1)thrusters
Fitness: [0.9907379189178723, 0.042177530959049775, 0.09651385974822223, 0.08149258743442138]

cockpitcorridorsimple(1)corridorreactors(1)corridorcargo(2)corridorgyros(1)[RotYccwXcorridorsimple(1)corridorgyros(1)[RotYccwXcorridorsimple(2)]corridorsimple(1)[RotYcwZcorridorsimple(1)thrusters(1)]thrusters(1)]thrusters
Fitness: [0.7696488528633397, 0.054990113501040536, 0.9950162654557659, 0.7291197545075502]

cockpitcorridorsimple(1)[RotYccwXcorridorsimple(2)]corridorcargo(2)corridorreactors(1)corridorsimple(1)corridorgyros(2)corridorsimple(1)corridorcargo(1)[RotYccwXcorridorsimple(1)thrusters(1)]thrusters
Fitness: [0.9855688846213959, 0.056667287306444956, 0.0074066834678527165, 0.024122010739569506]

cockpitcorridorsimple(1)corridorreactors(1)corridorsimple(1)corridorgyros(1)corridorcargo(2)corridorsimple(1)[RotYccwZcorridorsimple(1)][RotYccwXcorridorsimple(1)]corridorsimple(1)corridorreactors(2)corridorsimple(1)[RotYccwXcorridorsimple(2)]thrusters
Fitness: [0.9871845755223826, 0.03440355639596542, 0.008227859074151042, 0.04787552609803539]

cockpitcorridorsimple(1)corridorgyros(1)corridorreactors(1)corridorcargo(1)[RotYccwZcorridorsimple(1)[RotYccwXcorridorsimple(1)]corridorcargo(1)[RotYccwZcorridorsimple(1)[RotYcwXcorridorsimple(2)]corridorsimple(1)corridorreactors(1)corridorsimple(1)[RotYccwXcorridorsimple(2)][RotYcwXcorridorsimple(1)thrusters(1)]thrusters(1)][RotYccwXcorridorsimple(1)]thrusters(1)]thrusters
Fitness: [0.7130237494852232, 0.042050175347207654, 0.981916252996588, 0.9776827898153936]

cockpitcorridorsimple(1)corridorcargo(1)corridorreactors(2)corridorsimple(1)[RotYccwZcorridorsimple(1)]corridorgyros(2)corridorsimple(1)corridorcargo(1)[RotYcwZcorridorsimple(2)]corridorsimple(1)corridorsimple(1)[RotYccwXcorridorsimple(1)]thrusters
Fitness: [0.9280782141968582, 0.032767469149129425, 0.009876836934485073, 0.009692586842444137]

cockpitcorridorsimple(1)[RotYccwXcorridorsimple(1)[RotYcwXcorridorsimple(1)]corridorcargo(2)thrusters(1)]corridorreactors(1)corridorgyros(1)[RotYccwXcorridorsimple(1)[RotYcwXcorridorsimple(1)]corridorcargo(2)thrusters(1)]thrusters
Fitness: [0.9951967823327008, 0.07022032158906562, 0.972078385749811, 0.32408067898789034]

cockpitcorridorsimple(1)corridorcargo(2)corridorsimple(1)corridorcargo(2)corridorreactors(2)corridorgyros(1)thrusters
Fitness: [0.3624513047902411, 0.10428710195492949, 0.0014058962706711166, 1.1124258141369435e-08]

cockpitcorridorsimple(1)corridorsimple(1)corridorsimple(1)corridorsimple(1)corridorgyros(2)corridorsimple(1)corridorsimple(1)corridorreactors(1)corridorsimple(1)corridorsimple(1)corridorsimple(1)corridorsimple(1)corridorcargo(2)corridorcargo(2)[RotYcwXcorridorsimple(1)]thrusters
Fitness: [0.9595953664372043, 0.04640970564621531, 2.0469055858006365e-27, 0.010472466259688881]