

cockpitcorridorsimple(1)corridorcargo(1)[RotYcwZcorridorsimple(2)]corridorreactors(1)[RotYcwZcorridorsimple(1)corridorgyros(2)thrusters(1)]thrusters
Fitness: [0.8497444549170091, 0.04637569038778528, 0.9536230999050879, 0.03493779235080846]

cockpitcorridorsimple(1)corridorgyros(2)corridorreactors(2)corridorsimple(1)[RotYcwXcorridorsimple(2)]corridorreactors(1)[RotYccwZcorridorsimple(1)corridorcargo(1)corridorcargo(1)thrusters(1)]thrusters
Fitness: [0.6719834847553648, 0.04980309042014479, 0.3537440136727806, 0.11917253426764352]

cockpitcorridorsimple(1)corridorcargo(2)corridorcargo(2)corridorreactors(1)corridorsimple(1)corridorsimple(1)[RotYcwZcorridorsimple(2)]corridorgyros(1)thrusters
Fitness: [0.7804494048384087, 0.07332134904596614, 0.0841103361259418, 1.1124258141369435e-08]

cockpitcorridorsimple(1)[RotYccwXcorridorsimple(1)corridorgyros(1)corridorreactors(2)thrusters(1)]corridorgyros(1)corridorcargo(1)corridorsimple(1)[RotYccwXcorridorsimple(1)corridorsimple(1)[RotYcwZcorridorsimple(1)]corridorgyros(1)corridorreactors(2)thrusters(1)]corridorsimple(1)corridorsimple(2)corridorcargo(1)[RotYccwXcorridorsimple(1)corridorgyros(1)corridorreactors(2)thrusters(1)]thrusters
Fitness: [0.8838364056277553, 0.0417218085537331, 0.9960266853567018, 0.18290391688730018]

cockpitcorridorsimple(1)corridorreactors(2)corridorcargo(1)[RotYccwZcorridorsimple(1)]corridorsimple(1)corridorgyros(2)corridorsimple(1)[RotYccwZcorridorsimple(2)]corridorreactors(2)thrusters
Fitness: [0.7007767793452622, 0.03438453527018096, 0.007539821776724878, 1.5532325420107334e-54]

cockpitcorridorsimple(1)corridorreactors(2)corridorsimple(1)corridorcargo(1)corridorcargo(2)corridorsimple(1)corridorsimple(2)corridorgyros(2)corridorgyros(2)thrusters
Fitness: [0.38530206764388125, 0.05424084792916248, 1.667433298142966e-39, 2.2502438799308815e-68]

cockpitcorridorsimple(1)corridorcargo(2)corridorsimple(1)corridorreactors(2)corridorcargo(1)corridorsimple(1)[RotYccwXcorridorsimple(2)][RotYccwZcorridorsimple(1)thrusters(1)]corridorgyros(1)thrusters
Fitness: [0.9724325218222803, 0.0675677870734899, 0.003205045513873502, 0.17183834553254557]

cockpitcorridorsimple(1)corridorsimple(2)corridorsimple(1)corridorcargo(1)corridorreactors(2)corridorgyros(1)thrusters
Fitness: [0.38330735926945764, 0.046546216731506274, 0.006996013977378512, 0.011096692598497547]

cockpitcorridorsimple(1)corridorgyros(2)corridorsimple(1)[RotYccwZcorridorsimple(1)[RotYcwXcorridorsimple(2)]thrusters(1)]corridorcargo(1)[RotYcwXcorridorsimple(1)corridorsimple(1)corridorreactors(2)[RotYcwXcorridorsimple(1)]thrusters(1)]thrusters
Fitness: [0.6090367685758541, 0.03795621371432429, 0.9411010464651989, 0.9333029471572525]

cockpitcorridorsimple(1)corridorcargo(1)[RotYcwZcorridorsimple(1)corridorgyros(1)thrusters(1)]corridorsimple(1)corridorsimple(1)corridorsimple(1)[RotYccwZcorridorsimple(1)][RotYcwXcorridorsimple(1)corridorreactors(1)thrusters(1)][RotYcwZcorridorsimple(2)]thrusters
Fitness: [0.7539596315573001, 0.04773822909319403, 0.9364318128972277, 0.9504531549467692]

cockpitcorridorsimple(1)corridorcargo(2)corridorgyros(2)corridorsimple(1)[RotYcwXcorridorsimple(1)][RotYccwXcorridorsimple(1)][RotYcwZcorridorsimple(1)[RotYccwXcorridorsimple(1)]corridorreactors(2)thrusters(1)]thrusters
Fitness: [0.6639955286961979, 0.05148917450960206, 0.9696764671200485, 0.7922590057528078]

cockpitcorridorsimple(1)corridorcargo(1)corridorreactors(1)corridorgyros(1)corridorsimple(1)corridorsimple(1)[RotYcwXcorridorsimple(2)][RotYcwZcorridorsimple(1)][RotYccwXcorridorsimple(1)thrusters(1)]thrusters
Fitness: [0.8982898585873331, 0.048875651783279773, 0.4349286323215954, 0.6171155943340081]

cockpitcorridorsimple(1)[RotYccwXcorridorsimple(2)]corridorsimple(1)[RotYccwXcorridorsimple(1)corridorsimple(2)[RotYccwXcorridorsimple(1)corridorsimple(1)corridorreactors(2)corridorgyros(1)thrusters(1)]corridorreactors(2)corridorgyros(1)thrusters(1)]corridorcargo(2)[RotYccwXcorridorsimple(1)corridorsimple(1)corridorreactors(2)corridorgyros(1)thrusters(1)]thrusters
Fitness: [0.9492957740518364, 0.04270843800971699, 0.979948333413072, 0.04292560690705777]

cockpitcorridorsimple(1)corridorcargo(1)corridorgyros(1)[RotYcwXcorridorsimple(1)]corridorreactors(2)thrusters
Fitness: [0.870936960829837, 0.05131630197004337, 0.011270790138899185, 0.1325367938389053]

cockpitcorridorsimple(1)corridorsimple(2)corridorsimple(1)corridorcargo(1)corridorcargo(1)corridorsimple(1)corridorreactors(1)corridorgyros(1)corridorsimple(1)corridorcargo(1)corridorcargo(1)thrusters
Fitness: [0.45538814205572437, 0.07885484003456572, 9.95906767906073e-06, 5.930558543293861e-14]

cockpitcorridorsimple(1)corridorsimple(2)corridorgyros(1)corridorsimple(1)corridorcargo(2)corridorreactors(2)corridorreactors(1)thrusters
Fitness: [0.35518992163440694, 0.05766870449145254, 9.95906767906073e-06, 5.930558543293861e-14]

cockpitcorridorsimple(1)[RotYccwZcorridorsimple(1)]corridorcargo(2)corridorgyros(1)corridorreactors(1)thrusters
Fitness: [0.5666099222053642, 0.0704319652312831, 0.1315648786657309, 0.0071132090055893585]

cockpitcorridorsimple(1)[RotYccwZcorridorsimple(2)]corridorsimple(1)corridorgyros(2)[RotYcwXcorridorsimple(1)thrusters(1)]corridorsimple(1)corridorcargo(1)corridorsimple(1)[RotYcwZcorridorsimple(1)]corridorsimple(1)[RotYccwZcorridorsimple(2)]corridorsimple(1)corridorreactors(2)thrusters
Fitness: [0.9089246507169929, 0.027236912336003602, 0.0037985226691869024, 0.017398530972988574]

cockpitcorridorsimple(1)corridorreactors(1)[RotYccwXcorridorsimple(2)]corridorcargo(1)corridorgyros(1)thrusters
Fitness: [0.9758340913803648, 0.04919687123975108, 0.20653853342013975, 0.4192680122431562]

cockpitcorridorsimple(1)[RotYccwXcorridorsimple(1)]corridorcargo(1)corridorgyros(2)corridorsimple(1)[RotYccwXcorridorsimple(1)][RotYcwXcorridorsimple(2)]corridorreactors(2)thrusters
Fitness: [0.99121338952297, 0.03439652085959817, 0.1312840493112149, 0.03633856125751304]