

cockpitcorridorsimple(1)corridorcargo(1)[RotYcwZcorridorsimple(2)]corridorgyros(2)[RotYcwZcorridorsimple(1)corridorgyros(2)corridorreactors(2)corridorsimple(1)[RotYccwXcorridorsimple(1)]thrusters(1)]thrusters
Fitness: [0.7797996941137016, 0.03503621735046352, 0.9918415115484038, 0.09463372885428799]

cockpitcorridorsimple(1)corridorcargo(1)corridorcargo(2)corridorgyros(1)[RotYcwXcorridorsimple(1)corridorcargo(1)corridorsimple(1)corridorreactors(1)thrusters(1)]thrusters
Fitness: [0.9379992306942918, 0.10865969119672704, 0.9945222048467368, 0.32408067898789034]

cockpitcorridorsimple(1)corridorreactors(2)corridorgyros(1)corridorgyros(2)corridorsimple(1)[RotYccwZcorridorsimple(1)]corridorcargo(1)[RotYcwZcorridorsimple(1)thrusters(1)]thrusters
Fitness: [0.7692227249529654, 0.04481802844190958, 0.030305685717600284, 7.902761431198592e-23]

cockpitcorridorsimple(1)corridorsimple(2)[RotYcwZcorridorsimple(1)thrusters(1)]corridorreactors(2)corridorsimple(1)corridorcargo(2)corridorgyros(2)[RotYccwXcorridorsimple(1)]thrusters
Fitness: [0.9999770739824034, 0.04936614851172518, 0.005927442257858438, 0.02633863303220276]

cockpitcorridorsimple(1)corridorcargo(1)[RotYcwXcorridorsimple(1)corridorcargo(1)corridorcargo(1)[RotYcwXcorridorsimple(1)thrusters(1)]corridorgyros(2)thrusters(1)]corridorreactors(1)[RotYcwXcorridorsimple(1)corridorcargo(1)[RotYcwXcorridorsimple(2)]corridorgyros(2)thrusters(1)]thrusters
Fitness: [0.9973610678483393, 0.06263865832448386, 0.9925163312289281, 0.17594725491649152]

cockpitcorridorsimple(1)corridorcargo(2)corridorgyros(1)corridorcargo(2)corridorreactors(1)[RotYcwXcorridorsimple(1)[RotYcwXcorridorsimple(2)]corridorcargo(1)thrusters(1)]thrusters
Fitness: [0.9830628620516815, 0.09445763200657842, 0.3363803164283509, 0.07941692295649366]

cockpitcorridorsimple(1)corridorreactors(2)[RotYccwZcorridorsimple(1)]corridorgyros(1)corridorcargo(1)thrusters
Fitness: [0.7818018022098748, 0.04998498575498016, 0.2028704276898189, 0.014263325230548586]

cockpitcorridorsimple(1)[RotYccwZcorridorsimple(2)]corridorgyros(2)corridorsimple(1)corridorreactors(2)corridorsimple(1)corridorcargo(1)corridorcargo(1)thrusters
Fitness: [0.7466756910980318, 0.04687242865313922, 0.030305685717600284, 1.5902460374080163e-15]

cockpitcorridorsimple(1)[RotYcwZcorridorsimple(1)]corridorcargo(2)corridorsimple(1)[RotYcwZcorridorsimple(1)]corridorreactors(1)corridorsimple(1)corridorgyros(2)[RotYcwXcorridorsimple(2)][RotYccwZcorridorsimple(2)]thrusters
Fitness: [0.7311881360277066, 0.032266535976778046, 0.14242739838301868, 0.11136815394994058]

cockpitcorridorsimple(1)[RotYccwXcorridorsimple(1)corridorsimple(1)corridorsimple(1)thrusters(1)][RotYccwZcorridorsimple(1)[RotYcwZcorridorsimple(2)]corridorcargo(1)corridorsimple(1)[RotYcwXcorridorsimple(2)]thrusters(1)][RotYcwXcorridorsimple(1)[RotYccwZcorridorsimple(1)]corridorreactors(1)thrusters(1)]corridorsimple(1)corridorsimple(1)corridorcargo(2)corridorgyros(1)[RotYcwZcorridorsimple(1)[RotYccwXcorridorsimple(2)]thrusters(1)]thrusters
Fitness: [0.4115649389940088, 0.040771272505436294, 0.7740306143173433, 0.4648573953504332]

cockpitcorridorsimple(1)corridorgyros(1)corridorsimple(1)[RotYcwXcorridorsimple(2)]corridorsimple(1)corridorreactors(1)[RotYcwZcorridorsimple(2)][RotYcwXcorridorsimple(1)corridorcargo(1)thrusters(1)]thrusters
Fitness: [0.9206374657609604, 0.037200239240772225, 0.25623697162469794, 0.8086728880671094]

cockpitcorridorsimple(1)[RotYccwXcorridorsimple(1)]corridorsimple(1)corridorgyros(2)[RotYcwXcorridorsimple(1)[RotYccwXcorridorsimple(1)corridorreactors(1)corridorcargo(2)thrusters(1)]thrusters(1)][RotYccwXcorridorsimple(1)corridorcargo(2)corridorreactors(1)corridorcargo(2)thrusters(1)]thrusters
Fitness: [0.7043106264329448, 0.08964983785813195, 0.9071381495162179, 0.03633856125751304]

cockpitcorridorsimple(1)corridorsimple(1)corridorgyros(1)corridorsimple(1)corridorcargo(2)[RotYccwZcorridorsimple(1)thrusters(1)]corridorreactors(1)thrusters
Fitness: [0.7738084045622601, 0.0694980503777543, 0.1318305595951511, 0.016480228888276025]

cockpitcorridorsimple(1)[RotYccwXcorridorsimple(2)]corridorgyros(1)corridorsimple(1)[RotYccwZcorridorsimple(1)][RotYcwXcorridorsimple(2)]corridorsimple(1)corridorreactors(2)[RotYcwXcorridorsimple(2)]corridorcargo(1)thrusters
Fitness: [0.8428619301954187, 0.026838705358769283, 0.16086815423999987, 0.11255353822559776]

cockpitcorridorsimple(1)corridorreactors(2)[RotYccwZcorridorsimple(1)thrusters(1)][RotYccwXcorridorsimple(2)]corridorsimple(1)corridorgyros(1)[RotYcwXcorridorsimple(1)]corridorcargo(1)thrusters
Fitness: [0.7242361540370499, 0.04342843988357103, 0.1572933234739453, 0.7439768010150618]

cockpitcorridorsimple(1)[RotYcwXcorridorsimple(2)][RotYcwZcorridorsimple(1)thrusters(1)]corridorsimple(1)corridorreactors(1)corridorsimple(1)[RotYccwZcorridorsimple(1)][RotYcwZcorridorsimple(2)][RotYcwXcorridorsimple(1)corridorcargo(2)thrusters(1)]corridorgyros(1)[RotYcwZcorridorsimple(1)corridorcargo(1)[RotYcwZcorridorsimple(2)]corridorsimple(1)corridorcargo(1)thrusters(1)]thrusters
Fitness: [0.5873728102220641, 0.052290241101883225, 0.9969081587601235, 0.9747140461929908]

cockpitcorridorsimple(1)corridorgyros(1)[RotYcwXcorridorsimple(1)]corridorsimple(1)[RotYcwXcorridorsimple(1)]corridorcargo(1)corridorreactors(2)thrusters
Fitness: [0.8677938630547761, 0.037861070112946586, 0.008252050023963169, 0.07374016960770292]

cockpitcorridorsimple(1)corridorreactors(1)corridorreactors(1)corridorcargo(1)corridorgyros(1)thrusters
Fitness: [0.3014810329162296, 0.06692582232781263, 0.01831406549818676, 0.013206194408859893]

cockpitcorridorsimple(1)[RotYccwZcorridorsimple(2)][RotYccwXcorridorsimple(1)corridorreactors(2)thrusters(1)]corridorcargo(1)[RotYccwXcorridorsimple(1)corridorreactors(2)thrusters(1)]corridorgyros(1)thrusters
Fitness: [0.9541210573534652, 0.051443052626502686, 0.9166398124754943, 0.9909555298906021]

cockpitcorridorsimple(1)corridorcargo(1)corridorsimple(1)corridorsimple(1)corridorreactors(1)corridorsimple(1)corridorcargo(2)corridorcargo(1)corridorgyros(1)thrusters
Fitness: [0.43180551320256294, 0.09460535101059564, 0.005117278374121828, 1.1953649303108646e-06]