

cockpitcorridorsimple(1)corridorcargo(1)[RotYcwXcorridorsimple(1)corridorreactors(2)corridorgyros(2)thrusters(1)]corridorsimple(1)[RotYcwXcorridorsimple(1)[RotYccwZcorridorsimple(1)]corridorcargo(2)corridorcargo(2)corridorcargo(2)thrusters(1)]corridorcargo(2)corridorgyros(1)corridorcargo(1)[RotYcwXcorridorsimple(1)corridorcargo(2)corridorcargo(2)corridorcargo(2)thrusters(1)]thrusters
Fitness: [0.8663766292144233, 0.1362369334004217, 0.9434704440594188, 0.16307317816010927]

cockpitcorridorsimple(1)corridorcargo(2)corridorgyros(1)corridorgyros(2)corridorsimple(1)[RotYcwZcorridorsimple(2)]corridorsimple(1)corridorgyros(1)corridorreactors(1)thrusters
Fitness: [0.7652256399580057, 0.04277469898110147, 0.003638559953276977, 4.310423127020184e-27]

cockpitcorridorsimple(1)[RotYcwXcorridorsimple(2)]corridorreactors(2)corridorcargo(2)[RotYccwXcorridorsimple(1)corridorreactors(1)corridorcargo(2)corridorgyros(2)thrusters(1)][RotYcwZcorridorsimple(1)[RotYcwXcorridorsimple(1)]corridorsimple(2)corridorgyros(1)thrusters(1)]thrusters
Fitness: [0.37512392507414394, 0.05550233436513289, 0.8990134999073037, 0.9008955653508579]

cockpitcorridorsimple(1)corridorsimple(1)[RotYcwZcorridorsimple(1)]corridorcargo(2)[RotYcwXcorridorsimple(1)[RotYcwXcorridorsimple(1)[RotYccwZcorridorsimple(1)][RotYcwZcorridorsimple(1)[RotYccwZcorridorsimple(1)]corridorsimple(2)thrusters(1)]corridorreactors(2)[RotYccwZcorridorsimple(1)]thrusters(1)]corridorreactors(2)[RotYcwZcorridorsimple(1)corridorcargo(1)thrusters(1)]thrusters(1)]corridorsimple(1)[RotYccwXcorridorsimple(1)][RotYccwZcorridorsimple(1)]corridorgyros(1)[RotYcwXcorridorsimple(1)[RotYccwZcorridorsimple(1)][RotYcwZcorridorsimple(1)corridorsimple(1)thrusters(1)]corridorreactors(2)[RotYccwZcorridorsimple(1)thrusters(1)]thrusters(1)]thrusters
Fitness: [0.4719682030487071, 0.040892046740429885, 0.9710429297958488, 0.9971223056853572]

cockpitcorridorsimple(1)[RotYcwXcorridorsimple(1)]corridorcargo(1)corridorsimple(1)corridorgyros(1)corridorreactors(2)[RotYcwXcorridorsimple(1)[RotYcwZcorridorsimple(1)]corridorsimple(1)[RotYccwXcorridorsimple(2)]thrusters(1)]thrusters
Fitness: [0.8048747058211294, 0.03243700655382861, 0.35588048227837477, 0.14633344362911269]

cockpitcorridorsimple(1)corridorgyros(1)corridorsimple(1)[RotYccwXcorridorsimple(1)]corridorcargo(2)[RotYcwXcorridorsimple(1)[RotYccwXcorridorsimple(1)][RotYcwXcorridorsimple(1)]corridorreactors(1)thrusters(1)]thrusters
Fitness: [0.9129800565586161, 0.04727774412352829, 0.9527595370618189, 0.15157603745550613]

cockpitcorridorsimple(1)corridorcargo(1)corridorcargo(2)corridorsimple(1)corridorgyros(1)corridorgyros(1)[RotYccwZcorridorsimple(1)corridorreactors(2)thrusters(1)]thrusters
Fitness: [1.0000132987723291, 0.07323563829740366, 0.8910751101282391, 0.0008700286461355623]

cockpitcorridorsimple(1)[RotYccwZcorridorsimple(2)][RotYccwXcorridorsimple(1)thrusters(1)][RotYcwXcorridorsimple(1)corridorcargo(2)thrusters(1)]corridorsimple(1)corridorgyros(1)corridorreactors(2)corridorcargo(1)thrusters
Fitness: [0.6894329908162078, 0.07580007056616313, 0.7007617208163963, 0.7291197545075502]

cockpitcorridorsimple(1)corridorcargo(2)corridorreactors(2)corridorcargo(1)[RotYccwZcorridorsimple(1)][RotYcwXcorridorsimple(1)corridorgyros(1)[RotYccwZcorridorsimple(1)]thrusters(1)]thrusters
Fitness: [0.7015883612921874, 0.06811541155522957, 0.5380172584428852, 0.7739201507317073]

cockpitcorridorsimple(1)corridorgyros(1)[RotYccwXcorridorsimple(2)]corridorreactors(2)[RotYcwXcorridorsimple(1)corridorreactors(1)thrusters(1)]corridorsimple(1)[RotYcwXcorridorsimple(2)]corridorcargo(1)corridorsimple(1)corridorreactors(2)[RotYcwXcorridorsimple(1)[RotYcwZcorridorsimple(2)]corridorreactors(1)thrusters(1)]corridorgyros(1)[RotYccwZcorridorsimple(1)corridorsimple(2)[RotYccwZcorridorsimple(1)]thrusters(1)]thrusters
Fitness: [0.36840474856965083, 0.031280215415973485, 0.16746783104590432, 0.752342912026911]

cockpitcorridorsimple(1)corridorsimple(1)corridorsimple(1)corridorsimple(1)[RotYccwXcorridorsimple(1)corridorgyros(1)corridorreactors(2)thrusters(1)]corridorcargo(2)corridorreactors(1)[RotYccwXcorridorsimple(1)corridorsimple(2)corridorsimple(1)[RotYcwZcorridorsimple(1)]corridorcargo(2)thrusters(1)]thrusters
Fitness: [0.8489291160390716, 0.05592073272908171, 0.9985503811149049, 0.3946745494660872]

cockpitcorridorsimple(1)[RotYcwXcorridorsimple(2)]corridorsimple(1)corridorsimple(1)corridorsimple(2)corridorcargo(2)[RotYccwZcorridorsimple(1)corridorcargo(2)corridorgyros(1)thrusters(1)][RotYccwXcorridorsimple(1)[RotYcwXcorridorsimple(1)corridorcargo(2)thrusters(1)][RotYccwZcorridorsimple(1)corridorgyros(1)thrusters(1)]corridorreactors(1)thrusters(1)]thrusters
Fitness: [0.4194744944049441, 0.08650797256688081, 0.6804691740143985, 0.9258292050520084]

cockpitcorridorsimple(1)corridorreactors(2)corridorcargo(2)corridorsimple(1)[RotYcwZcorridorsimple(1)thrusters(1)][RotYccwZcorridorsimple(2)][RotYcwXcorridorsimple(1)corridorsimple(1)[RotYcwZcorridorsimple(1)[RotYccwXcorridorsimple(2)]thrusters(1)][RotYcwXcorridorsimple(2)]corridorsimple(1)corridorgyros(2)thrusters(1)]thrusters
Fitness: [0.49039575186378515, 0.044593819883308905, 0.9945222048467368, 0.9987557168292556]

cockpitcorridorsimple(1)corridorsimple(1)corridorgyros(1)corridorreactors(2)corridorcargo(1)[RotYcwXcorridorsimple(1)[RotYcwZcorridorsimple(2)]corridorsimple(1)corridorcargo(1)corridorsimple(1)[RotYcwXcorridorsimple(2)][RotYcwZcorridorsimple(1)corridorcargo(2)corridorgyros(2)thrusters(1)]thrusters(1)]thrusters
Fitness: [0.43164117937430646, 0.052966761328263064, 0.9764204697623455, 0.7059366437284252]

cockpitcorridorsimple(1)[RotYcwZcorridorsimple(1)]corridorgyros(1)corridorcargo(1)corridorgyros(1)[RotYcwXcorridorsimple(1)corridorsimple(1)[RotYcwXcorridorsimple(1)corridorsimple(1)corridorreactors(1)corridorreactors(1)thrusters(1)]corridorreactors(1)thrusters(1)]thrusters
Fitness: [0.9731318796680167, 0.04333838695525593, 0.9573432384155098, 0.6794624762032151]

cockpitcorridorsimple(1)corridorcargo(1)corridorgyros(1)[RotYccwZcorridorsimple(2)]corridorreactors(1)corridorsimple(1)[RotYcwZcorridorsimple(1)]corridorcargo(1)[RotYccwZcorridorsimple(1)[RotYccwXcorridorsimple(1)[RotYcwXcorridorsimple(1)][RotYccwXcorridorsimple(1)]corridorcargo(1)thrusters(1)]corridorreactors(1)corridorgyros(1)thrusters(1)][RotYccwXcorridorsimple(1)[RotYcwXcorridorsimple(1)][RotYccwXcorridorsimple(2)]corridorcargo(1)thrusters(1)]thrusters
Fitness: [0.5589536312966251, 0.04762235794119548, 0.9473243154923763, 0.8347388587602458]

cockpitcorridorsimple(1)corridorcargo(2)corridorsimple(1)corridorreactors(1)[RotYccwXcorridorsimple(1)corridorgyros(1)thrusters(1)][RotYcwXcorridorsimple(1)]thrusters
Fitness: [0.966244979356951, 0.07275975685323925, 0.8536251133095577, 0.37055071878135365]

cockpitcorridorsimple(1)[RotYccwXcorridorsimple(2)]corridorreactors(2)corridorcargo(1)corridorgyros(1)thrusters
Fitness: [0.973615225267966, 0.04512028165777754, 0.1316418377834204, 0.1325367938389053]

cockpitcorridorsimple(1)[RotYcwZcorridorsimple(1)][RotYcwXcorridorsimple(1)corridorreactors(1)corridorcargo(2)thrusters(1)]corridorgyros(2)corridorcargo(1)[RotYcwXcorridorsimple(1)corridorreactors(2)thrusters(1)]thrusters
Fitness: [0.9570000273457832, 0.06944089139376171, 0.9990672463904291, 0.6794624762032151]

cockpitcorridorsimple(1)corridorreactors(1)corridorsimple(1)corridorcargo(2)corridorsimple(1)corridorgyros(2)corridorcargo(1)corridorsimple(1)[RotYcwZcorridorsimple(1)][RotYcwXcorridorsimple(1)corridorgyros(2)thrusters(1)][RotYccwZcorridorsimple(1)[RotYccwXcorridorsimple(2)][RotYcwXcorridorsimple(2)]corridorcargo(2)[RotYcwXcorridorsimple(1)corridorgyros(2)thrusters(1)]thrusters(1)]thrusters
Fitness: [0.4131073131073684, 0.05543001014555398, 0.7007617208163963, 0.9801993170052911]