

cockpitcorridorsimple(1)[RotYccwXcorridorsimple(1)][RotYccwZcorridorsimple(1)corridorgyros(2)[RotYcwXcorridorsimple(1)corridorsimple(2)thrusters(1)]thrusters(1)]corridorreactors(1)corridorcargo(1)corridorsimple(1)[RotYccwZcorridorsimple(1)[RotYccwZcorridorsimple(2)]corridorgyros(2)[RotYcwXcorridorsimple(1)corridorreactors(2)[RotYccwZcorridorsimple(1)]thrusters(1)]thrusters(1)][RotYcwZcorridorsimple(1)]corridorgyros(1)thrusters
Fitness: [0.46361872529515313, 0.03688786700703771, 0.7740306143173433, 0.40467039856948694]

cockpitcorridorsimple(1)[RotYccwZcorridorsimple(1)]corridorcargo(2)corridorsimple(1)corridorreactors(2)corridorgyros(2)corridorcargo(1)thrusters
Fitness: [0.5762470155168959, 0.062419015432391034, 0.006380652069979701, 5.665543782573326e-19]

cockpitcorridorsimple(1)corridorreactors(1)corridorsimple(2)corridorgyros(2)[RotYcwXcorridorsimple(1)corridorreactors(1)corridorcargo(2)thrusters(1)]corridorsimple(1)corridorcargo(1)corridorgyros(2)[RotYcwXcorridorsimple(1)corridorreactors(1)corridorcargo(2)thrusters(1)]thrusters
Fitness: [0.9422781326970724, 0.06858383440726055, 0.31430342932079186, 0.008668232415041811]

cockpitcorridorsimple(1)[RotYccwXcorridorsimple(1)[RotYcwZcorridorsimple(1)thrusters(1)][RotYccwZcorridorsimple(1)thrusters(1)]corridorreactors(1)[RotYccwZcorridorsimple(1)thrusters(1)]thrusters(1)][RotYcwZcorridorsimple(1)thrusters(1)]corridorgyros(2)corridorcargo(1)[RotYccwXcorridorsimple(1)[RotYccwXcorridorsimple(1)][RotYcwZcorridorsimple(1)corridorcargo(2)thrusters(1)]corridorreactors(1)[RotYccwZcorridorsimple(1)]thrusters(1)]thrusters
Fitness: [0.6127438927485724, 0.07076506671450193, 0.981916252996588, 0.5245803608220371]

cockpitcorridorsimple(1)corridorgyros(1)corridorcargo(2)[RotYccwXcorridorsimple(1)][RotYcwZcorridorsimple(1)[RotYcwZcorridorsimple(1)][RotYccwXcorridorsimple(1)]corridorsimple(1)corridorreactors(2)thrusters(1)]thrusters
Fitness: [0.923508939657495, 0.05029573541346341, 0.9605163659429694, 0.45429610443238544]

cockpitcorridorsimple(1)corridorcargo(1)[RotYcwZcorridorsimple(1)corridorgyros(2)[RotYcwXcorridorsimple(2)]thrusters(1)]corridorreactors(1)corridorcargo(2)[RotYcwXcorridorsimple(2)]thrusters
Fitness: [0.7352539386694411, 0.050480059961692816, 0.9987982969011677, 0.6569207841924743]

cockpitcorridorsimple(1)corridorreactors(1)corridorcargo(1)[RotYccwXcorridorsimple(1)thrusters(1)]corridorgyros(1)thrusters
Fitness: [0.9170539257822892, 0.07228290289183918, 0.1306857864621469, 0.4192680122431562]

cockpitcorridorsimple(1)[RotYcwZcorridorsimple(2)][RotYccwXcorridorsimple(1)[RotYcwZcorridorsimple(1)][RotYcwXcorridorsimple(2)][RotYccwZcorridorsimple(2)]corridorcargo(2)corridorsimple(1)[RotYcwXcorridorsimple(2)]corridorgyros(1)thrusters(1)][RotYccwZcorridorsimple(1)thrusters(1)]corridorsimple(1)[RotYccwZcorridorsimple(2)]corridorcargo(1)[RotYcwZcorridorsimple(1)]corridorreactors(1)[RotYccwZcorridorsimple(2)]thrusters
Fitness: [0.4954206059424988, 0.0331812974657219, 0.8844328597275205, 0.9858563218023919]

cockpitcorridorsimple(1)corridorsimple(2)corridorreactors(1)corridorcargo(1)[RotYccwXcorridorsimple(1)thrusters(1)][RotYcwXcorridorsimple(1)corridorgyros(2)thrusters(1)]thrusters
Fitness: [0.9197864486251682, 0.06167094638536206, 0.7985411690106701, 0.46945268105018256]

cockpitcorridorsimple(1)[RotYccwZcorridorsimple(1)corridorsimple(1)corridorsimple(1)[RotYccwXcorridorsimple(2)][RotYccwZcorridorsimple(2)]thrusters(1)]corridorcargo(1)corridorsimple(1)corridorcargo(1)corridorgyros(2)[RotYcwXcorridorsimple(1)][RotYccwXcorridorsimple(1)[RotYccwXcorridorsimple(2)][RotYccwZcorridorsimple(2)]corridorreactors(1)thrusters(1)]thrusters
Fitness: [0.5649038130945272, 0.03456976831146988, 0.7122699022846757, 0.9987557168292556]

cockpitcorridorsimple(1)[RotYcwZcorridorsimple(1)corridorreactors(2)corridorreactors(1)corridorreactors(2)corridorcargo(1)thrusters(1)]corridorgyros(1)[RotYcwXcorridorsimple(1)corridorsimple(1)[RotYccwZcorridorsimple(2)][RotYcwZcorridorsimple(1)corridorreactors(2)corridorcargo(1)thrusters(1)]corridorsimple(1)[RotYcwXcorridorsimple(1)corridorreactors(2)thrusters(1)]corridorgyros(2)corridorsimple(1)[RotYccwZcorridorsimple(2)][RotYcwZcorridorsimple(1)corridorsimple(1)corridorsimple(2)corridorreactors(2)corridorcargo(1)thrusters(1)]corridorreactors(2)thrusters(1)][RotYcwZcorridorsimple(1)corridorcargo(1)corridorreactors(2)corridorcargo(1)thrusters(1)]thrusters
Fitness: [0.4543022121529674, 0.05025597094670318, 0.7125505994904665, 0.9683559850987495]

cockpitcorridorsimple(1)[RotYcwZcorridorsimple(2)]corridorsimple(1)corridorcargo(2)corridorsimple(1)[RotYccwXcorridorsimple(1)[RotYcwXcorridorsimple(1)]corridorsimple(2)corridorsimple(1)corridorreactors(1)thrusters(1)]corridorgyros(1)[RotYccwXcorridorsimple(1)corridorreactors(1)thrusters(1)]thrusters
Fitness: [0.6795672611505266, 0.0376203039494095, 0.9448634576546111, 0.6904152973341181]

cockpitcorridorsimple(1)[RotYccwXcorridorsimple(1)][RotYccwZcorridorsimple(1)corridorsimple(1)corridorsimple(1)[RotYccwZcorridorsimple(2)]corridorcargo(1)thrusters(1)]corridorreactors(1)[RotYccwZcorridorsimple(1)[RotYccwXcorridorsimple(1)][RotYcwZcorridorsimple(1)]corridorcargo(1)thrusters(1)]corridorgyros(1)thrusters
Fitness: [0.9941275876768942, 0.04145044576085181, 0.9892742959564977, 0.49986962123011114]

cockpitcorridorsimple(1)corridorgyros(2)corridorsimple(1)corridorcargo(1)corridorcargo(1)corridorsimple(1)corridorreactors(1)[RotYcwZcorridorsimple(2)][RotYccwZcorridorsimple(2)]thrusters
Fitness: [0.9903964995564353, 0.04283038124598549, 0.42907121427185174, 1.1953649303108646e-06]

cockpitcorridorsimple(1)corridorreactors(2)corridorgyros(2)[RotYcwZcorridorsimple(2)]corridorcargo(1)[RotYccwXcorridorsimple(1)[RotYcwZcorridorsimple(1)][RotYcwXcorridorsimple(2)]corridorreactors(2)[RotYcwZcorridorsimple(1)thrusters(1)]thrusters(1)]thrusters
Fitness: [0.6011897747200863, 0.03833808272170882, 0.7756684956386155, 0.3516520315990223]

cockpitcorridorsimple(1)corridorcargo(1)corridorreactors(2)[RotYcwZcorridorsimple(1)[RotYcwXcorridorsimple(1)]thrusters(1)]corridorgyros(1)thrusters
Fitness: [0.9871019941894783, 0.05185132699341982, 0.3363803164283509, 0.2485138486068516]

cockpitcorridorsimple(1)corridorcargo(1)corridorsimple(1)corridorsimple(2)corridorgyros(2)[RotYccwZcorridorsimple(1)corridorreactors(2)corridorgyros(1)thrusters(1)]thrusters
Fitness: [0.9953494277990987, 0.044925329091282974, 0.8884246149582588, 0.016480228888276025]

cockpitcorridorsimple(1)corridorcargo(1)corridorreactors(1)corridorcargo(1)corridorsimple(1)corridorgyros(2)[RotYccwZcorridorsimple(2)]corridorcargo(1)thrusters
Fitness: [0.9221060122220524, 0.0635528098998142, 0.14547638870598567, 1.2946197450837772e-07]

cockpitcorridorsimple(1)corridorsimple(1)corridorsimple(1)corridorreactors(1)corridorgyros(2)corridorsimple(1)corridorcargo(1)corridorcargo(1)corridorsimple(1)corridorcargo(2)corridorcargo(2)thrusters
Fitness: [0.4305713600508237, 0.10452554578319745, 4.774631558952307e-24, 3.1413222208351743e-45]

cockpitcorridorsimple(1)corridorreactors(1)[RotYccwZcorridorsimple(1)]corridorgyros(2)corridorcargo(2)thrusters
Fitness: [0.8158290757818393, 0.05993364793518855, 0.14098925978410434, 0.011096692598497547]