

cockpitcorridorsimple(1)corridorgyros(1)corridorcargo(2)[RotYccwXcorridorsimple(1)thrusters(1)][RotYcwXcorridorsimple(1)corridorreactors(1)corridorsimple(1)corridorsimple(1)corridorsimple(1)thrusters(1)]thrusters
Fitness: [0.9007993593467994, 0.07325817739675326, 0.8491689920323935, 0.4192680122431562]

cockpitcorridorsimple(1)[RotYcwXcorridorsimple(1)]corridorcargo(1)corridorsimple(1)corridorsimple(2)[RotYccwXcorridorsimple(1)[RotYccwXcorridorsimple(2)]corridorreactors(2)thrusters(1)]corridorgyros(1)[RotYccwXcorridorsimple(1)corridorsimple(1)corridorreactors(2)thrusters(1)]thrusters
Fitness: [0.9646870451022639, 0.03476827830364949, 0.9764204697623455, 0.10000062048143775]

cockpitcorridorsimple(1)[RotYccwXcorridorsimple(1)]corridorsimple(1)[RotYccwXcorridorsimple(1)][RotYcwXcorridorsimple(1)corridorcargo(1)thrusters(1)]corridorsimple(1)corridorreactors(1)corridorgyros(1)corridorcargo(1)thrusters
Fitness: [0.9704281401765548, 0.05505452621345378, 0.41991338798564914, 0.10000062048143775]

cockpitcorridorsimple(1)[RotYcwXcorridorsimple(1)[RotYccwXcorridorsimple(1)][RotYcwXcorridorsimple(1)corridorsimple(2)[RotYccwZcorridorsimple(2)][RotYcwZcorridorsimple(2)]corridorreactors(1)thrusters(1)]corridorreactors(1)thrusters(1)][RotYcwZcorridorsimple(2)]corridorgyros(1)[RotYccwXcorridorsimple(1)]corridorcargo(2)[RotYcwXcorridorsimple(1)[RotYccwZcorridorsimple(2)][RotYcwZcorridorsimple(2)]corridorreactors(1)thrusters(1)]thrusters
Fitness: [0.6492377600904953, 0.03429160591973018, 0.44931178844891795, 0.7637344642319271]

cockpitcorridorsimple(1)[RotYccwXcorridorsimple(1)thrusters(1)]corridorcargo(2)corridorgyros(1)[RotYccwXcorridorsimple(1)][RotYcwXcorridorsimple(1)[RotYccwZcorridorsimple(1)][RotYcwXcorridorsimple(2)]corridorreactors(1)thrusters(1)]thrusters
Fitness: [0.8560302024642444, 0.053272771167397086, 0.9654580419189099, 0.7291197545075502]

cockpitcorridorsimple(1)corridorcargo(2)[RotYccwXcorridorsimple(1)corridorsimple(1)corridorsimple(2)corridorreactors(2)thrusters(1)]corridorgyros(1)[RotYccwXcorridorsimple(1)corridorreactors(2)thrusters(1)]thrusters
Fitness: [0.9910222779617418, 0.055008560194570365, 0.6833402329581617, 0.32408067898789034]

cockpitcorridorsimple(1)corridorsimple(1)corridorcargo(1)[RotYccwXcorridorsimple(1)[RotYcwXcorridorsimple(1)]corridorgyros(2)thrusters(1)]corridorreactors(1)[RotYccwXcorridorsimple(1)[RotYcwXcorridorsimple(1)thrusters(1)]corridorgyros(2)thrusters(1)]thrusters
Fitness: [0.9995687231561546, 0.04588846486380233, 0.9971192287596778, 0.24091965022174178]

cockpitcorridorsimple(1)[RotYccwXcorridorsimple(2)]corridorcargo(1)corridorsimple(1)[RotYcwXcorridorsimple(1)corridorcargo(2)corridorsimple(1)corridorgyros(2)thrusters(1)]corridorreactors(1)[RotYcwXcorridorsimple(1)corridorsimple(1)corridorsimple(1)corridorgyros(2)thrusters(1)]thrusters
Fitness: [0.9052941359114851, 0.046644167495485826, 0.9187324951418263, 0.09409964690472171]

cockpitcorridorsimple(1)[RotYcwXcorridorsimple(1)]corridorsimple(2)corridorcargo(1)[RotYccwXcorridorsimple(1)thrusters(1)]corridorgyros(1)[RotYcwXcorridorsimple(1)corridorreactors(2)thrusters(1)]thrusters
Fitness: [0.8742237440988208, 0.04499735513978626, 0.9982544436446439, 0.1325367938389053]

cockpitcorridorsimple(1)corridorsimple(2)corridorreactors(1)corridorsimple(1)[RotYccwXcorridorsimple(1)]corridorgyros(1)corridorcargo(1)thrusters
Fitness: [0.9275241227439618, 0.039093845914053696, 0.006122914326091838, 0.11821928942403163]

cockpitcorridorsimple(1)corridorcargo(2)corridorsimple(1)[RotYccwZcorridorsimple(2)]corridorcargo(1)corridorsimple(1)corridorcargo(1)[RotYccwXcorridorsimple(2)][RotYccwZcorridorsimple(1)corridorgyros(1)corridorsimple(1)corridorcargo(2)[RotYcwXcorridorsimple(1)thrusters(1)]corridorreactors(1)thrusters(1)]thrusters
Fitness: [0.4633021701226599, 0.07628263332389547, 0.7237909397469175, 0.8652536376000011]

cockpitcorridorsimple(1)[RotYccwXcorridorsimple(1)]corridorsimple(1)corridorsimple(2)corridorreactors(1)corridorcargo(1)[RotYccwZcorridorsimple(1)corridorcargo(1)corridorgyros(1)thrusters(1)]thrusters
Fitness: [0.8275077031816677, 0.0514034496819707, 0.8176917326583528, 0.2485138486068516]

cockpitcorridorsimple(1)[RotYcwZcorridorsimple(2)]corridorcargo(2)corridorsimple(1)corridorgyros(1)[RotYcwXcorridorsimple(1)corridorsimple(1)[RotYcwXcorridorsimple(2)]thrusters(1)][RotYcwZcorridorsimple(1)[RotYcwXcorridorsimple(1)[RotYcwZcorridorsimple(1)]thrusters(1)]corridorreactors(1)thrusters(1)]thrusters
Fitness: [0.7722372753341722, 0.04068964039215111, 0.8760008518517638, 0.9931462217945087]

cockpitcorridorsimple(1)corridorcargo(2)corridorsimple(1)corridorsimple(1)corridorreactors(1)corridorgyros(1)thrusters
Fitness: [0.40998938014783365, 0.07545211590454397, 0.0032530776016802695, 0.00678709516074249]

cockpitcorridorsimple(1)[RotYcwZcorridorsimple(1)][RotYccwXcorridorsimple(1)corridorcargo(1)corridorgyros(1)corridorsimple(1)[RotYcwXcorridorsimple(2)]corridorcargo(2)corridorreactors(2)thrusters(1)]corridorsimple(1)corridorcargo(2)corridorsimple(1)[RotYcwZcorridorsimple(1)thrusters(1)]corridorgyros(2)[RotYccwXcorridorsimple(1)[RotYccwXcorridorsimple(1)]corridorsimple(1)corridorreactors(2)corridorsimple(1)[RotYccwZcorridorsimple(2)]corridorcargo(1)thrusters(1)]thrusters
Fitness: [0.5394423106229418, 0.049613357022264486, 0.7835257082654461, 0.7291197545075502]

cockpitcorridorsimple(1)corridorgyros(1)[RotYccwZcorridorsimple(2)]corridorreactors(2)corridorcargo(1)thrusters
Fitness: [0.8772815596558338, 0.0474695343146981, 0.3918948456034285, 0.014263325230548586]

cockpitcorridorsimple(1)corridorcargo(2)corridorgyros(2)[RotYcwZcorridorsimple(1)corridorreactors(1)thrusters(1)][RotYcwXcorridorsimple(1)corridorsimple(1)corridorsimple(2)[RotYcwZcorridorsimple(1)corridorreactors(1)thrusters(1)]thrusters(1)]thrusters
Fitness: [0.7109416944726177, 0.06449436499290788, 0.8554417192571929, 0.9776827898153936]

cockpitcorridorsimple(1)corridorcargo(1)corridorcargo(1)[RotYccwZcorridorsimple(2)]corridorreactors(2)[RotYcwXcorridorsimple(1)[RotYccwZcorridorsimple(1)corridorcargo(1)corridorcargo(2)thrusters(1)]corridorsimple(1)corridorgyros(1)thrusters(1)]thrusters
Fitness: [0.5213265666578386, 0.08042025011341601, 0.762253535194565, 0.9476868603763964]

cockpitcorridorsimple(1)corridorgyros(2)corridorcargo(1)[RotYcwXcorridorsimple(1)thrusters(1)]corridorsimple(1)corridorreactors(2)[RotYccwXcorridorsimple(2)][RotYcwZcorridorsimple(1)corridorsimple(1)thrusters(1)]thrusters
Fitness: [0.7435179975131351, 0.04788043600518037, 0.1318305595951511, 0.5169567793090625]

cockpitcorridorsimple(1)[RotYccwZcorridorsimple(2)]corridorgyros(1)corridorgyros(2)[RotYccwXcorridorsimple(1)corridorreactors(1)corridorcargo(1)thrusters(1)]thrusters
Fitness: [0.7506247320016823, 0.04365808964714282, 0.7007617208163963, 0.8086728880671094]