

cockpitcorridorsimple(1)corridorreactors(1)[RotYcwXcorridorsimple(1)[RotYccwXcorridorsimple(1)[RotYccwZcorridorsimple(2)]thrusters(1)]corridorsimple(1)[RotYcwXcorridorsimple(1)[RotYccwZcorridorsimple(1)]thrusters(1)][RotYccwZcorridorsimple(1)][RotYcwZcorridorsimple(1)]thrusters(1)]corridorgyros(1)corridorcargo(1)thrusters
Volume: 252000.0
Functional blocks / total blocks = 0.06597222222222222 ([0.03463655])
Filled volume / total volume = 0.13725490196078433 ([0.91540917])
Largest axis / Medium axis = 1.4166666666666667 ([0.95063605])
Largest axis / Medium axis = 1.8888888888888888 ([0.99501573])

cockpitcorridorsimple(1)[RotYccwZcorridorsimple(1)][RotYcwZcorridorsimple(1)][RotYcwXcorridorsimple(1)corridorcargo(2)[RotYcwXcorridorsimple(1)]corridorreactors(1)thrusters(1)]corridorreactors(1)corridorcargo(2)corridorgyros(2)thrusters
Volume: 264750.0
Functional blocks / total blocks = 0.08120868744098206 ([0.05554248])
Filled volume / total volume = 0.09028132992327366 ([0.69462452])
Largest axis / Medium axis = 1.3529411764705883 ([0.98784212])
Largest axis / Medium axis = 3.066666666666667 ([0.71074592])

cockpitcorridorsimple(1)corridorcargo(2)corridorreactors(1)corridorgyros(1)[RotYccwXcorridorsimple(1)[RotYccwZcorridorsimple(1)corridorsimple(2)thrusters(1)][RotYccwXcorridorsimple(1)[RotYccwZcorridorsimple(2)][RotYcwXcorridorsimple(1)]corridorcargo(2)corridorreactors(1)thrusters(1)][RotYcwXcorridorsimple(1)thrusters(1)]corridorcargo(2)corridorreactors(1)thrusters(1)]thrusters
Volume: 371000.0
Functional blocks / total blocks = 0.0862533692722372 ([0.06476719])
Filled volume / total volume = 0.10939112487100103 ([0.79820413])
Largest axis / Medium axis = 1.2352941176470589 ([0.98662963])
Largest axis / Medium axis = 2.210526315789474 ([0.95540841])

cockpitcorridorsimple(1)[RotYccwZcorridorsimple(1)][RotYcwXcorridorsimple(1)corridorsimple(1)[RotYcwXcorridorsimple(1)thrusters(1)]corridorreactors(1)thrusters(1)]corridorcargo(2)corridorgyros(1)[RotYccwZcorridorsimple(1)][RotYcwXcorridorsimple(1)[RotYcwXcorridorsimple(1)][RotYccwZcorridorsimple(1)]corridorreactors(1)thrusters(1)]thrusters
Volume: 281250.0
Functional blocks / total blocks = 0.07288888888888889 ([0.04296027])
Filled volume / total volume = 0.14076576576576577 ([0.92665924])
Largest axis / Medium axis = 1.3703703703703705 ([0.97988857])
Largest axis / Medium axis = 2.3125 ([0.92124499])

cockpitcorridorsimple(1)corridorreactors(1)corridorgyros(2)corridorcargo(1)[RotYcwXcorridorsimple(1)[RotYccwZcorridorsimple(1)][RotYcwXcorridorsimple(1)[RotYccwZcorridorsimple(2)]corridorgyros(1)corridorreactors(2)thrusters(1)]corridorcargo(1)[RotYcwXcorridorsimple(1)[RotYcwZcorridorsimple(2)]corridorreactors(2)thrusters(1)]corridorcargo(2)thrusters(1)]thrusters
Volume: 453750.0
Functional blocks / total blocks = 0.07327823691460054 ([0.04348345])
Filled volume / total volume = 0.11432350718065004 ([0.82227598])
Largest axis / Medium axis = 1.1666666666666667 ([0.93642813])
Largest axis / Medium axis = 2.0 ([0.99875572])