

cockpitcorridorsimple(1)[RotYccwZcorridorsimple(2)][RotYcwZcorridorsimple(2)][RotYccwXcorridorsimple(1)corridorcargo(1)corridorgyros(1)corridorcargo(2)thrusters(1)]corridorsimple(1)[RotYccwXcorridorsimple(1)][RotYcwZcorridorsimple(1)thrusters(1)][RotYccwZcorridorsimple(2)]corridorreactors(2)[RotYccwXcorridorsimple(1)[RotYcwZcorridorsimple(1)]corridorgyros(1)corridorcargo(2)thrusters(1)]thrusters
Volume: 380750.0
BBox: (165, 215, 105) (0.6583333333333333)
Functional blocks / total blocks = 0.07616546290216678 ([0.04755666])
Filled volume / total volume = 0.10221819524145105 ([0.76106396])
Largest axis / Medium axis = 1.303030303030303 ([0.99973087])
Largest axis / Medium axis = 2.0476190476190474 ([0.99386103])

cockpitcorridorsimple(1)[RotYccwXcorridorsimple(2)][RotYccwZcorridorsimple(1)corridorsimple(1)[RotYcwXcorridorsimple(1)][RotYcwZcorridorsimple(1)corridorsimple(1)thrusters(1)]corridorcargo(2)thrusters(1)][RotYcwXcorridorsimple(2)]corridorsimple(1)corridorgyros(1)corridorcargo(2)corridorreactors(1)thrusters
Volume: 258750.0
BBox: (105, 210, 155) (0.9555555555555556)
Functional blocks / total blocks = 0.07777777777777778 ([0.04998499])
Filled volume / total volume = 0.07570770243581304 ([0.60822433])
Largest axis / Medium axis = 1.3548387096774193 ([0.98706561])
Largest axis / Medium axis = 2.0 ([0.99875572])

cockpitcorridorsimple(1)corridorcargo(1)corridorreactors(1)[RotYcwXcorridorsimple(1)[RotYccwXcorridorsimple(1)][RotYccwZcorridorsimple(2)][RotYcwXcorridorsimple(1)]corridorgyros(2)thrusters(1)][RotYcwZcorridorsimple(2)]corridorsimple(1)corridorgyros(1)corridorcargo(1)[RotYcwXcorridorsimple(1)corridorcargo(1)[RotYccwZcorridorsimple(2)]corridorsimple(1)corridorsimple(1)[RotYcwZcorridorsimple(1)][RotYcwXcorridorsimple(1)corridorcargo(1)thrusters(1)]thrusters(1)]thrusters
Volume: 391500.0
BBox: (160, 235, 115) (0.6638888888888889)
Functional blocks / total blocks = 0.06928480204342273 ([0.03839893])
Filled volume / total volume = 0.09054116558741905 ([0.69612141])
Largest axis / Medium axis = 1.46875 ([0.90649157])
Largest axis / Medium axis = 2.0434782608695654 ([0.99442404])

cockpitcorridorsimple(1)[RotYccwXcorridorsimple(1)[RotYccwXcorridorsimple(1)][RotYccwZcorridorsimple(1)corridorcargo(2)corridorcargo(2)thrusters(1)]corridorgyros(1)thrusters(1)]corridorcargo(1)[RotYccwZcorridorsimple(1)corridorcargo(2)corridorcargo(2)thrusters(1)]corridorgyros(2)corridorreactors(1)thrusters
Volume: 357750.0
BBox: (115, 230, 175) (0.8444444444444444)
Functional blocks / total blocks = 0.09643605870020965 ([0.08795768])
Filled volume / total volume = 0.07728868485012153 ([0.61777274])
Largest axis / Medium axis = 1.3142857142857143 ([0.99855038])
Largest axis / Medium axis = 2.0 ([0.99875572])

cockpitcorridorsimple(1)corridorcargo(1)corridorreactors(1)corridorcargo(1)[RotYcwXcorridorsimple(1)corridorcargo(1)corridorgyros(1)thrusters(1)]thrusters
Volume: 152750.0
BBox: (115, 160, 45) (0.65)
Functional blocks / total blocks = 0.09328968903436989 ([0.08006042])
Filled volume / total volume = 0.1844806763285024 ([0.99877784])
Largest axis / Medium axis = 1.391304347826087 ([0.96802894])
Largest axis / Medium axis = 3.5555555555555554 ([0.52011343])