

cockpitcorridorsimple(1)corridorgyros(1)[RotYcwZcorridorsimple(1)]corridorsimple(1)[RotYccwZcorridorsimple(1)]corridorcargo(1)corridorreactors(1)thrusters
Volume: 143000.0
BBox: (25, 210, 75) (0.03958333333333333)
Functional blocks / total blocks = 0.06468531468531469 ([0.03328143])
Filled volume / total volume = 0.36317460317460315 ([0.67359723])
Largest axis / Medium axis = 2.8 ([0.15273488])
Largest axis / Medium axis = 8.4 ([0.01426333])

cockpitcorridorsimple(1)corridorreactors(1)corridorcargo(2)[RotYccwXcorridorsimple(2)]corridorgyros(1)thrusters
Volume: 137250.0
BBox: (65, 195, 45) (0.063375)
Functional blocks / total blocks = 0.07741347905282331 ([0.04942637])
Filled volume / total volume = 0.2406311637080868 ([0.95829307])
Largest axis / Medium axis = 3.0 ([0.13183056])
Largest axis / Medium axis = 4.333333333333333 ([0.2058233])

cockpitcorridorsimple(1)corridorgyros(1)corridorcargo(1)corridorsimple(1)corridorreactors(1)corridorsimple(1)corridorsimple(2)[RotYccwZcorridorsimple(1)thrusters(1)]thrusters
Volume: 146000.0
BBox: (25, 230, 65) (0.030694444444444444)
Functional blocks / total blocks = 0.07106164383561644 ([0.04058504])
Filled volume / total volume = 0.3906354515050167 ([0.61099507])
Largest axis / Medium axis = 3.5384615384615383 ([0.10720624])
Largest axis / Medium axis = 9.2 ([0.01109669])

cockpitcorridorsimple(1)corridorcargo(1)corridorsimple(1)[RotYcwZcorridorsimple(2)]corridorreactors(1)corridorgyros(1)thrusters
Volume: 127500.0
BBox: (25, 185, 75) (0.03854166666666667)
Functional blocks / total blocks = 0.06666666666666667 ([0.03539226])
Filled volume / total volume = 0.3675675675675676 ([0.6629874])
Largest axis / Medium axis = 2.466666666666667 ([0.27199666])
Largest axis / Medium axis = 7.4 ([0.01320619])

cockpitcorridorsimple(1)corridorcargo(2)[RotYccwZcorridorsimple(1)]corridorreactors(1)corridorgyros(1)thrusters
Volume: 131250.0
BBox: (25, 195, 70) (0.03791666666666667)
Functional blocks / total blocks = 0.08095238095238096 ([0.05510821])
Filled volume / total volume = 0.38461538461538464 ([0.62395206])
Largest axis / Medium axis = 2.7857142857142856 ([0.15560604])
Largest axis / Medium axis = 7.8 ([0.00711321])

cockpitcorridorsimple(1)corridorcargo(2)corridorsimple(1)[RotYccwXcorridorsimple(2)]corridorreactors(1)corridorgyros(1)thrusters
Volume: 143250.0
BBox: (65, 210, 45) (0.06174999999999999)
Functional blocks / total blocks = 0.07417102966841187 ([0.04470623])
Filled volume / total volume = 0.23321123321123322 ([0.96885357])
Largest axis / Medium axis = 3.230769230769231 ([0.13164184])
Largest axis / Medium axis = 4.666666666666667 ([0.13253679])