cockpitcorridorsimple(1)[RotYcwZcorridorsimple(1)][RotYccwXcorridorsimple(1)[RotYcwZcorridorsimple(1)][RotYccwZcorridorsimple(1)thrusters(1)]corridorgyros(1)corridorreactors(2)thrusters(1)]corridorsimple(1)[RotYccwZcorridorsimple(1)][RotYcwZcorridorsimple(2)]corridorsimple(1)corridorcargo(1)[RotYccwZcorridorsimple(1)][RotYccwXcorridorsimple(1)corridorsimple(1)[RotYccwXcorridorsimple(1)[RotYcwZcorridorsimple(2)][RotYcwXcorridorsimple(1)]thrusters(1)][RotYcwZcorridorsimple(1)]corridorgyros(1)corridorreactors(2)thrusters(1)]thrusters
box_filling_fitness: 0.8305730853297213
func_blocks_fitness: 0.034271966198362674
mame_fitness: 0.9654580419189099
mami_fitness: 0.9846990783566704

cockpitcorridorsimple(1)corridorcargo(1)[RotYccwZcorridorsimple(1)thrusters(1)][RotYccwXcorridorsimple(1)[RotYccwXcorridorsimple(2)][RotYccwZcorridorsimple(1)[RotYcwXcorridorsimple(1)][RotYccwXcorridorsimple(1)thrusters(1)]thrusters(1)][RotYcwXcorridorsimple(1)corridorcargo(2)thrusters(1)]corridorcargo(1)corridorgyros(1)thrusters(1)]corridorreactors(2)thrusters
box_filling_fitness: 0.8918592533412045
func_blocks_fitness: 0.09121597734413403
mame_fitness: 0.9925163312289281
mami_fitness: 0.9997176971210178

cockpitcorridorsimple(1)corridorsimple(1)[RotYcwXcorridorsimple(1)[RotYccwZcorridorsimple(1)][RotYcwZcorridorsimple(1)]corridorgyros(2)thrusters(1)]corridorcargo(1)corridorreactors(2)[RotYcwXcorridorsimple(1)corridorsimple(1)corridorcargo(1)[RotYcwXcorridorsimple(2)]corridorgyros(2)thrusters(1)]thrusters
box_filling_fitness: 0.7581455339443868
func_blocks_fitness: 0.04003792497857302
mame_fitness: 0.896823877369844
mami_fitness: 0.7615485788318068

cockpitcorridorsimple(1)corridorreactors(1)[RotYccwXcorridorsimple(1)corridorcargo(1)[RotYcwZcorridorsimple(1)corridorcargo(1)[RotYcwZcorridorsimple(2)][RotYccwXcorridorsimple(1)corridorcargo(1)[RotYcwZcorridorsimple(1)[RotYcwZcorridorsimple(2)]thrusters(1)]thrusters(1)]thrusters(1)]thrusters(1)]corridorcargo(1)corridorgyros(1)[RotYcwZcorridorsimple(1)[RotYcwZcorridorsimple(2)]corridorsimple(1)corridorcargo(1)[RotYcwZcorridorsimple(1)[RotYccwXcorridorsimple(1)]corridorreactors(2)thrusters(1)]thrusters(1)][RotYccwXcorridorsimple(1)]thrusters
box_filling_fitness: 0.911443992460051
func_blocks_fitness: 0.05193414122285372
mame_fitness: 0.9971041564779684
mami_fitness: 0.9999151202188156

cockpitcorridorsimple(1)corridorgyros(1)corridorreactors(1)[RotYcwXcorridorsimple(1)corridorsimple(1)[RotYcwZcorridorsimple(1)][RotYccwZcorridorsimple(1)][RotYcwXcorridorsimple(1)corridorreactors(1)corridorcargo(1)thrusters(1)]corridorsimple(1)[RotYcwXcorridorsimple(2)]thrusters(1)]corridorcargo(1)thrusters
box_filling_fitness: 0.9178047514541025
func_blocks_fitness: 0.04700650907817897
mame_fitness: 0.9953430268747088
mami_fitness: 0.9370913362574562