

cockpitcorridorsimple(1)[RotYcwXcorridorsimple(2)][RotYccwZcorridorsimple(1)[RotYcwXcorridorsimple(1)thrusters(1)]corridorreactors(1)thrusters(1)]corridorgyros(2)corridorcargo(1)corridorsimple(1)[RotYcwXcorridorsimple(1)][RotYccwXcorridorsimple(1)thrusters(1)][RotYccwZcorridorsimple(1)[RotYcwXcorridorsimple(1)thrusters(1)]corridorreactors(1)thrusters(1)][RotYcwZcorridorsimple(2)]thrusters
Fitness: [0.7324241117826474, 0.050633726167595275, 0.9993713536971017, 0.9707593008219085]

cockpitcorridorsimple(1)corridorreactors(1)corridorcargo(1)corridorgyros(2)[RotYcwXcorridorsimple(1)corridorsimple(1)[RotYccwZcorridorsimple(1)[RotYccwZcorridorsimple(2)]thrusters(1)][RotYcwXcorridorsimple(1)[RotYccwZcorridorsimple(1)[RotYcwXcorridorsimple(1)corridorsimple(1)thrusters(1)][RotYcwZcorridorsimple(2)]thrusters(1)][RotYcwZcorridorsimple(1)]corridorgyros(2)thrusters(1)]corridorgyros(2)thrusters(1)]thrusters
Fitness: [0.7756817222751997, 0.04102092958245798, 0.9896987375021329, 0.9999151202188156]

cockpitcorridorsimple(1)corridorreactors(1)corridorcargo(2)[RotYcwXcorridorsimple(1)[RotYcwXcorridorsimple(1)corridorgyros(1)corridorsimple(1)[RotYcwZcorridorsimple(1)corridorgyros(2)thrusters(1)]thrusters(1)]thrusters(1)][RotYcwZcorridorsimple(1)corridorgyros(2)thrusters(1)]thrusters
Fitness: [0.9779749943199157, 0.06391384676501395, 0.9536230999050879, 0.9987557168292556]

cockpitcorridorsimple(1)corridorreactors(1)corridorgyros(2)corridorcargo(1)[RotYcwXcorridorsimple(1)[RotYcwXcorridorsimple(1)corridorsimple(1)[RotYcwZcorridorsimple(1)][RotYccwZcorridorsimple(1)]corridorreactors(1)corridorcargo(2)thrusters(1)]corridorsimple(1)corridorsimple(2)corridorsimple(1)[RotYcwXcorridorsimple(1)corridorcargo(2)thrusters(1)]thrusters(1)]thrusters
Fitness: [0.8835876912326365, 0.05909399186400451, 0.9896987375021329, 0.7922590057528078]

cockpitcorridorsimple(1)[RotYccwXcorridorsimple(2)][RotYcwXcorridorsimple(1)][RotYcwZcorridorsimple(2)]corridorcargo(2)[RotYccwXcorridorsimple(1)]corridorgyros(1)[RotYcwZcorridorsimple(1)corridorreactors(2)[RotYcwZcorridorsimple(1)[RotYcwXcorridorsimple(1)][RotYcwZcorridorsimple(1)corridorsimple(2)thrusters(1)][RotYccwXcorridorsimple(1)]corridorreactors(2)[RotYcwXcorridorsimple(2)]thrusters(1)]thrusters(1)]thrusters
Fitness: [0.787782444692313, 0.03629146438235557, 0.9696764671200485, 0.9999151202188156]

cockpitcorridorsimple(1)corridorcargo(1)[RotYccwZcorridorsimple(1)]corridorreactors(2)[RotYccwXcorridorsimple(1)[RotYccwZcorridorsimple(1)][RotYccwXcorridorsimple(1)]corridorgyros(1)corridorsimple(1)[RotYccwXcorridorsimple(1)[RotYcwZcorridorsimple(1)][RotYccwZcorridorsimple(2)][RotYccwXcorridorsimple(1)thrusters(1)]corridorgyros(1)corridorsimple(1)[RotYccwZcorridorsimple(2)][RotYccwXcorridorsimple(1)][RotYcwZcorridorsimple(2)]thrusters(1)][RotYcwZcorridorsimple(1)thrusters(1)]thrusters(1)]thrusters
Fitness: [0.8208171424926225, 0.03468313468139122, 0.9999521551339675, 0.9969648073421917]

cockpitcorridorsimple(1)[RotYcwZcorridorsimple(2)][RotYccwZcorridorsimple(2)]corridorreactors(1)corridorcargo(1)corridorgyros(2)[RotYcwXcorridorsimple(1)corridorcargo(2)corridorsimple(2)[RotYcwXcorridorsimple(1)corridorcargo(2)[RotYccwXcorridorsimple(2)]corridorcargo(2)corridorsimple(2)[RotYccwXcorridorsimple(1)thrusters(1)]thrusters(1)]thrusters(1)]thrusters
Fitness: [0.5961799366698206, 0.06140471020795303, 0.9884754470650566, 0.8970789675694851]

cockpitcorridorsimple(1)corridorcargo(1)corridorgyros(1)corridorcargo(2)[RotYccwXcorridorsimple(1)][RotYcwXcorridorsimple(1)corridorreactors(1)corridorsimple(1)corridorsimple(1)thrusters(1)]thrusters
Fitness: [0.8996346139794404, 0.07942368240389157, 0.9654580419189099, 0.32408067898789034]

cockpitcorridorsimple(1)corridorreactors(1)corridorgyros(1)[RotYcwXcorridorsimple(1)corridorcargo(1)thrusters(1)][RotYccwXcorridorsimple(1)]thrusters
Fitness: [0.9952200772006097, 0.06474546595603259, 0.9741943450777797, 0.6600364066797921]

cockpitcorridorsimple(1)corridorsimple(1)corridorcargo(2)corridorreactors(1)corridorgyros(1)[RotYccwXcorridorsimple(1)corridorreactors(2)[RotYccwXcorridorsimple(1)[RotYccwZcorridorsimple(1)corridorcargo(2)thrusters(1)]corridorreactors(2)[RotYccwXcorridorsimple(1)thrusters(1)]thrusters(1)]thrusters(1)]thrusters
Fitness: [0.6883089667282183, 0.07008820614144938, 0.9987982969011677, 0.9823620131633614]

cockpitcorridorsimple(1)[RotYcwZcorridorsimple(1)corridorsimple(1)corridorsimple(1)[RotYccwZcorridorsimple(2)][RotYcwZcorridorsimple(1)][RotYcwXcorridorsimple(1)corridorcargo(1)[RotYcwXcorridorsimple(2)]thrusters(1)]corridorreactors(2)thrusters(1)]corridorgyros(1)corridorcargo(1)[RotYcwZcorridorsimple(1)[RotYcwXcorridorsimple(1)[RotYccwXcorridorsimple(1)][RotYcwXcorridorsimple(2)]thrusters(1)]corridorsimple(2)corridorreactors(2)thrusters(1)]thrusters
Fitness: [0.8592315912519354, 0.03876890996020512, 0.9999521551339675, 0.9969648073421917]

cockpitcorridorsimple(1)corridorsimple(1)corridorcargo(1)[RotYccwXcorridorsimple(1)corridorreactors(2)thrusters(1)]corridorgyros(2)thrusters
Fitness: [0.9576167616077186, 0.05283552860389384, 0.9945222048467368, 0.32408067898789034]

cockpitcorridorsimple(1)corridorreactors(2)corridorgyros(1)[RotYccwXcorridorsimple(1)corridorcargo(1)thrusters(1)][RotYcwZcorridorsimple(1)[RotYcwZcorridorsimple(1)corridorsimple(1)[RotYccwXcorridorsimple(1)corridorcargo(1)thrusters(1)]corridorcargo(2)thrusters(1)]corridorcargo(2)thrusters(1)]thrusters
Fitness: [0.9046239856082882, 0.10980783813640112, 0.9973337727610381, 0.9212449863511522]

cockpitcorridorsimple(1)[RotYcwXcorridorsimple(1)corridorreactors(1)corridorsimple(1)[RotYcwXcorridorsimple(1)][RotYccwXcorridorsimple(2)]thrusters(1)]corridorcargo(1)corridorreactors(1)corridorgyros(1)thrusters
Fitness: [0.9945824236556696, 0.04342843988357103, 0.9953430268747088, 0.4192680122431562]

cockpitcorridorsimple(1)corridorcargo(1)corridorsimple(1)corridorcargo(2)[RotYccwXcorridorsimple(1)[RotYcwXcorridorsimple(1)][RotYccwXcorridorsimple(1)corridorcargo(2)corridorreactors(1)thrusters(1)]corridorcargo(2)corridorsimple(2)thrusters(1)]corridorgyros(1)thrusters
Fitness: [0.9935814533201486, 0.10831059947927443, 0.9779439483443327, 0.2058232959486169]

cockpitcorridorsimple(1)[RotYccwXcorridorsimple(1)corridorsimple(1)[RotYcwXcorridorsimple(1)corridorcargo(2)[RotYccwXcorridorsimple(1)]thrusters(1)]corridorsimple(1)corridorcargo(1)thrusters(1)]corridorreactors(1)corridorcargo(1)corridorgyros(1)thrusters
Fitness: [0.9973087599683611, 0.07527164777857367, 0.9953430268747088, 0.4192680122431562]

cockpitcorridorsimple(1)[RotYccwZcorridorsimple(2)][RotYcwZcorridorsimple(2)][RotYccwXcorridorsimple(1)corridorsimple(1)corridorcargo(2)corridorgyros(1)thrusters(1)]corridorreactors(1)[RotYccwXcorridorsimple(1)corridorcargo(1)corridorcargo(2)corridorgyros(1)thrusters(1)]corridorcargo(2)[RotYccwXcorridorsimple(1)corridorsimple(1)[RotYccwXcorridorsimple(2)]corridorcargo(2)corridorgyros(1)thrusters(1)]thrusters
Fitness: [0.732834592232046, 0.08289021248863843, 0.9364281286290421, 0.9987557168292556]

cockpitcorridorsimple(1)[RotYccwXcorridorsimple(2)][RotYccwZcorridorsimple(1)[RotYccwZcorridorsimple(1)][RotYccwXcorridorsimple(1)corridorcargo(1)corridorgyros(1)thrusters(1)][RotYcwZcorridorsimple(1)corridorcargo(2)thrusters(1)]corridorcargo(2)corridorsimple(2)thrusters(1)]corridorgyros(1)corridorcargo(2)corridorreactors(2)thrusters
Fitness: [0.5734432284541537, 0.094250511323714, 0.9733939245951828, 0.9944240389233395]

cockpitcorridorsimple(1)[RotYcwZcorridorsimple(1)[RotYccwZcorridorsimple(1)thrusters(1)][RotYccwXcorridorsimple(1)]corridorcargo(1)corridorreactors(2)thrusters(1)]corridorsimple(1)[RotYcwXcorridorsimple(1)thrusters(1)]corridorsimple(1)[RotYcwZcorridorsimple(1)[RotYccwXcorridorsimple(1)][RotYccwZcorridorsimple(1)][RotYcwXcorridorsimple(1)[RotYcwZcorridorsimple(2)]thrusters(1)]corridorcargo(1)corridorreactors(2)thrusters(1)]corridorgyros(2)[RotYcwZcorridorsimple(1)[RotYcwXcorridorsimple(1)corridorsimple(1)[RotYccwXcorridorsimple(2)][RotYcwXcorridorsimple(2)]thrusters(1)]corridorcargo(1)corridorreactors(2)thrusters(1)]thrusters
Fitness: [0.7445567528862299, 0.04370108046470905, 0.9945452890051032, 0.9946624467187211]

cockpitcorridorsimple(1)corridorgyros(1)corridorcargo(1)[RotYcwXcorridorsimple(1)corridorsimple(1)corridorreactors(1)[RotYccwXcorridorsimple(1)corridorcargo(1)thrusters(1)]thrusters(1)]corridorreactors(1)thrusters
Fitness: [0.9954569987125494, 0.07049178328476684, 0.9953430268747088, 0.4192680122431562]

cockpitcorridorsimple(1)[RotYccwXcorridorsimple(1)][RotYcwZcorridorsimple(2)][RotYccwZcorridorsimple(2)][RotYcwXcorridorsimple(1)corridorsimple(1)corridorcargo(2)thrusters(1)]corridorreactors(2)corridorgyros(1)corridorsimple(1)[RotYccwXcorridorsimple(1)[RotYccwXcorridorsimple(1)thrusters(1)]corridorreactors(2)thrusters(1)][RotYcwXcorridorsimple(1)[RotYcwXcorridorsimple(2)]corridorsimple(2)corridorcargo(2)thrusters(1)]corridorcargo(1)thrusters
Fitness: [0.46910127979849386, 0.05482355671118004, 0.9490750089165353, 0.7745988935418859]

cockpitcorridorsimple(1)[RotYcwZcorridorsimple(2)][RotYccwZcorridorsimple(2)][RotYccwXcorridorsimple(1)[RotYcwXcorridorsimple(1)][RotYccwXcorridorsimple(2)]corridorreactors(2)thrusters(1)]corridorgyros(1)corridorreactors(1)corridorcargo(2)thrusters
Fitness: [0.5908667960488825, 0.04211110942815673, 0.9993713536971017, 0.9999151202188156]