

cockpitcorridorsimple(1)[RotYcwZcorridorsimple(2)]corridorcargo(1)corridorreactors(1)corridorcargo(1)[RotYcwZcorridorsimple(1)[RotYccwXcorridorsimple(1)]thrusters(1)][RotYccwXcorridorsimple(1)corridorgyros(2)[RotYccwXcorridorsimple(1)[RotYcwZcorridorsimple(1)]corridorgyros(2)[RotYcwZcorridorsimple(1)]thrusters(1)]thrusters(1)]thrusters
Fitness: [0.8652602709156545, 0.04023367733711057, 0.9971192287596778, 0.9823071203593062]

cockpitcorridorsimple(1)corridorgyros(2)corridorsimple(1)[RotYccwXcorridorsimple(1)corridorcargo(1)corridorcargo(2)[RotYccwXcorridorsimple(1)[RotYccwZcorridorsimple(1)[RotYccwXcorridorsimple(1)[RotYcwXcorridorsimple(1)][RotYccwZcorridorsimple(1)][RotYcwZcorridorsimple(1)thrusters(1)]corridorreactors(2)thrusters(1)]thrusters(1)]corridorreactors(2)thrusters(1)]thrusters(1)][RotYccwZcorridorsimple(2)]corridorcargo(1)[RotYccwXcorridorsimple(1)[RotYcwZcorridorsimple(1)thrusters(1)]corridorreactors(2)thrusters(1)]thrusters
Fitness: [0.7713855646119403, 0.058601425195246866, 0.9925163312289281, 0.9929023081566732]

cockpitcorridorsimple(1)corridorgyros(1)[RotYccwXcorridorsimple(1)thrusters(1)][RotYcwXcorridorsimple(1)[RotYcwZcorridorsimple(1)][RotYccwZcorridorsimple(1)]corridorcargo(2)thrusters(1)]corridorreactors(1)thrusters
Fitness: [0.7385098061741334, 0.06962446008375298, 0.8589043840896695, 0.9771040931323952]

cockpitcorridorsimple(1)[RotYccwXcorridorsimple(1)[RotYccwZcorridorsimple(1)]corridorcargo(1)[RotYccwZcorridorsimple(1)[RotYcwZcorridorsimple(2)]thrusters(1)]corridorgyros(1)thrusters(1)]corridorcargo(1)[RotYccwXcorridorsimple(1)[RotYccwZcorridorsimple(1)[RotYcwZcorridorsimple(1)]thrusters(1)]corridorcargo(1)[RotYccwZcorridorsimple(2)]corridorgyros(1)thrusters(1)]corridorreactors(2)[RotYccwXcorridorsimple(1)[RotYccwXcorridorsimple(2)][RotYccwZcorridorsimple(1)[RotYccwZcorridorsimple(2)]thrusters(1)]corridorcargo(1)[RotYccwZcorridorsimple(2)]corridorgyros(1)thrusters(1)]thrusters
Fitness: [0.9168051213919325, 0.038898069224220344, 0.9831772828620494, 0.942687676303899]

cockpitcorridorsimple(1)corridorgyros(1)corridorreactors(1)corridorcargo(1)[RotYcwXcorridorsimple(1)corridorsimple(1)[RotYcwZcorridorsimple(1)][RotYccwZcorridorsimple(1)][RotYcwXcorridorsimple(1)[RotYccwXcorridorsimple(1)]corridorsimple(2)[RotYcwXcorridorsimple(1)]corridorreactors(1)thrusters(1)]corridorreactors(1)thrusters(1)]thrusters
Fitness: [0.9297543358207195, 0.03775750140994746, 0.9573432384155098, 0.8461831278456599]

cockpitcorridorsimple(1)corridorgyros(1)corridorreactors(2)corridorcargo(2)[RotYccwXcorridorsimple(1)corridorsimple(1)corridorsimple(1)[RotYccwXcorridorsimple(1)corridorsimple(1)corridorcargo(2)corridorcargo(1)corridorgyros(2)thrusters(1)]corridorgyros(2)thrusters(1)]thrusters
Fitness: [0.9872383252410283, 0.06759415151761947, 0.9995455211729816, 0.08915271471191194]

cockpitcorridorsimple(1)[RotYccwXcorridorsimple(1)corridorreactors(2)[RotYcwXcorridorsimple(1)corridorcargo(2)corridorsimple(1)corridorcargo(1)thrusters(1)]thrusters(1)]corridorsimple(1)corridorgyros(1)corridorreactors(1)corridorcargo(1)thrusters
Fitness: [0.9985086866265186, 0.07453925220932021, 0.9256100536800266, 0.28060419687296545]

cockpitcorridorsimple(1)corridorgyros(2)corridorcargo(1)corridorcargo(1)[RotYccwXcorridorsimple(1)[RotYccwXcorridorsimple(1)corridorsimple(1)[RotYcwXcorridorsimple(2)]thrusters(1)]corridorsimple(1)corridorcargo(1)corridorreactors(1)thrusters(1)]thrusters
Fitness: [0.9790699272303659, 0.058264631201926424, 0.9555858879213601, 0.24091965022174178]

cockpitcorridorsimple(1)[RotYccwZcorridorsimple(1)corridorsimple(2)[RotYccwXcorridorsimple(1)thrusters(1)]corridorgyros(1)thrusters(1)]corridorreactors(2)[RotYccwZcorridorsimple(1)[RotYcwXcorridorsimple(2)][RotYccwZcorridorsimple(1)[RotYccwXcorridorsimple(2)][RotYcwXcorridorsimple(2)]corridorcargo(1)thrusters(1)]corridorgyros(1)thrusters(1)]corridorcargo(1)thrusters
Fitness: [0.7436754215199475, 0.045678125761419004, 0.9999521551339675, 0.9969648073421917]

cockpitcorridorsimple(1)corridorreactors(1)corridorgyros(1)[RotYccwXcorridorsimple(1)[RotYcwXcorridorsimple(1)][RotYccwXcorridorsimple(1)corridorreactors(1)corridorcargo(1)thrusters(1)]corridorcargo(1)[RotYccwXcorridorsimple(1)corridorsimple(1)corridorcargo(1)thrusters(1)]corridorgyros(1)thrusters(1)]corridorcargo(2)thrusters
Fitness: [0.9998698367015793, 0.08232757355615422, 0.9506935739065413, 0.2058232959486169]

cockpitcorridorsimple(1)corridorreactors(1)corridorsimple(1)corridorreactors(1)corridorgyros(1)[RotYccwXcorridorsimple(1)[RotYccwXcorridorsimple(1)corridorsimple(1)corridorsimple(1)corridorsimple(1)[RotYcwXcorridorsimple(1)]corridorcargo(2)thrusters(1)][RotYcwZcorridorsimple(2)]corridorgyros(1)corridorcargo(2)thrusters(1)]thrusters
Fitness: [0.8316169850608754, 0.05552505201072549, 0.9738498831820442, 0.8086728880671094]

cockpitcorridorsimple(1)corridorcargo(1)corridorreactors(2)corridorgyros(1)[RotYccwZcorridorsimple(1)[RotYccwZcorridorsimple(1)[RotYcwZcorridorsimple(1)][RotYcwXcorridorsimple(1)]corridorsimple(1)corridorsimple(1)corridorgyros(1)corridorsimple(1)corridorsimple(2)[RotYcwXcorridorsimple(1)[RotYcwZcorridorsimple(2)]corridorgyros(1)thrusters(1)]thrusters(1)]corridorsimple(2)[RotYcwXcorridorsimple(2)]thrusters(1)]thrusters
Fitness: [0.6688092437703188, 0.02913082477799843, 0.9945222048467368, 0.9977868806061316]

cockpitcorridorsimple(1)corridorsimple(1)[RotYccwZcorridorsimple(1)[RotYccwZcorridorsimple(1)][RotYcwZcorridorsimple(1)]corridorreactors(2)thrusters(1)][RotYccwXcorridorsimple(2)]corridorcargo(1)corridorsimple(1)corridorgyros(1)[RotYccwXcorridorsimple(1)[RotYcwXcorridorsimple(1)thrusters(1)][RotYccwZcorridorsimple(1)corridorreactors(2)thrusters(1)][RotYccwXcorridorsimple(1)thrusters(1)]thrusters(1)][RotYccwZcorridorsimple(1)corridorreactors(2)thrusters(1)]thrusters
Fitness: [0.9496031539842466, 0.05237789536532241, 0.9458600796465829, 0.8566755195529685]

cockpitcorridorsimple(1)[RotYccwZcorridorsimple(1)corridorsimple(1)corridorreactors(2)corridorgyros(1)thrusters(1)]corridorcargo(2)[RotYccwXcorridorsimple(1)corridorsimple(1)[RotYccwZcorridorsimple(1)corridorreactors(2)corridorgyros(1)thrusters(1)]thrusters(1)][RotYccwZcorridorsimple(1)corridorreactors(2)corridorgyros(1)thrusters(1)]thrusters
Fitness: [0.9300376701168328, 0.05523653337363028, 0.9971192287596778, 0.9987557168292556]

cockpitcorridorsimple(1)[RotYcwXcorridorsimple(1)thrusters(1)][RotYccwXcorridorsimple(1)corridorcargo(1)thrusters(1)]corridorreactors(1)corridorgyros(1)thrusters
Fitness: [0.9938491752190305, 0.08952877994600922, 0.9979311590806831, 0.6600364066797921]

cockpitcorridorsimple(1)corridorcargo(1)corridorgyros(1)[RotYcwXcorridorsimple(1)corridorsimple(1)thrusters(1)][RotYccwXcorridorsimple(1)[RotYcwXcorridorsimple(2)]thrusters(1)]corridorreactors(1)thrusters
Fitness: [0.9844093650120908, 0.051949974468167286, 0.9848413713814133, 0.4192680122431562]

cockpitcorridorsimple(1)corridorreactors(1)corridorcargo(2)[RotYccwXcorridorsimple(1)thrusters(1)][RotYcwXcorridorsimple(1)corridorgyros(1)thrusters(1)]thrusters
Fitness: [0.9759451834622161, 0.0988457404763659, 0.9945222048467368, 0.5201134269766985]

cockpitcorridorsimple(1)corridorreactors(2)corridorsimple(1)corridorgyros(1)[RotYccwZcorridorsimple(1)thrusters(1)][RotYccwXcorridorsimple(1)[RotYcwXcorridorsimple(1)][RotYccwZcorridorsimple(1)]corridorcargo(2)corridorsimple(1)[RotYcwXcorridorsimple(1)][RotYccwXcorridorsimple(1)[RotYccwXcorridorsimple(1)][RotYccwZcorridorsimple(1)corridorcargo(2)thrusters(1)]corridorcargo(2)corridorsimple(1)[RotYccwXcorridorsimple(2)][RotYccwZcorridorsimple(2)]thrusters(1)]thrusters(1)]thrusters
Fitness: [0.7145907858263915, 0.05887717364376498, 0.9866296284909978, 0.9823620131633614]

cockpitcorridorsimple(1)[RotYccwZcorridorsimple(2)][RotYcwZcorridorsimple(2)]corridorcargo(1)corridorreactors(2)corridorgyros(1)[RotYcwXcorridorsimple(1)corridorcargo(2)corridorsimple(1)[RotYcwXcorridorsimple(1)corridorsimple(1)corridorsimple(1)corridorsimple(2)[RotYcwXcorridorsimple(1)][RotYccwXcorridorsimple(1)]corridorsimple(1)corridorreactors(2)thrusters(1)]corridorreactors(2)thrusters(1)]thrusters
Fitness: [0.5741521322449936, 0.039323608717459387, 0.8697429892030417, 0.8970789675694851]

cockpitcorridorsimple(1)corridorcargo(2)corridorgyros(1)[RotYcwZcorridorsimple(1)thrusters(1)][RotYccwXcorridorsimple(1)[RotYcwZcorridorsimple(2)][RotYccwXcorridorsimple(1)[RotYcwZcorridorsimple(2)]corridorreactors(1)thrusters(1)]corridorreactors(1)thrusters(1)]thrusters
Fitness: [0.9888617222888197, 0.05762895642358172, 0.9999854561938708, 0.9909555298906021]

cockpitcorridorsimple(1)corridorcargo(2)corridorreactors(1)corridorsimple(1)[RotYcwXcorridorsimple(1)[RotYccwXcorridorsimple(1)][RotYcwXcorridorsimple(1)corridorcargo(2)thrusters(1)]corridorgyros(1)thrusters(1)][RotYccwXcorridorsimple(1)corridorsimple(1)thrusters(1)]corridorgyros(1)thrusters
Fitness: [0.9659167159104443, 0.08785866394798594, 0.9987982969011677, 0.1325367938389053]

cockpitcorridorsimple(1)[RotYccwZcorridorsimple(1)][RotYcwZcorridorsimple(1)][RotYcwXcorridorsimple(1)[RotYccwZcorridorsimple(1)][RotYcwXcorridorsimple(1)thrusters(1)][RotYcwZcorridorsimple(2)][RotYccwXcorridorsimple(2)]corridorcargo(1)corridorsimple(1)[RotYcwZcorridorsimple(2)][RotYccwZcorridorsimple(2)]corridorgyros(1)thrusters(1)]corridorreactors(1)corridorgyros(1)[RotYcwXcorridorsimple(1)[RotYcwZcorridorsimple(1)thrusters(1)]corridorcargo(1)corridorsimple(1)corridorcargo(1)corridorgyros(1)thrusters(1)]corridorcargo(2)thrusters
Fitness: [0.732048433550031, 0.05013931625218388, 0.979948333413072, 0.9856790469367731]

cockpitcorridorsimple(1)corridorcargo(2)[RotYcwXcorridorsimple(1)][RotYccwXcorridorsimple(1)corridorreactors(1)thrusters(1)]corridorgyros(1)thrusters
Fitness: [0.9769125397121045, 0.0840912483302005, 0.9999854561938708, 0.5698975755636032]

cockpitcorridorsimple(1)[RotYcwXcorridorsimple(1)[RotYccwXcorridorsimple(1)]corridorgyros(2)[RotYcwXcorridorsimple(1)][RotYccwXcorridorsimple(1)corridorreactors(1)corridorgyros(2)corridorreactors(1)thrusters(1)]thrusters(1)]corridorsimple(1)corridorcargo(2)corridorgyros(2)corridorgyros(1)thrusters
Fitness: [0.997503452996917, 0.04494691490867576, 0.9793477401574364, 0.08444309556422999]

cockpitcorridorsimple(1)corridorreactors(1)corridorgyros(1)[RotYccwXcorridorsimple(1)thrusters(1)][RotYcwXcorridorsimple(1)corridorcargo(1)thrusters(1)]thrusters
Fitness: [0.9934186472354546, 0.08261729647863926, 0.9979311590806831, 0.6600364066797921]

cockpitcorridorsimple(1)corridorcargo(1)corridorsimple(1)[RotYcwXcorridorsimple(1)[RotYcwZcorridorsimple(1)][RotYccwZcorridorsimple(1)]corridorsimple(1)[RotYccwXcorridorsimple(1)][RotYcwXcorridorsimple(1)]corridorcargo(1)thrusters(1)]corridorreactors(1)corridorgyros(1)thrusters
Fitness: [0.744548492276851, 0.04437958385306727, 0.9987301238926191, 0.8675816702916915]

cockpitcorridorsimple(1)corridorcargo(2)[RotYcwXcorridorsimple(1)corridorcargo(1)corridorreactors(2)thrusters(1)]corridorgyros(1)corridorreactors(1)thrusters
Fitness: [0.9196006381055065, 0.08136746517349767, 0.9779439483443327, 0.2058232959486169]

cockpitcorridorsimple(1)[RotYcwZcorridorsimple(2)][RotYccwZcorridorsimple(2)][RotYccwXcorridorsimple(1)corridorreactors(1)corridorcargo(1)thrusters(1)]corridorsimple(1)corridorcargo(2)corridorgyros(1)[RotYcwXcorridorsimple(1)thrusters(1)]thrusters
Fitness: [0.549304142274652, 0.06735218696271601, 0.9998918649736985, 0.9896175224527649]

cockpitcorridorsimple(1)[RotYcwXcorridorsimple(1)]corridorcargo(1)[RotYcwXcorridorsimple(1)corridorsimple(2)corridorreactors(2)thrusters(1)]corridorgyros(2)[RotYcwXcorridorsimple(1)[RotYccwZcorridorsimple(2)][RotYcwZcorridorsimple(2)]corridorreactors(2)thrusters(1)]thrusters
Fitness: [0.6656093339609476, 0.03741291284156383, 0.9997308692326029, 0.9938610316304384]

cockpitcorridorsimple(1)corridorreactors(1)corridorcargo(2)[RotYccwXcorridorsimple(1)[RotYccwXcorridorsimple(1)]thrusters(1)][RotYccwZcorridorsimple(1)[RotYccwZcorridorsimple(1)[RotYcwZcorridorsimple(1)thrusters(1)][RotYccwXcorridorsimple(1)[RotYcwZcorridorsimple(2)]thrusters(1)]corridorgyros(1)thrusters(1)]corridorgyros(1)thrusters(1)]thrusters
Fitness: [0.9608296436378785, 0.060445855101555965, 0.979948333413072, 0.9916345312027456]

cockpitcorridorsimple(1)corridorreactors(2)corridorcargo(2)[RotYccwZcorridorsimple(1)[RotYccwXcorridorsimple(2)][RotYccwZcorridorsimple(1)corridorcargo(1)corridorcargo(1)[RotYcwXcorridorsimple(1)thrusters(1)]corridorgyros(2)thrusters(1)]corridorgyros(2)thrusters(1)][RotYcwXcorridorsimple(1)]thrusters
Fitness: [0.7217892605540165, 0.06595902083742343, 0.9866296284909978, 0.9554084133633566]

cockpitcorridorsimple(1)[RotYccwXcorridorsimple(2)][RotYcwXcorridorsimple(1)[RotYcwXcorridorsimple(1)]corridorsimple(1)thrusters(1)]corridorgyros(1)corridorcargo(1)corridorreactors(1)thrusters
Fitness: [0.9521463314688197, 0.045956956198868366, 0.9953430268747088, 0.4192680122431562]

cockpitcorridorsimple(1)corridorsimple(1)[RotYcwXcorridorsimple(1)[RotYcwXcorridorsimple(1)]thrusters(1)]corridorgyros(1)corridorcargo(1)[RotYcwXcorridorsimple(1)thrusters(1)][RotYccwZcorridorsimple(1)[RotYccwZcorridorsimple(1)corridorcargo(2)[RotYcwZcorridorsimple(1)thrusters(1)][RotYcwXcorridorsimple(2)]corridorreactors(1)thrusters(1)][RotYcwXcorridorsimple(2)]corridorreactors(1)thrusters(1)]thrusters
Fitness: [0.9690851475065236, 0.05861913145266566, 0.9997349345197901, 0.942687676303899]

cockpitcorridorsimple(1)[RotYcwXcorridorsimple(1)thrusters(1)]corridorgyros(1)corridorcargo(1)[RotYcwXcorridorsimple(1)corridorreactors(1)[RotYcwXcorridorsimple(1)corridorcargo(1)thrusters(1)]thrusters(1)]thrusters
Fitness: [0.994198200696637, 0.07966198857758354, 0.9999854561938708, 0.5698975755636032]

cockpitcorridorsimple(1)[RotYcwXcorridorsimple(2)][RotYccwXcorridorsimple(1)][RotYcwZcorridorsimple(1)[RotYccwZcorridorsimple(2)][RotYccwXcorridorsimple(1)]corridorcargo(1)corridorgyros(1)thrusters(1)]corridorreactors(2)[RotYcwZcorridorsimple(1)[RotYcwZcorridorsimple(1)][RotYccwXcorridorsimple(1)][RotYccwZcorridorsimple(2)][RotYcwXcorridorsimple(1)[RotYccwZcorridorsimple(1)thrusters(1)][RotYcwXcorridorsimple(1)thrusters(1)]thrusters(1)]corridorgyros(1)thrusters(1)]corridorcargo(1)thrusters
Fitness: [0.8304939593873546, 0.04766542609158978, 0.9945222048467368, 0.9969648073421917]

cockpitcorridorsimple(1)[RotYcwZcorridorsimple(1)[RotYcwZcorridorsimple(1)]corridorgyros(1)thrusters(1)]corridorsimple(1)corridorcargo(1)[RotYcwZcorridorsimple(1)[RotYcwXcorridorsimple(1)[RotYcwXcorridorsimple(1)][RotYccwXcorridorsimple(2)][RotYcwZcorridorsimple(1)[RotYcwXcorridorsimple(1)]corridorgyros(1)thrusters(1)]thrusters(1)]corridorgyros(1)thrusters(1)]corridorreactors(1)thrusters
Fitness: [0.9920134174615053, 0.04012361045546215, 0.9624183270502771, 0.9623871549462587]

cockpitcorridorsimple(1)corridorcargo(1)corridorgyros(1)corridorreactors(1)[RotYcwXcorridorsimple(1)[RotYcwXcorridorsimple(1)corridorsimple(1)corridorcargo(2)corridorsimple(2)thrusters(1)]corridorcargo(2)thrusters(1)]thrusters
Fitness: [0.9934010987343992, 0.09304012653596412, 0.9993525659509935, 0.4192680122431562]

cockpitcorridorsimple(1)corridorcargo(1)corridorgyros(2)[RotYcwXcorridorsimple(1)thrusters(1)][RotYccwXcorridorsimple(1)corridorreactors(1)thrusters(1)]thrusters
Fitness: [0.9714496052299385, 0.07593287027843011, 0.9976056867057482, 0.46945268105018256]

cockpitcorridorsimple(1)corridorgyros(2)corridorcargo(1)[RotYccwXcorridorsimple(1)[RotYcwXcorridorsimple(1)]corridorreactors(1)[RotYccwXcorridorsimple(1)[RotYccwXcorridorsimple(1)]corridorreactors(1)[RotYccwXcorridorsimple(1)[RotYccwZcorridorsimple(1)][RotYcwZcorridorsimple(2)][RotYcwXcorridorsimple(1)]corridorcargo(1)thrusters(1)]thrusters(1)]thrusters(1)]corridorreactors(1)thrusters
Fitness: [0.8673556535129409, 0.042550368052515025, 0.925010217932822, 0.9139079136183755]

cockpitcorridorsimple(1)corridorsimple(1)corridorcargo(2)corridorreactors(1)[RotYcwXcorridorsimple(1)[RotYcwXcorridorsimple(1)[RotYccwXcorridorsimple(2)][RotYcwZcorridorsimple(2)][RotYccwZcorridorsimple(2)]corridorreactors(1)corridorgyros(2)thrusters(1)]corridorgyros(2)thrusters(1)]thrusters
Fitness: [0.7230404792510982, 0.04168708086158458, 0.981730313247119, 0.9999151202188156]

cockpitcorridorsimple(1)corridorreactors(1)corridorcargo(1)corridorcargo(1)[RotYccwXcorridorsimple(1)corridorsimple(1)[RotYccwXcorridorsimple(1)corridorcargo(1)[RotYcwXcorridorsimple(2)]thrusters(1)]corridorgyros(1)thrusters(1)]thrusters
Fitness: [0.9934834204813371, 0.06688639535332361, 0.9844714593870623, 0.5201134269766985]

cockpitcorridorsimple(1)[RotYccwXcorridorsimple(1)[RotYccwXcorridorsimple(1)][RotYccwZcorridorsimple(1)corridorgyros(2)thrusters(1)]thrusters(1)][RotYccwZcorridorsimple(1)corridorgyros(2)thrusters(1)]corridorcargo(2)[RotYccwZcorridorsimple(1)corridorgyros(2)thrusters(1)]corridorreactors(1)thrusters
Fitness: [0.9330356400618425, 0.0596980432247404, 0.9987301238926191, 0.9212449863511522]

cockpitcorridorsimple(1)corridorcargo(2)[RotYccwXcorridorsimple(1)corridorcargo(1)[RotYccwXcorridorsimple(1)corridorcargo(2)thrusters(1)]corridorreactors(1)thrusters(1)]corridorgyros(1)[RotYccwXcorridorsimple(2)]thrusters
Fitness: [0.9989768037014322, 0.0930706750868624, 0.9892742959564977, 0.32408067898789034]

cockpitcorridorsimple(1)corridorreactors(1)corridorcargo(2)corridorgyros(1)[RotYccwXcorridorsimple(1)[RotYcwZcorridorsimple(2)]corridorsimple(1)[RotYccwZcorridorsimple(1)][RotYccwXcorridorsimple(1)[RotYcwZcorridorsimple(2)]corridorcargo(1)corridorsimple(1)[RotYccwXcorridorsimple(1)][RotYcwXcorridorsimple(2)]corridorcargo(1)thrusters(1)]corridorcargo(1)thrusters(1)]thrusters
Fitness: [0.8457228924567121, 0.051217803950853964, 0.9909072552846088, 0.9683559850987495]

cockpitcorridorsimple(1)[RotYcwXcorridorsimple(1)[RotYccwXcorridorsimple(1)]corridorreactors(2)corridorgyros(1)thrusters(1)]corridorgyros(1)[RotYcwXcorridorsimple(1)[RotYccwZcorridorsimple(1)][RotYcwZcorridorsimple(1)]corridorreactors(2)corridorgyros(1)thrusters(1)]corridorcargo(1)thrusters
Fitness: [0.9206161347791999, 0.042153658121273654, 0.9950162654557659, 0.8265466488845487]

cockpitcorridorsimple(1)corridorgyros(2)[RotYccwXcorridorsimple(1)corridorsimple(2)thrusters(1)][RotYcwZcorridorsimple(1)[RotYccwXcorridorsimple(1)corridorgyros(1)thrusters(1)][RotYcwZcorridorsimple(2)]corridorreactors(1)thrusters(1)]corridorcargo(1)thrusters
Fitness: [0.826981125849451, 0.05400377717129026, 0.9976342976027308, 0.9842315340234313]