

cockpitcorridorsimple(1)[RotYcwZcorridorsimple(2)][RotYccwZcorridorsimple(2)]corridorreactors(1)corridorcargo(1)[RotYcwXcorridorsimple(1)corridorcargo(1)corridorcargo(1)[RotYcwXcorridorsimple(1)corridorcargo(2)corridorreactors(1)thrusters(1)]corridorsimple(1)[RotYcwXcorridorsimple(1)corridorcargo(2)corridorreactors(1)thrusters(1)]thrusters(1)]corridorgyros(2)thrusters
Fitness: [0.6924812816584461, 0.07344298146807379, 0.9878421223782042, 0.9615064697486179]

cockpitcorridorsimple(1)[RotYcwXcorridorsimple(1)corridorsimple(2)thrusters(1)]corridorsimple(1)corridorreactors(1)[RotYcwZcorridorsimple(1)[RotYcwXcorridorsimple(1)corridorsimple(1)[RotYcwZcorridorsimple(1)thrusters(1)]thrusters(1)]corridorgyros(2)thrusters(1)]corridorcargo(2)thrusters
Fitness: [0.6376186344656896, 0.056267816665378965, 0.9925163312289281, 0.9835841793860473]

cockpitcorridorsimple(1)corridorgyros(1)corridorcargo(2)corridorreactors(1)[RotYccwXcorridorsimple(1)corridorcargo(2)corridorsimple(1)[RotYccwXcorridorsimple(1)[RotYccwXcorridorsimple(1)thrusters(1)][RotYcwZcorridorsimple(1)corridorcargo(1)thrusters(1)]corridorgyros(2)thrusters(1)]thrusters(1)]thrusters
Fitness: [0.7989452869585673, 0.0914924054188775, 0.9909072552846088, 0.9683559850987495]

cockpitcorridorsimple(1)[RotYccwXcorridorsimple(1)corridorreactors(1)[RotYcwXcorridorsimple(1)][RotYccwXcorridorsimple(1)thrusters(1)]thrusters(1)]corridorcargo(1)corridorcargo(1)corridorgyros(1)thrusters
Fitness: [1.000009467323332, 0.07549943512834023, 0.9999854561938708, 0.5698975755636032]

cockpitcorridorsimple(1)[RotYcwXcorridorsimple(1)corridorcargo(1)[RotYccwZcorridorsimple(2)]thrusters(1)]corridorreactors(1)corridorsimple(1)[RotYccwZcorridorsimple(1)][RotYcwZcorridorsimple(1)thrusters(1)][RotYcwXcorridorsimple(1)corridorcargo(1)corridorcargo(1)corridorsimple(1)corridorgyros(1)[RotYcwXcorridorsimple(1)[RotYccwZcorridorsimple(2)]thrusters(1)]thrusters(1)]corridorcargo(2)[RotYcwXcorridorsimple(1)corridorcargo(1)[RotYccwZcorridorsimple(2)]thrusters(1)]thrusters
Fitness: [0.6774980331663698, 0.06264742648241381, 0.9925163312289281, 0.9747140461929908]

cockpitcorridorsimple(1)corridorcargo(1)corridorreactors(1)corridorgyros(1)[RotYccwXcorridorsimple(1)corridorgyros(2)thrusters(1)]thrusters
Fitness: [0.975242276417428, 0.05829692562612843, 0.9848413713814133, 0.4192680122431562]

cockpitcorridorsimple(1)corridorreactors(1)corridorgyros(2)[RotYcwZcorridorsimple(1)corridorsimple(1)thrusters(1)][RotYccwXcorridorsimple(1)[RotYcwZcorridorsimple(2)][RotYccwXcorridorsimple(1)[RotYcwZcorridorsimple(1)[RotYcwXcorridorsimple(1)]thrusters(1)][RotYcwXcorridorsimple(1)]corridorcargo(2)thrusters(1)]corridorcargo(2)thrusters(1)]thrusters
Fitness: [0.9213200435725496, 0.06812041228693297, 0.972078385749811, 0.9987557168292556]

cockpitcorridorsimple(1)[RotYccwXcorridorsimple(1)thrusters(1)][RotYcwXcorridorsimple(2)][RotYccwZcorridorsimple(1)corridorsimple(1)corridorcargo(2)[RotYcwXcorridorsimple(2)]thrusters(1)]corridorsimple(1)[RotYcwXcorridorsimple(1)][RotYccwZcorridorsimple(1)][RotYccwXcorridorsimple(2)]corridorreactors(1)corridorcargo(1)corridorgyros(1)thrusters
Fitness: [0.6064542331518733, 0.0475187231093823, 0.9870656120409289, 0.9987557168292556]

cockpitcorridorsimple(1)corridorcargo(2)corridorgyros(2)[RotYccwXcorridorsimple(1)[RotYccwXcorridorsimple(1)corridorcargo(1)[RotYcwXcorridorsimple(1)thrusters(1)]corridorreactors(2)thrusters(1)]corridorreactors(2)thrusters(1)][RotYccwZcorridorsimple(2)]thrusters
Fitness: [0.7469795745863044, 0.06385069370982721, 0.9993713536971017, 0.9707593008219085]

cockpitcorridorsimple(1)[RotYcwZcorridorsimple(1)][RotYccwZcorridorsimple(1)]corridorcargo(2)[RotYccwXcorridorsimple(1)[RotYccwXcorridorsimple(2)][RotYcwXcorridorsimple(1)thrusters(1)]corridorgyros(2)thrusters(1)]corridorreactors(2)thrusters
Fitness: [0.7361346528192045, 0.052566178274465934, 0.8760008518517638, 0.7291197545075502]

cockpitcorridorsimple(1)corridorgyros(1)[RotYcwXcorridorsimple(1)corridorsimple(2)[RotYcwXcorridorsimple(1)thrusters(1)]corridorsimple(1)thrusters(1)]corridorreactors(1)corridorcargo(1)thrusters
Fitness: [0.9754661745554786, 0.05137796727728485, 0.9848413713814133, 0.4192680122431562]

cockpitcorridorsimple(1)[RotYccwXcorridorsimple(1)][RotYcwXcorridorsimple(1)]corridorcargo(2)corridorgyros(2)[RotYccwXcorridorsimple(2)][RotYcwZcorridorsimple(1)corridorreactors(1)corridorsimple(1)[RotYcwXcorridorsimple(1)thrusters(1)][RotYcwZcorridorsimple(1)corridorsimple(1)[RotYcwXcorridorsimple(2)][RotYcwZcorridorsimple(1)][RotYccwZcorridorsimple(2)]corridorcargo(1)corridorreactors(2)thrusters(1)]thrusters(1)][RotYcwXcorridorsimple(2)]thrusters
Fitness: [0.7548966270829149, 0.04161440998966257, 0.9966908073479938, 0.9938610316304384]

cockpitcorridorsimple(1)corridorcargo(1)corridorgyros(1)[RotYccwXcorridorsimple(1)corridorcargo(1)[RotYccwXcorridorsimple(1)corridorcargo(1)[RotYcwXcorridorsimple(2)]thrusters(1)]thrusters(1)]corridorreactors(1)thrusters
Fitness: [0.9999989440069139, 0.07010840396887327, 0.9993525659509935, 0.4192680122431562]

cockpitcorridorsimple(1)corridorcargo(1)corridorreactors(1)corridorgyros(1)[RotYcwXcorridorsimple(1)[RotYcwXcorridorsimple(1)corridorsimple(2)[RotYccwZcorridorsimple(1)][RotYcwZcorridorsimple(1)]corridorcargo(2)thrusters(1)]corridorcargo(2)thrusters(1)]thrusters
Fitness: [0.9150363917972807, 0.08182367889065068, 0.9904348162067349, 0.9139079136183755]

cockpitcorridorsimple(1)corridorreactors(1)[RotYcwXcorridorsimple(1)[RotYccwXcorridorsimple(1)corridorcargo(2)thrusters(1)]corridorreactors(2)thrusters(1)]corridorgyros(1)corridorcargo(2)thrusters
Fitness: [0.9828971508435501, 0.08830069143602619, 0.9779439483443327, 0.2058232959486169]

cockpitcorridorsimple(1)[RotYcwZcorridorsimple(2)][RotYcwXcorridorsimple(1)corridorsimple(1)corridorsimple(2)corridorsimple(1)[RotYcwXcorridorsimple(1)][RotYccwXcorridorsimple(1)[RotYcwZcorridorsimple(2)][RotYccwXcorridorsimple(2)]corridorgyros(2)thrusters(1)]thrusters(1)]corridorsimple(1)corridorgyros(1)corridorreactors(1)corridorcargo(1)thrusters
Fitness: [0.9366924802006138, 0.032872496539096595, 0.9973337727610381, 0.8675816702916915]

cockpitcorridorsimple(1)[RotYcwXcorridorsimple(1)[RotYcwZcorridorsimple(2)][RotYccwZcorridorsimple(2)]corridorgyros(2)thrusters(1)]corridorreactors(2)corridorcargo(1)[RotYcwXcorridorsimple(1)[RotYcwXcorridorsimple(1)]corridorgyros(2)thrusters(1)]thrusters
Fitness: [0.708020052896343, 0.03654318978334051, 0.9945222048467368, 0.9969648073421917]

cockpitcorridorsimple(1)[RotYccwZcorridorsimple(1)[RotYccwZcorridorsimple(1)thrusters(1)]corridorreactors(1)[RotYcwXcorridorsimple(2)]thrusters(1)]corridorcargo(1)[RotYcwXcorridorsimple(2)][RotYccwZcorridorsimple(1)corridorgyros(1)corridorreactors(1)[RotYcwXcorridorsimple(1)[RotYcwXcorridorsimple(2)]thrusters(1)]thrusters(1)]thrusters
Fitness: [0.9847992934316139, 0.03909277742184758, 0.9848413713814133, 0.9791182931858892]

cockpitcorridorsimple(1)corridorgyros(1)[RotYcwXcorridorsimple(1)[RotYcwXcorridorsimple(1)corridorsimple(1)thrusters(1)][RotYccwXcorridorsimple(1)thrusters(1)]corridorcargo(1)[RotYcwXcorridorsimple(2)]thrusters(1)]corridorcargo(1)corridorreactors(1)thrusters
Fitness: [0.9989804995344918, 0.06693701273372582, 0.9993525659509935, 0.4192680122431562]

cockpitcorridorsimple(1)[RotYcwXcorridorsimple(1)corridorreactors(1)corridorcargo(2)thrusters(1)]corridorcargo(1)corridorgyros(2)corridorcargo(1)thrusters
Fitness: [0.924112231909782, 0.10471456884660807, 0.9990672463904291, 0.24091965022174178]

cockpitcorridorsimple(1)[RotYcwXcorridorsimple(1)corridorsimple(1)corridorsimple(1)[RotYccwXcorridorsimple(1)thrusters(1)][RotYccwZcorridorsimple(1)][RotYcwZcorridorsimple(1)]corridorgyros(1)thrusters(1)]corridorsimple(1)corridorreactors(1)[RotYcwXcorridorsimple(1)[RotYccwXcorridorsimple(1)thrusters(1)]corridorgyros(1)thrusters(1)]corridorcargo(1)thrusters
Fitness: [0.8877229542239442, 0.048918792895054505, 0.9703760007679034, 0.9139079136183755]

cockpitcorridorsimple(1)corridorgyros(1)[RotYccwXcorridorsimple(1)[RotYccwXcorridorsimple(1)thrusters(1)]corridorsimple(1)corridorsimple(1)corridorcargo(1)thrusters(1)]corridorreactors(1)[RotYccwXcorridorsimple(1)corridorsimple(1)corridorcargo(1)corridorcargo(1)thrusters(1)]thrusters
Fitness: [0.9985846541971375, 0.07307216409967733, 0.9953430268747088, 0.4192680122431562]

cockpitcorridorsimple(1)corridorcargo(1)corridorcargo(1)corridorcargo(1)corridorreactors(1)[RotYcwXcorridorsimple(1)[RotYccwZcorridorsimple(2)][RotYcwZcorridorsimple(2)]corridorgyros(2)corridorreactors(2)thrusters(1)]thrusters
Fitness: [0.5002873880142552, 0.05298518958984607, 0.9900253316115047, 0.9615064697486179]

cockpitcorridorsimple(1)[RotYcwXcorridorsimple(1)thrusters(1)]corridorcargo(1)[RotYcwXcorridorsimple(1)[RotYccwXcorridorsimple(1)thrusters(1)]corridorreactors(1)thrusters(1)]corridorgyros(1)thrusters
Fitness: [1.0000079617761202, 0.06787305662216273, 0.9999854561938708, 0.5698975755636032]

cockpitcorridorsimple(1)corridorcargo(2)[RotYcwXcorridorsimple(1)corridorcargo(2)corridorgyros(1)thrusters(1)]corridorreactors(1)[RotYcwXcorridorsimple(1)corridorcargo(2)corridorgyros(1)thrusters(1)]thrusters
Fitness: [0.9999257143431698, 0.1217218765259494, 0.9973337727610381, 0.28060419687296545]

cockpitcorridorsimple(1)[RotYcwZcorridorsimple(1)corridorcargo(2)corridorgyros(1)corridorreactors(1)thrusters(1)][RotYccwXcorridorsimple(1)[RotYccwXcorridorsimple(1)][RotYcwZcorridorsimple(1)corridorcargo(2)corridorgyros(1)corridorreactors(1)thrusters(1)]thrusters(1)]corridorcargo(2)[RotYccwXcorridorsimple(1)thrusters(1)][RotYcwZcorridorsimple(1)corridorsimple(1)corridorcargo(1)corridorgyros(1)corridorreactors(1)thrusters(1)]thrusters
Fitness: [0.9973342842096025, 0.09413284185570214, 0.9987301238926191, 0.9212449863511522]

cockpitcorridorsimple(1)[RotYccwXcorridorsimple(1)corridorcargo(2)thrusters(1)]corridorgyros(1)[RotYccwXcorridorsimple(1)[RotYcwXcorridorsimple(1)thrusters(1)]corridorreactors(1)thrusters(1)]corridorcargo(1)thrusters
Fitness: [0.9790139502940328, 0.0945764652433529, 0.9999854561938708, 0.5698975755636032]

cockpitcorridorsimple(1)corridorgyros(2)corridorcargo(1)corridorreactors(1)[RotYccwXcorridorsimple(1)corridorcargo(2)[RotYccwXcorridorsimple(1)corridorsimple(1)corridorsimple(1)[RotYccwXcorridorsimple(1)corridorgyros(1)thrusters(1)][RotYcwZcorridorsimple(1)[RotYccwXcorridorsimple(1)]thrusters(1)]corridorcargo(2)[RotYcwXcorridorsimple(2)]thrusters(1)]thrusters(1)]thrusters
Fitness: [0.831208782628813, 0.06599775843785875, 0.9971041564779684, 0.9333029471572525]

cockpitcorridorsimple(1)corridorsimple(1)corridorreactors(1)corridorcargo(1)[RotYcwXcorridorsimple(1)[RotYccwXcorridorsimple(2)][RotYcwXcorridorsimple(1)thrusters(1)]corridorsimple(1)corridorsimple(1)[RotYccwZcorridorsimple(1)][RotYcwZcorridorsimple(1)][RotYcwXcorridorsimple(1)corridorsimple(1)corridorsimple(1)corridorcargo(1)[RotYcwXcorridorsimple(1)[RotYcwXcorridorsimple(1)]thrusters(1)]thrusters(1)]thrusters(1)]corridorgyros(1)thrusters
Fitness: [0.9611174412481096, 0.04353840601229338, 0.9798885718737451, 0.8675816702916915]

cockpitcorridorsimple(1)corridorgyros(1)corridorsimple(1)[RotYccwZcorridorsimple(1)corridorcargo(1)corridorgyros(2)thrusters(1)]corridorreactors(1)corridorcargo(1)[RotYccwZcorridorsimple(1)corridorcargo(2)[RotYccwXcorridorsimple(1)[RotYccwXcorridorsimple(2)][RotYccwZcorridorsimple(1)corridorcargo(1)corridorgyros(2)thrusters(1)]corridorcargo(1)thrusters(1)]thrusters(1)]thrusters
Fitness: [0.7637060071868016, 0.0772560225413509, 0.9987982969011677, 0.9987557168292556]

cockpitcorridorsimple(1)[RotYccwZcorridorsimple(1)][RotYcwZcorridorsimple(2)][RotYccwXcorridorsimple(1)corridorreactors(1)corridorcargo(1)corridorcargo(1)thrusters(1)]corridorreactors(2)corridorgyros(1)[RotYccwXcorridorsimple(1)corridorcargo(1)[RotYccwXcorridorsimple(1)]corridorcargo(1)corridorcargo(1)thrusters(1)]thrusters
Fitness: [0.7512927544158415, 0.06999960672467724, 0.9870656120409289, 0.9139079136183755]

cockpitcorridorsimple(1)corridorreactors(1)corridorsimple(1)corridorcargo(1)corridorgyros(1)[RotYcwZcorridorsimple(1)corridorgyros(2)[RotYcwZcorridorsimple(1)corridorsimple(2)corridorgyros(2)[RotYccwXcorridorsimple(1)corridorsimple(1)[RotYcwZcorridorsimple(1)thrusters(1)][RotYccwXcorridorsimple(1)corridorsimple(1)corridorcargo(1)corridorsimple(1)[RotYccwZcorridorsimple(1)]corridorcargo(1)thrusters(1)]corridorcargo(1)thrusters(1)]thrusters(1)]thrusters(1)]corridorreactors(1)thrusters
Fitness: [0.6690444182552046, 0.05376199647036798, 0.9733939245951828, 0.9999880560952314]

cockpitcorridorsimple(1)corridorgyros(1)corridorreactors(1)corridorcargo(1)[RotYccwXcorridorsimple(1)corridorgyros(1)[RotYccwXcorridorsimple(1)corridorsimple(1)corridorcargo(2)corridorsimple(1)thrusters(1)]corridorcargo(1)thrusters(1)]thrusters
Fitness: [0.9995694453782932, 0.08031773658416676, 0.9752253008236341, 0.4192680122431562]

cockpitcorridorsimple(1)[RotYcwXcorridorsimple(1)corridorsimple(1)corridorcargo(1)corridorgyros(1)thrusters(1)]corridorreactors(1)[RotYcwXcorridorsimple(1)corridorcargo(2)thrusters(1)]corridorcargo(1)thrusters
Fitness: [0.9996705732164621, 0.1028749099635683, 0.9844714593870623, 0.5201134269766985]

cockpitcorridorsimple(1)corridorreactors(2)corridorsimple(1)corridorsimple(1)corridorsimple(1)[RotYcwZcorridorsimple(2)][RotYccwXcorridorsimple(1)[RotYccwXcorridorsimple(2)]corridorcargo(2)thrusters(1)]corridorcargo(2)[RotYcwZcorridorsimple(1)corridorreactors(1)[RotYccwXcorridorsimple(2)]corridorgyros(1)corridorsimple(1)corridorcargo(1)thrusters(1)]thrusters
Fitness: [0.4368451443853738, 0.049540264679005235, 0.9981182474651396, 0.9891838797303892]

cockpitcorridorsimple(1)[RotYcwZcorridorsimple(2)][RotYccwZcorridorsimple(2)]corridorsimple(2)corridorcargo(1)corridorgyros(1)[RotYccwXcorridorsimple(1)[RotYccwXcorridorsimple(1)corridorreactors(2)thrusters(1)]corridorreactors(2)thrusters(1)]thrusters
Fitness: [0.6851382338304249, 0.04023099359913705, 0.9256100536800266, 0.9610723822315531]

cockpitcorridorsimple(1)corridorcargo(1)[RotYccwXcorridorsimple(1)corridorcargo(1)corridorsimple(1)[RotYcwZcorridorsimple(1)thrusters(1)][RotYccwXcorridorsimple(1)]corridorreactors(2)thrusters(1)]corridorgyros(1)[RotYccwXcorridorsimple(1)[RotYccwXcorridorsimple(1)][RotYccwZcorridorsimple(1)][RotYcwZcorridorsimple(2)]corridorsimple(1)[RotYccwZcorridorsimple(1)][RotYcwZcorridorsimple(2)]corridorreactors(2)thrusters(1)]thrusters
Fitness: [0.893996630641465, 0.03970148391049925, 0.9999521551339675, 0.9517294979177643]

cockpitcorridorsimple(1)corridorgyros(2)corridorcargo(1)corridorcargo(1)[RotYccwXcorridorsimple(1)[RotYccwXcorridorsimple(1)corridorsimple(1)corridorsimple(2)corridorreactors(1)[RotYcwZcorridorsimple(2)]thrusters(1)]corridorreactors(1)[RotYccwXcorridorsimple(1)[RotYccwZcorridorsimple(1)][RotYccwXcorridorsimple(2)][RotYcwZcorridorsimple(1)]corridorreactors(1)[RotYcwZcorridorsimple(1)corridorsimple(1)thrusters(1)]thrusters(1)]thrusters(1)]thrusters
Fitness: [0.9347561310888541, 0.03997132060472177, 0.9990672463904291, 0.9987557168292556]

cockpitcorridorsimple(1)corridorgyros(1)corridorreactors(2)corridorcargo(1)[RotYccwXcorridorsimple(1)corridorcargo(1)[RotYccwXcorridorsimple(1)corridorcargo(2)[RotYccwZcorridorsimple(2)][RotYcwZcorridorsimple(1)]thrusters(1)]corridorcargo(1)[RotYccwXcorridorsimple(1)corridorgyros(1)corridorsimple(1)corridorsimple(1)corridorcargo(1)corridorcargo(1)[RotYcwXcorridorsimple(1)]thrusters(1)]thrusters(1)]thrusters
Fitness: [0.7726164568500646, 0.06923508068000701, 0.9982544436446439, 0.9846990783566704]

cockpitcorridorsimple(1)[RotYcwZcorridorsimple(1)]corridorgyros(1)corridorcargo(1)corridorreactors(1)[RotYcwXcorridorsimple(1)[RotYccwZcorridorsimple(1)thrusters(1)][RotYcwXcorridorsimple(1)[RotYccwZcorridorsimple(2)][RotYccwXcorridorsimple(1)corridorcargo(1)thrusters(1)]thrusters(1)]corridorsimple(1)corridorsimple(1)corridorsimple(1)[RotYcwZcorridorsimple(1)]thrusters(1)]thrusters
Fitness: [0.753232092016376, 0.04781863243177358, 0.9998918649736985, 0.9683559850987495]

cockpitcorridorsimple(1)corridorgyros(1)[RotYcwXcorridorsimple(1)thrusters(1)][RotYccwXcorridorsimple(1)corridorcargo(2)thrusters(1)]corridorreactors(1)thrusters
Fitness: [0.9706730229392467, 0.10123465849108859, 0.8141246008559461, 0.6600364066797921]

cockpitcorridorsimple(1)corridorsimple(1)corridorcargo(1)[RotYcwXcorridorsimple(1)[RotYcwZcorridorsimple(2)][RotYccwZcorridorsimple(2)]corridorsimple(1)corridorsimple(2)[RotYcwXcorridorsimple(2)]corridorsimple(1)corridorreactors(2)thrusters(1)]corridorgyros(1)[RotYcwXcorridorsimple(1)corridorsimple(1)[RotYccwXcorridorsimple(1)]corridorsimple(1)corridorsimple(2)corridorreactors(2)thrusters(1)]thrusters
Fitness: [0.6273474479246787, 0.02730027986584616, 0.9843413327519689, 0.9139079136183755]