

cockpitcorridorsimple(1)corridorgyros(1)corridorcargo(2)corridorreactors(2)[RotYcwXcorridorsimple(1)[RotYccwZcorridorsimple(2)]thrusters(1)]thrusters
Fitness: [0.8790539089467244, 0.057204523732927545, 0.1350135245415704, 0.6904152973341181]

cockpitcorridorsimple(1)corridorcargo(2)[RotYccwZcorridorsimple(2)]corridorgyros(2)[RotYccwZcorridorsimple(1)[RotYcwXcorridorsimple(2)]corridorreactors(2)[RotYccwZcorridorsimple(1)corridorreactors(2)[RotYccwZcorridorsimple(2)]corridorreactors(2)thrusters(1)]corridorreactors(2)thrusters(1)]thrusters
Fitness: [0.6719743469101176, 0.04049377653197005, 0.8429334099605763, 0.15496859548028372]

cockpitcorridorsimple(1)corridorreactors(1)corridorsimple(1)corridorcargo(2)[RotYcwXcorridorsimple(1)corridorgyros(1)thrusters(1)][RotYccwZcorridorsimple(1)[RotYcwXcorridorsimple(1)]corridorgyros(2)thrusters(1)]thrusters
Fitness: [0.6117934267600693, 0.059177500151323024, 0.7890457407859208, 0.9987557168292556]

cockpitcorridorsimple(1)corridorcargo(1)[RotYccwZcorridorsimple(1)]corridorreactors(1)corridorsimple(1)corridorgyros(2)[RotYcwZcorridorsimple(2)]corridorsimple(1)corridorgyros(1)corridorsimple(1)corridorsimple(2)thrusters
Fitness: [0.9545395970912377, 0.027711451523064284, 0.12500268888337154, 9.184957557543029e-32]

cockpitcorridorsimple(1)corridorcargo(2)corridorreactors(1)corridorgyros(2)[RotYccwXcorridorsimple(1)[RotYccwXcorridorsimple(1)]corridorsimple(1)[RotYccwXcorridorsimple(1)corridorsimple(1)corridorsimple(2)corridorsimple(1)corridorgyros(2)[RotYcwZcorridorsimple(1)[RotYccwXcorridorsimple(1)]corridorgyros(1)thrusters(1)]thrusters(1)]corridorsimple(2)[RotYcwZcorridorsimple(1)corridorgyros(1)thrusters(1)]thrusters(1)]thrusters
Fitness: [0.6186910719514276, 0.03727898292535919, 0.9985503811149049, 0.9858563218023919]

cockpitcorridorsimple(1)corridorgyros(2)corridorcargo(2)corridorsimple(1)[RotYcwZcorridorsimple(1)][RotYccwXcorridorsimple(1)[RotYccwXcorridorsimple(1)corridorgyros(1)corridorreactors(2)corridorgyros(1)thrusters(1)]corridorsimple(2)thrusters(1)]corridorcargo(1)[RotYccwXcorridorsimple(1)corridorreactors(2)corridorgyros(1)thrusters(1)]thrusters
Fitness: [0.9250606901497481, 0.051845676864646535, 0.7824983563328518, 0.16307317816010927]

cockpitcorridorsimple(1)[RotYcwXcorridorsimple(2)]corridorsimple(1)[RotYccwZcorridorsimple(2)][RotYcwZcorridorsimple(1)corridorgyros(2)thrusters(1)]corridorsimple(1)corridorcargo(2)corridorcargo(2)corridorreactors(1)thrusters
Fitness: [0.6372442494063995, 0.05967941870156058, 0.7634065606093031, 0.29361578162646956]

cockpitcorridorsimple(1)corridorsimple(2)corridorreactors(1)corridorcargo(2)[RotYccwXcorridorsimple(1)[RotYcwZcorridorsimple(2)]corridorgyros(2)[RotYccwXcorridorsimple(1)[RotYcwZcorridorsimple(1)]corridorgyros(2)[RotYccwXcorridorsimple(1)corridorsimple(2)[RotYccwXcorridorsimple(2)]thrusters(1)]thrusters(1)]thrusters(1)]thrusters
Fitness: [0.9075266732160403, 0.03479791204777409, 0.832455658612154, 0.8461831278456599]

cockpitcorridorsimple(1)corridorgyros(1)corridorcargo(1)[RotYccwXcorridorsimple(1)corridorgyros(2)thrusters(1)]corridorreactors(1)thrusters
Fitness: [0.9750172686562182, 0.05698541037142211, 0.9848413713814133, 0.4192680122431562]

cockpitcorridorsimple(1)corridorgyros(1)[RotYccwZcorridorsimple(2)][RotYccwXcorridorsimple(1)[RotYccwXcorridorsimple(1)corridorsimple(2)[RotYccwZcorridorsimple(2)]corridorcargo(2)thrusters(1)]corridorcargo(2)thrusters(1)]corridorreactors(2)thrusters
Fitness: [0.6502987868544586, 0.0613221693363674, 0.4941790329071772, 0.8042302535332089]

cockpitcorridorsimple(1)corridorgyros(1)corridorsimple(1)corridorcargo(2)corridorreactors(1)[RotYccwZcorridorsimple(2)]thrusters
Fitness: [0.9250854030280506, 0.05663240068696444, 0.36884961945819045, 0.018536740303657928]

cockpitcorridorsimple(1)corridorgyros(2)corridorreactors(1)corridorsimple(1)corridorcargo(1)corridorsimple(1)[RotYccwXcorridorsimple(2)][RotYcwXcorridorsimple(1)]thrusters
Fitness: [0.9818521361135667, 0.03731098645595617, 0.20819610206104838, 0.08915271471191194]

cockpitcorridorsimple(1)corridorreactors(1)corridorsimple(1)corridorreactors(2)corridorgyros(1)corridorsimple(1)corridorcargo(2)[RotYcwZcorridorsimple(2)]corridorreactors(1)thrusters
Fitness: [0.7212209874912509, 0.04615090273685135, 0.004380677421034084, 2.979886241115317e-34]

cockpitcorridorsimple(1)corridorsimple(1)[RotYccwZcorridorsimple(2)][RotYccwXcorridorsimple(1)thrusters(1)]corridorgyros(1)corridorsimple(1)corridorreactors(2)[RotYccwZcorridorsimple(1)[RotYccwZcorridorsimple(2)]corridorcargo(1)corridorsimple(1)[RotYcwZcorridorsimple(2)]corridorcargo(1)corridorcargo(2)thrusters(1)][RotYcwXcorridorsimple(1)thrusters(1)]thrusters
Fitness: [0.4579370824397268, 0.054734363198461006, 0.9071381495162179, 0.6090488635598555]

cockpitcorridorsimple(1)[RotYcwZcorridorsimple(1)]corridorcargo(1)corridorreactors(1)corridorsimple(1)corridorgyros(1)[RotYcwXcorridorsimple(1)[RotYccwXcorridorsimple(1)]corridorcargo(2)thrusters(1)][RotYccwXcorridorsimple(1)]thrusters
Fitness: [0.7269744620516339, 0.057100792059459324, 0.9486162709760934, 0.46945268105018256]

cockpitcorridorsimple(1)corridorcargo(1)[RotYccwXcorridorsimple(1)corridorreactors(1)corridorcargo(2)thrusters(1)]corridorcargo(1)corridorreactors(1)[RotYccwZcorridorsimple(1)][RotYccwXcorridorsimple(1)corridorcargo(2)corridorgyros(1)thrusters(1)]thrusters
Fitness: [0.8019432024776451, 0.11014134258482892, 0.9990672463904291, 0.8991773097424719]

cockpitcorridorsimple(1)corridorreactors(1)[RotYcwXcorridorsimple(1)]corridorgyros(1)corridorcargo(2)thrusters
Fitness: [0.895523946907964, 0.0684534567112475, 0.04386532167679095, 0.2058232959486169]

cockpitcorridorsimple(1)corridorreactors(2)[RotYccwXcorridorsimple(2)][RotYcwZcorridorsimple(2)]corridorsimple(1)corridorgyros(1)[RotYcwXcorridorsimple(2)]corridorcargo(1)thrusters
Fitness: [0.7309759837738327, 0.03099543328625736, 0.31350789947098334, 0.6171155943340081]

cockpitcorridorsimple(1)[RotYcwXcorridorsimple(1)]corridorreactors(1)[RotYcwXcorridorsimple(2)][RotYcwZcorridorsimple(1)corridorgyros(2)corridorcargo(1)thrusters(1)]thrusters
Fitness: [0.8527032932535292, 0.04491251474772486, 0.9536230999050879, 0.8692930671879744]

cockpitcorridorsimple(1)corridorsimple(2)corridorsimple(1)corridorcargo(1)corridorsimple(1)corridorgyros(2)[RotYcwZcorridorsimple(2)]corridorreactors(1)thrusters
Fitness: [0.7855798014730652, 0.03470710645982804, 0.10804037228906992, 1.1953649303108646e-06]