

cockpitcorridorsimple(1)corridorgyros(2)corridorgyros(2)corridorreactors(1)corridorsimple(1)corridorsimple(1)corridorsimple(2)corridorcargo(2)corridorcargo(1)thrusters
Fitness: [0.4108430708650718, 0.05538261416437429, 3.502350544874622e-22, 2.4811622551467323e-42]

cockpitcorridorsimple(1)corridorcargo(1)[RotYcwXcorridorsimple(1)thrusters(1)]corridorsimple(1)[RotYccwZcorridorsimple(1)]corridorsimple(1)corridorreactors(1)corridorsimple(1)corridorsimple(1)corridorsimple(1)[RotYcwZcorridorsimple(2)]corridorgyros(2)thrusters
Fitness: [0.8830930936013988, 0.028005417043806373, 0.0841103361259418, 0.04787552609803539]

cockpitcorridorsimple(1)corridorgyros(2)corridorreactors(2)corridorcargo(1)corridorsimple(1)corridorgyros(2)[RotYccwXcorridorsimple(1)][RotYcwXcorridorsimple(1)]thrusters
Fitness: [0.999923831261579, 0.04010991858073244, 0.003638559953276977, 0.014444678370012329]

cockpitcorridorsimple(1)[RotYccwZcorridorsimple(1)]corridorreactors(1)[RotYccwXcorridorsimple(1)[RotYccwXcorridorsimple(1)]corridorgyros(2)thrusters(1)]corridorcargo(1)[RotYccwXcorridorsimple(1)[RotYccwXcorridorsimple(1)]corridorgyros(2)thrusters(1)]thrusters
Fitness: [0.9684640434339753, 0.0377081390717886, 0.9857145057654126, 0.7058558545833534]

cockpitcorridorsimple(1)corridorsimple(2)corridorgyros(1)corridorcargo(2)[RotYccwZcorridorsimple(1)corridorreactors(1)corridorsimple(1)corridorreactors(1)thrusters(1)]thrusters
Fitness: [0.9919675306314694, 0.05806708012213905, 0.878692079263456, 0.009692586842444137]

cockpitcorridorsimple(1)corridorcargo(2)[RotYcwZcorridorsimple(2)]corridorcargo(1)corridorsimple(1)corridorreactors(1)corridorgyros(2)[RotYccwXcorridorsimple(2)]thrusters
Fitness: [0.9082948648250534, 0.048091848140792495, 0.03906826212080665, 0.15496859548028372]

cockpitcorridorsimple(1)[RotYcwXcorridorsimple(2)]corridorreactors(1)corridorgyros(2)[RotYcwXcorridorsimple(1)corridorcargo(2)thrusters(1)]thrusters
Fitness: [0.9958339317931251, 0.0575502393474442, 0.4983735768146929, 0.15157603745550613]

cockpitcorridorsimple(1)[RotYcwXcorridorsimple(2)]corridorsimple(1)corridorsimple(1)[RotYccwZcorridorsimple(1)]corridorsimple(1)corridorcargo(2)corridorsimple(1)corridorsimple(1)corridorsimple(1)[RotYccwXcorridorsimple(1)][RotYcwXcorridorsimple(2)]corridorreactors(2)[RotYccwXcorridorsimple(1)corridorgyros(1)corridorcargo(2)thrusters(1)]thrusters
Fitness: [0.6129164653423609, 0.04197002638605885, 0.4658515053790187, 0.04405088394106315]

cockpitcorridorsimple(1)corridorcargo(2)[RotYccwXcorridorsimple(2)]corridorgyros(1)[RotYccwZcorridorsimple(1)corridorsimple(2)thrusters(1)][RotYcwZcorridorsimple(1)]corridorsimple(1)corridorreactors(2)[RotYcwXcorridorsimple(2)]corridorreactors(1)[RotYcwXcorridorsimple(1)corridorcargo(2)thrusters(1)]thrusters
Fitness: [0.42816351950538645, 0.051124261972328715, 0.24826647595459791, 0.7750167379229345]

cockpitcorridorsimple(1)corridorcargo(2)corridorsimple(1)corridorcargo(2)corridorcargo(1)corridorsimple(1)corridorreactors(2)corridorgyros(1)corridorcargo(2)thrusters
Fitness: [0.39340791070624237, 0.1283777818771718, 4.774631558952307e-24, 3.1413222208351743e-45]

cockpitcorridorsimple(1)corridorsimple(1)corridorgyros(2)corridorcargo(1)corridorreactors(2)[RotYcwXcorridorsimple(1)[RotYccwZcorridorsimple(1)]corridorcargo(1)corridorsimple(1)corridorsimple(1)corridorgyros(2)thrusters(1)]thrusters
Fitness: [0.6336704717681664, 0.044247188047504, 0.9974517877919697, 0.2058232959486169]

cockpitcorridorsimple(1)[RotYcwXcorridorsimple(1)][RotYcwZcorridorsimple(1)thrusters(1)][RotYccwZcorridorsimple(2)]corridorsimple(1)[RotYcwZcorridorsimple(1)corridorcargo(2)thrusters(1)][RotYccwZcorridorsimple(1)][RotYcwXcorridorsimple(1)[RotYcwZcorridorsimple(2)]corridorreactors(1)thrusters(1)]corridorsimple(1)[RotYcwXcorridorsimple(2)]corridorcargo(1)corridorgyros(1)thrusters
Fitness: [0.6160594457962733, 0.04858092679586468, 0.925010217932822, 0.9561887623337093]

cockpitcorridorsimple(1)corridorreactors(2)corridorcargo(2)corridorsimple(1)corridorgyros(1)[RotYcwXcorridorsimple(1)]corridorgyros(1)thrusters
Fitness: [0.8965151319259571, 0.05278016194219215, 0.008294745365760595, 0.03633856125751304]

cockpitcorridorsimple(1)[RotYccwXcorridorsimple(1)]corridorcargo(2)corridorgyros(2)[RotYcwXcorridorsimple(2)][RotYccwZcorridorsimple(1)[RotYccwZcorridorsimple(1)[RotYccwZcorridorsimple(1)][RotYccwXcorridorsimple(2)]corridorreactors(2)corridorsimple(1)corridorgyros(2)[RotYcwXcorridorsimple(1)corridorgyros(1)thrusters(1)]corridorsimple(1)thrusters(1)]corridorreactors(2)corridorsimple(1)[RotYccwZcorridorsimple(1)corridorcargo(1)corridorreactors(2)corridorsimple(1)[RotYcwXcorridorsimple(2)][RotYccwXcorridorsimple(2)]corridorsimple(1)corridorcargo(2)thrusters(1)]corridorsimple(1)thrusters(1)]thrusters
Fitness: [0.5496997004638824, 0.04084978088932845, 0.968414287163795, 0.936220840948167]

cockpitcorridorsimple(1)corridorcargo(1)corridorgyros(1)corridorreactors(1)[RotYcwZcorridorsimple(2)]thrusters
Fitness: [0.6951227352715806, 0.0461864286150103, 0.36727135910987324, 0.02633863303220276]

cockpitcorridorsimple(1)corridorsimple(2)[RotYccwXcorridorsimple(1)]corridorsimple(1)corridorgyros(2)corridorcargo(1)corridorreactors(2)thrusters
Fitness: [0.9106759172541717, 0.0385784999805443, 0.0068861016913011625, 0.034061415301418506]

cockpitcorridorsimple(1)corridorcargo(2)[RotYccwZcorridorsimple(2)][RotYccwXcorridorsimple(1)corridorreactors(1)thrusters(1)]corridorgyros(2)thrusters
Fitness: [0.781345437438205, 0.06431356737945482, 0.47737305315261014, 0.9475239145528197]

cockpitcorridorsimple(1)corridorsimple(1)corridorgyros(2)corridorreactors(1)corridorcargo(2)thrusters
Fitness: [0.37797435743497015, 0.0710212387517549, 0.008598092136770102, 0.01953669630952327]

cockpitcorridorsimple(1)[RotYccwXcorridorsimple(1)]corridorreactors(2)corridorsimple(1)[RotYcwZcorridorsimple(1)]corridorcargo(1)corridorsimple(1)corridorsimple(1)corridorsimple(1)corridorreactors(2)corridorgyros(2)thrusters
Fitness: [0.993821154352675, 0.03325254190088935, 9.089169672895655e-08, 0.009476004146451915]

cockpitcorridorsimple(1)corridorgyros(1)[RotYcwZcorridorsimple(2)]corridorcargo(1)[RotYcwXcorridorsimple(1)corridorsimple(1)corridorsimple(1)corridorsimple(1)[RotYcwXcorridorsimple(1)[RotYccwXcorridorsimple(2)][RotYcwZcorridorsimple(2)][RotYcwXcorridorsimple(2)]corridorsimple(1)corridorreactors(1)thrusters(1)]corridorsimple(1)corridorreactors(1)thrusters(1)]thrusters
Fitness: [0.9052575471609344, 0.029269198707419588, 0.9309460609002566, 0.8903925776517948]

cockpitcorridorsimple(1)corridorsimple(2)corridorgyros(2)[RotYccwXcorridorsimple(1)]corridorsimple(1)corridorreactors(2)corridorcargo(2)corridorreactors(2)thrusters
Fitness: [0.8963470178619333, 0.04415364525671466, 1.4124843226205562e-20, 0.019635911447591813]

cockpitcorridorsimple(1)[RotYccwZcorridorsimple(1)]corridorsimple(1)corridorreactors(1)[RotYcwXcorridorsimple(1)]corridorsimple(1)corridorgyros(1)corridorgyros(1)corridorsimple(1)[RotYcwXcorridorsimple(1)]corridorgyros(1)corridorcargo(1)thrusters
Fitness: [0.9944588052515345, 0.02915621870424356, 0.008537118051139254, 0.028749088115099516]

cockpitcorridorsimple(1)corridorcargo(1)corridorsimple(1)[RotYccwZcorridorsimple(2)]corridorreactors(2)corridorcargo(1)[RotYcwXcorridorsimple(1)]corridorsimple(1)[RotYcwXcorridorsimple(1)][RotYccwXcorridorsimple(1)thrusters(1)]corridorgyros(2)thrusters
Fitness: [0.831047500797741, 0.040126242862340726, 0.004036750054423001, 0.1325367938389053]

cockpitcorridorsimple(1)[RotYcwXcorridorsimple(2)]corridorreactors(2)[RotYcwXcorridorsimple(1)corridorsimple(1)corridorsimple(1)corridorsimple(2)[RotYcwXcorridorsimple(1)corridorsimple(1)[RotYccwZcorridorsimple(1)]corridorsimple(1)corridorgyros(1)[RotYccwXcorridorsimple(1)]corridorreactors(1)[RotYccwXcorridorsimple(1)]thrusters(1)]thrusters(1)][RotYcwZcorridorsimple(1)][RotYccwZcorridorsimple(1)corridorgyros(1)[RotYcwZcorridorsimple(1)]corridorsimple(1)[RotYcwXcorridorsimple(1)[RotYcwXcorridorsimple(2)][RotYccwXcorridorsimple(1)thrusters(1)]corridorsimple(1)[RotYcwZcorridorsimple(1)]thrusters(1)]corridorcargo(1)thrusters(1)]thrusters
Fitness: [0.45971950096060943, 0.027490729781284085, 0.9904946826403885, 0.9914493298554721]

cockpitcorridorsimple(1)[RotYcwZcorridorsimple(2)][RotYccwXcorridorsimple(1)]corridorsimple(1)corridorsimple(1)corridorsimple(1)corridorcargo(1)corridorgyros(1)[RotYccwXcorridorsimple(1)corridorreactors(2)[RotYccwXcorridorsimple(1)corridorreactors(2)thrusters(1)]corridorreactors(2)thrusters(1)]thrusters
Fitness: [0.7043698054022881, 0.039066313990226365, 0.9654580419189099, 0.6679803271597502]

cockpitcorridorsimple(1)corridorcargo(1)corridorcargo(1)[RotYccwXcorridorsimple(1)corridorcargo(1)corridorcargo(2)thrusters(1)]corridorgyros(1)[RotYcwXcorridorsimple(1)corridorreactors(1)thrusters(1)][RotYccwXcorridorsimple(1)corridorcargo(1)corridorcargo(2)thrusters(1)]thrusters
Fitness: [0.9570227550468582, 0.1638926639933684, 0.8697429892030417, 0.17594725491649152]

cockpitcorridorsimple(1)[RotYccwXcorridorsimple(2)]corridorcargo(2)corridorsimple(1)corridorgyros(2)corridorreactors(2)[RotYccwXcorridorsimple(2)]thrusters
Fitness: [0.9724162414422273, 0.041490735942366984, 0.0074066834678527165, 0.024122010739569506]

cockpitcorridorsimple(1)corridorcargo(2)corridorsimple(1)corridorgyros(2)corridorreactors(1)[RotYcwXcorridorsimple(1)thrusters(1)]thrusters
Fitness: [0.9411400405389257, 0.0712663860203322, 0.0032183821534409363, 0.07941692295649366]

cockpitcorridorsimple(1)[RotYccwXcorridorsimple(1)]corridorsimple(1)corridorsimple(1)corridorsimple(2)corridorsimple(2)corridorsimple(1)[RotYcwZcorridorsimple(2)]corridorgyros(2)corridorreactors(2)corridorcargo(2)thrusters
Fitness: [0.9723585700023957, 0.0318398556576665, 0.006048468399582719, 0.00678709516074249]

cockpitcorridorsimple(1)[RotYccwXcorridorsimple(2)]corridorsimple(1)corridorreactors(1)corridorcargo(1)corridorgyros(1)thrusters
Fitness: [0.9841032806261495, 0.04361477581463316, 0.14486992941629492, 0.28060419687296545]

cockpitcorridorsimple(1)corridorcargo(1)corridorgyros(1)corridorsimple(1)[RotYccwXcorridorsimple(1)][RotYccwZcorridorsimple(2)]corridorreactors(2)thrusters
Fitness: [0.9994182374355625, 0.039070691586034975, 0.1318305595951511, 0.16307317816010927]

cockpitcorridorsimple(1)corridorgyros(1)corridorsimple(1)[RotYcwZcorridorsimple(1)][RotYcwXcorridorsimple(2)]corridorcargo(2)[RotYcwXcorridorsimple(1)corridorreactors(1)thrusters(1)]thrusters
Fitness: [0.9555390316514508, 0.05391400814029162, 0.45581967842190296, 0.6497910227766232]

cockpitcorridorsimple(1)[RotYccwZcorridorsimple(1)]corridorgyros(2)[RotYcwZcorridorsimple(1)thrusters(1)]corridorsimple(1)corridorsimple(2)corridorreactors(1)corridorcargo(1)thrusters
Fitness: [0.8070450076360114, 0.041051531510477524, 0.1212728550655588, 1.1124258141369435e-08]

cockpitcorridorsimple(1)[RotYcwZcorridorsimple(2)]corridorgyros(1)corridorsimple(1)corridorsimple(1)corridorsimple(1)corridorreactors(1)corridorsimple(1)corridorcargo(1)[RotYccwZcorridorsimple(2)]thrusters
Fitness: [0.9809280080010321, 0.025974828721554533, 0.3889556967127838, 5.102583637431618e-05]

cockpitcorridorsimple(1)corridorreactors(2)corridorcargo(1)[RotYcwZcorridorsimple(2)]corridorgyros(2)thrusters
Fitness: [0.6970665459987803, 0.0442575274198346, 0.13139411115353297, 0.0008700286461355623]

cockpitcorridorsimple(1)corridorcargo(1)corridorsimple(1)corridorgyros(1)[RotYccwXcorridorsimple(1)[RotYccwZcorridorsimple(1)]thrusters(1)]corridorsimple(1)corridorsimple(2)corridorcargo(2)corridorsimple(1)corridorsimple(2)corridorreactors(2)corridorreactors(2)[RotYcwXcorridorsimple(2)]thrusters
Fitness: [0.7058337136107301, 0.03936749613262797, 0.041432706033165984, 0.006867267942553062]

cockpitcorridorsimple(1)[RotYcwZcorridorsimple(2)]corridorcargo(1)corridorgyros(1)corridorsimple(1)corridorcargo(2)corridorsimple(1)corridorreactors(1)[RotYccwZcorridorsimple(1)]thrusters
Fitness: [0.9792680745833581, 0.05142614537419122, 0.23557106021021282, 7.579475411457073e-10]

cockpitcorridorsimple(1)corridorcargo(2)corridorsimple(1)corridorsimple(2)corridorreactors(1)corridorsimple(1)corridorreactors(1)corridorreactors(2)corridorgyros(1)corridorsimple(1)[RotYcwZcorridorsimple(1)]corridorsimple(1)corridorgyros(2)thrusters
Fitness: [0.5955630048163785, 0.038289790011482444, 7.712567139723784e-21, 7.687431581167321e-135]

cockpitcorridorsimple(1)corridorgyros(2)corridorreactors(1)corridorsimple(1)corridorsimple(2)corridorsimple(1)corridorgyros(2)[RotYcwZcorridorsimple(2)]corridorcargo(2)thrusters
Fitness: [0.7890019226111037, 0.03964309372591102, 0.007851761246232198, 2.4811622551467323e-42]

cockpitcorridorsimple(1)corridorgyros(1)corridorreactors(2)corridorsimple(1)[RotYcwXcorridorsimple(2)][RotYcwZcorridorsimple(2)]corridorcargo(2)thrusters
Fitness: [0.9411704903180943, 0.04835898718009437, 0.12945408194104396, 0.389062393106661]

cockpitcorridorsimple(1)corridorcargo(1)[RotYccwXcorridorsimple(2)]corridorgyros(1)corridorsimple(1)corridorsimple(2)[RotYccwXcorridorsimple(2)]corridorreactors(1)thrusters
Fitness: [0.9794077878119722, 0.02767499048657107, 0.07929390178132396, 0.08444309556422999]

cockpitcorridorsimple(1)corridorsimple(1)[RotYccwZcorridorsimple(1)]corridorreactors(2)corridorsimple(1)[RotYccwZcorridorsimple(2)]corridorcargo(2)corridorgyros(2)thrusters
Fitness: [0.7258769661857519, 0.0400787135989325, 0.005021914096197165, 6.563741357499322e-25]

cockpitcorridorsimple(1)[RotYccwZcorridorsimple(2)]corridorgyros(1)corridorsimple(1)[RotYccwZcorridorsimple(2)]corridorcargo(2)corridorreactors(2)thrusters
Fitness: [0.6724719386730267, 0.04178844366651395, 0.0841103361259418, 1.1124258141369435e-08]

cockpitcorridorsimple(1)[RotYcwXcorridorsimple(1)thrusters(1)]corridorreactors(1)corridorcargo(2)[RotYcwXcorridorsimple(1)[RotYccwXcorridorsimple(2)]corridorgyros(2)thrusters(1)]corridorcargo(1)thrusters
Fitness: [0.9493770193643136, 0.06293637638322279, 0.9624183270502771, 0.1325367938389053]

cockpitcorridorsimple(1)corridorcargo(1)corridorcargo(1)[RotYcwXcorridorsimple(1)thrusters(1)]corridorsimple(1)corridorsimple(2)corridorreactors(2)corridorgyros(2)thrusters
Fitness: [0.9489744647549833, 0.05455675803402245, 0.008005703289916616, 0.02140863296345478]

cockpitcorridorsimple(1)[RotYccwZcorridorsimple(1)thrusters(1)]corridorreactors(1)corridorgyros(2)corridorsimple(1)corridorcargo(2)[RotYcwZcorridorsimple(2)]corridorsimple(1)[RotYccwZcorridorsimple(2)]corridorsimple(1)corridorcargo(2)corridorsimple(1)corridorsimple(1)corridorsimple(1)[RotYccwXcorridorsimple(1)][RotYcwZcorridorsimple(1)]thrusters
Fitness: [0.8733868684770871, 0.038385125937563394, 0.008970193517586881, 0.018454655150961875]

cockpit[RotYccwZcorridorsimple(1)corridorgyros(1)thrusters(1)]corridorreactors(2)corridorgyros(2)corridorreactors(1)corridorcargo(2)thrusters
Fitness: [0.8493127322538846, 0.0657126380820786, 0.134175600115681, 5.930558543293861e-14]

cockpitcorridorsimple(1)corridorsimple(2)corridorreactors(2)corridorcargo(1)corridorgyros(2)thrusters
Fitness: [0.35443149713736144, 0.04868360967595097, 0.00836730125352339, 0.00023622383971881123]

cockpitcorridorsimple(1)corridorcargo(1)corridorsimple(1)corridorgyros(2)corridorgyros(2)[RotYccwXcorridorsimple(1)corridorgyros(2)thrusters(1)]corridorreactors(1)thrusters
Fitness: [0.9158728783481717, 0.04628896609556667, 0.3426835236380402, 0.034061415301418506]

cockpitcorridorsimple(1)corridorgyros(1)[RotYccwZcorridorsimple(1)thrusters(1)]corridorsimple(1)corridorsimple(1)corridorsimple(1)corridorcargo(1)[RotYcwXcorridorsimple(1)corridorreactors(1)corridorcargo(2)thrusters(1)]thrusters
Fitness: [0.5959500625775337, 0.07595416017601829, 0.9751190503269216, 0.9069739685618733]

cockpitcorridorsimple(1)corridorcargo(1)corridorgyros(1)corridorcargo(1)corridorsimple(1)corridorreactors(2)[RotYcwXcorridorsimple(2)][RotYccwXcorridorsimple(1)corridorcargo(1)[RotYcwXcorridorsimple(1)]corridorreactors(1)thrusters(1)]thrusters
Fitness: [0.8033201190238543, 0.05710021115597444, 0.9587409641563046, 0.06058700902338069]

cockpitcorridorsimple(1)corridorcargo(1)[RotYcwXcorridorsimple(1)thrusters(1)]corridorgyros(2)corridorsimple(1)[RotYccwZcorridorsimple(2)][RotYcwXcorridorsimple(1)]corridorsimple(1)corridorreactors(2)corridorsimple(1)[RotYcwXcorridorsimple(1)]corridorsimple(1)corridorcargo(1)thrusters
Fitness: [0.9793500308961149, 0.03776065646786018, 0.007539821776724878, 0.023619555600054836]

cockpitcorridorsimple(1)[RotYcwXcorridorsimple(2)]corridorsimple(1)corridorsimple(1)[RotYcwZcorridorsimple(1)[RotYccwXcorridorsimple(1)]corridorcargo(2)corridorcargo(2)thrusters(1)]corridorsimple(1)corridorsimple(2)corridorcargo(1)corridorreactors(1)corridorsimple(1)corridorgyros(2)[RotYccwZcorridorsimple(2)]corridorcargo(2)thrusters
Fitness: [0.38370015252201434, 0.05621375886008504, 0.7217676110474018, 0.19020495996527056]

cockpitcorridorsimple(1)corridorreactors(2)corridorsimple(1)corridorgyros(2)corridorsimple(1)[RotYcwXcorridorsimple(1)][RotYccwXcorridorsimple(1)]corridorcargo(2)thrusters
Fitness: [0.9999790237499541, 0.04898436956138372, 0.030305685717600284, 0.029512726577939505]

cockpitcorridorsimple(1)corridorgyros(2)[RotYccwZcorridorsimple(1)]corridorreactors(1)corridorcargo(1)thrusters
Fitness: [0.8044761500585179, 0.047348069644479365, 0.2281465232840708, 0.009476004146451915]

cockpitcorridorsimple(1)corridorgyros(1)corridorreactors(1)corridorcargo(2)[RotYccwZcorridorsimple(1)corridorreactors(2)thrusters(1)]thrusters
Fitness: [0.9683998397626588, 0.07204677744591811, 0.9999521551339675, 0.00678709516074249]

cockpitcorridorsimple(1)corridorgyros(1)corridorreactors(1)corridorsimple(1)[RotYccwZcorridorsimple(2)]corridorsimple(1)corridorsimple(1)corridorsimple(1)[RotYccwZcorridorsimple(2)]corridorsimple(1)corridorcargo(1)[RotYccwZcorridorsimple(2)]thrusters
Fitness: [0.8017263706930035, 0.022951347385813215, 0.11726547416811198, 5.930558543293861e-14]

cockpitcorridorsimple(1)[RotYcwZcorridorsimple(2)]corridorsimple(1)corridorcargo(2)corridorsimple(1)corridorsimple(2)corridorgyros(2)corridorsimple(1)corridorsimple(2)corridorreactors(2)[RotYcwXcorridorsimple(1)[RotYcwXcorridorsimple(1)]thrusters(1)]thrusters
Fitness: [0.8004654621138159, 0.032594981980674384, 0.008252050023963169, 0.08444309556422999]

cockpitcorridorsimple(1)corridorcargo(2)corridorreactors(1)corridorgyros(1)corridorsimple(1)[RotYccwZcorridorsimple(2)][RotYcwXcorridorsimple(1)corridorreactors(2)thrusters(1)]corridorsimple(1)corridorcargo(1)[RotYccwZcorridorsimple(2)]thrusters
Fitness: [0.6291785157550398, 0.0511717450341465, 0.4620904120592072, 0.655257992217408]

cockpitcorridorsimple(1)corridorgyros(2)corridorsimple(1)corridorsimple(1)corridorcargo(2)[RotYccwXcorridorsimple(1)corridorcargo(2)[RotYcwXcorridorsimple(2)]corridorreactors(2)thrusters(1)]thrusters
Fitness: [0.7698588534692627, 0.06481670623301472, 0.9364281286290421, 0.07941692295649366]

cockpitcorridorsimple(1)[RotYccwZcorridorsimple(2)][RotYcwZcorridorsimple(2)]corridorreactors(1)corridorsimple(1)[RotYccwXcorridorsimple(1)]corridorcargo(2)corridorgyros(1)thrusters
Fitness: [0.9171819903668943, 0.03999083612004065, 0.3799710293751313, 0.12778298807181376]

cockpitcorridorsimple(1)[RotYccwZcorridorsimple(1)]corridorsimple(1)corridorgyros(2)corridorreactors(2)corridorcargo(1)thrusters
Fitness: [0.5593713095422912, 0.0442575274198346, 0.005021914096197165, 8.762309073743199e-06]

cockpit[RotYccwZcorridorsimple(2)]corridorsimple(2)corridorcargo(1)corridorgyros(2)corridorreactors(2)thrusters
Fitness: [0.716526798873027, 0.04256618545030837, 0.11777393427287003, 8.762309073743199e-06]

cockpitcorridorsimple(1)[RotYccwZcorridorsimple(1)][RotYcwZcorridorsimple(2)]corridorsimple(1)corridorcargo(1)corridorgyros(1)corridorreactors(1)corridorcargo(2)thrusters
Fitness: [0.8453862799525129, 0.06284263456261056, 0.20819610206104838, 0.005959294985492223]

cockpitcorridorsimple(1)corridorgyros(2)corridorcargo(2)corridorreactors(2)corridorcargo(1)thrusters
Fitness: [0.3309763028845981, 0.084497312471004, 0.0029597249355283813, 1.2946197450837772e-07]

cockpitcorridorsimple(1)[RotYcwXcorridorsimple(2)]corridorcargo(1)corridorsimple(1)corridorcargo(1)corridorsimple(1)corridorgyros(2)corridorreactors(2)thrusters
Fitness: [0.9896019491898039, 0.04687242865313922, 0.004633808756032093, 0.029512726577939505]

cockpitcorridorsimple(1)corridorreactors(2)[RotYccwXcorridorsimple(1)]corridorsimple(1)corridorgyros(2)corridorsimple(1)corridorsimple(1)corridorcargo(2)thrusters
Fitness: [0.9146958308281715, 0.04687242865313922, 0.00025223389758197184, 0.02140863296345478]

cockpitcorridorsimple(1)corridorreactors(1)[RotYcwZcorridorsimple(2)][RotYcwXcorridorsimple(1)]corridorsimple(1)corridorreactors(1)corridorsimple(1)[RotYcwZcorridorsimple(1)]corridorsimple(1)[RotYcwZcorridorsimple(1)]corridorsimple(1)corridorcargo(2)corridorgyros(2)thrusters
Fitness: [0.9946548711828536, 0.032539650347383146, 0.007539821776724878, 0.009692586842444137]

cockpitcorridorsimple(1)corridorcargo(1)corridorsimple(1)corridorsimple(1)[RotYcwZcorridorsimple(1)corridorreactors(2)thrusters(1)]corridorgyros(1)thrusters
Fitness: [0.9236305894841902, 0.05368512402361052, 0.8589043840896695, 0.03493779235080846]

cockpitcorridorsimple(1)[RotYccwZcorridorsimple(2)]corridorgyros(1)corridorcargo(2)[RotYcwZcorridorsimple(1)]corridorsimple(1)[RotYcwXcorridorsimple(1)][RotYcwZcorridorsimple(1)]corridorreactors(1)corridorcargo(1)thrusters
Fitness: [0.9623482860474757, 0.04342144072329767, 0.1312840493112149, 0.06535984827101647]

cockpitcorridorsimple(1)corridorgyros(2)[RotYccwZcorridorsimple(2)]corridorreactors(2)corridorsimple(1)corridorcargo(1)corridorcargo(2)[RotYcwZcorridorsimple(1)]thrusters
Fitness: [0.966595219627101, 0.05031250038507602, 0.13086017500792385, 2.237899346541942e-29]

cockpitcorridorsimple(1)corridorsimple(1)corridorsimple(1)[RotYcwZcorridorsimple(1)]corridorcargo(2)[RotYccwXcorridorsimple(2)]corridorsimple(1)[RotYcwXcorridorsimple(1)thrusters(1)]corridorreactors(2)corridorgyros(1)thrusters
Fitness: [0.8299856283999877, 0.03986501723665627, 0.11685791650346382, 0.0766700112745539]

cockpitcorridorsimple(1)corridorgyros(1)[RotYcwXcorridorsimple(2)]corridorreactors(2)corridorcargo(1)thrusters
Fitness: [0.9733588915183379, 0.046281881383615914, 0.1316418377834204, 0.1325367938389053]

cockpitcorridorsimple(1)corridorcargo(1)[RotYccwXcorridorsimple(1)]corridorgyros(1)corridorsimple(1)[RotYcwXcorridorsimple(1)][RotYccwXcorridorsimple(1)]corridorreactors(2)thrusters
Fitness: [0.996813442350961, 0.03636518557560496, 0.12945408194104396, 0.07374016960770292]

cockpitcorridorsimple(1)[RotYccwXcorridorsimple(1)]corridorsimple(1)corridorreactors(2)corridorreactors(1)corridorreactors(1)[RotYccwXcorridorsimple(1)[RotYccwXcorridorsimple(1)]thrusters(1)]corridorsimple(1)corridorreactors(2)corridorgyros(2)corridorcargo(1)[RotYcwZcorridorsimple(2)]thrusters
Fitness: [0.8533161114648175, 0.03462065799127673, 0.0019949364292252557, 0.03362998624095189]

cockpitcorridorsimple(1)corridorcargo(2)corridorsimple(1)corridorreactors(2)corridorsimple(1)corridorsimple(1)corridorsimple(1)corridorgyros(2)corridorcargo(2)thrusters
Fitness: [0.40059743956379307, 0.07278622027777734, 2.1091256854601184e-20, 1.548843146029984e-39]

cockpitcorridorsimple(1)corridorcargo(1)corridorcargo(1)corridorcargo(1)[RotYccwZcorridorsimple(1)]corridorsimple(1)[RotYccwZcorridorsimple(1)]corridorgyros(2)corridorsimple(1)[RotYccwZcorridorsimple(1)thrusters(1)]corridorsimple(1)corridorreactors(2)thrusters
Fitness: [0.6753574165415214, 0.04927146388597123, 0.008473595594965033, 2.993666357844624e-61]

cockpitcorridorsimple(1)corridorreactors(1)corridorgyros(1)[RotYcwXcorridorsimple(2)]corridorcargo(1)thrusters
Fitness: [0.9761385150585076, 0.04767099611420296, 0.20653853342013975, 0.4192680122431562]

cockpitcorridorsimple(1)corridorsimple(1)corridorsimple(1)[RotYcwZcorridorsimple(1)]corridorgyros(2)corridorsimple(1)corridorsimple(2)[RotYcwZcorridorsimple(1)]corridorsimple(1)corridorreactors(2)corridorcargo(1)thrusters
Fitness: [0.6020533395255419, 0.028648209538992643, 0.0029597249355283813, 2.4811622551467323e-42]

cockpitcorridorsimple(1)corridorcargo(1)[RotYcwXcorridorsimple(1)]corridorcargo(1)[RotYccwXcorridorsimple(1)[RotYcwZcorridorsimple(1)]corridorgyros(1)corridorreactors(1)thrusters(1)]thrusters
Fitness: [0.7809560276975038, 0.05322595586712417, 0.9892742959564977, 0.7291197545075502]

cockpitcorridorsimple(1)[RotYccwXcorridorsimple(1)]corridorsimple(1)corridorsimple(2)corridorgyros(1)corridorsimple(1)corridorsimple(1)corridorcargo(2)corridorreactors(2)thrusters
Fitness: [0.9330108453767281, 0.03929874116183952, 0.0006724535637851049, 0.024122010739569506]

cockpitcorridorsimple(1)corridorgyros(2)corridorsimple(1)[RotYcwXcorridorsimple(1)]corridorcargo(1)corridorreactors(1)thrusters
Fitness: [0.9022981262325047, 0.04495447439588849, 0.003638559953276977, 0.10771423631338732]

cockpitcorridorsimple(1)corridorcargo(2)corridorsimple(1)corridorreactors(2)[RotYcwZcorridorsimple(1)]corridorsimple(1)[RotYcwXcorridorsimple(1)][RotYccwXcorridorsimple(2)]corridorsimple(1)corridorsimple(1)corridorgyros(1)thrusters
Fitness: [0.8556547941337633, 0.03663606915604035, 0.10435370681953418, 0.08444309556422999]

cockpitcorridorsimple(1)corridorgyros(1)corridorreactors(2)corridorsimple(1)[RotYccwXcorridorsimple(1)]corridorsimple(1)corridorgyros(1)[RotYccwXcorridorsimple(2)]corridorsimple(1)corridorcargo(1)[RotYcwXcorridorsimple(1)]thrusters
Fitness: [0.9755405608463338, 0.029548203761362853, 0.06370226606546786, 0.010431929588092925]

cockpitcorridorsimple(1)corridorcargo(2)corridorsimple(1)corridorreactors(1)corridorsimple(1)corridorsimple(2)corridorsimple(1)[RotYccwZcorridorsimple(2)]corridorsimple(1)corridorcargo(2)[RotYcwZcorridorsimple(2)][RotYcwXcorridorsimple(1)corridorgyros(2)thrusters(1)]thrusters
Fitness: [0.5085628565054436, 0.0474412874929902, 0.21258224916402416, 0.7022855279983491]

cockpitcorridorsimple(1)corridorcargo(1)corridorsimple(1)corridorgyros(2)[RotYcwXcorridorsimple(1)corridorcargo(2)thrusters(1)]corridorreactors(1)thrusters
Fitness: [0.9730750320882409, 0.08568861904648563, 0.43890150360758534, 0.10771423631338732]

cockpitcorridorsimple(1)corridorcargo(2)corridorgyros(2)[RotYccwZcorridorsimple(1)]corridorsimple(1)corridorsimple(2)corridorsimple(1)corridorreactors(1)[RotYcwXcorridorsimple(2)]thrusters
Fitness: [0.8385740468878093, 0.03616128148921916, 0.03848787328911117, 0.11136815394994058]

cockpitcorridorsimple(1)corridorgyros(1)[RotYccwZcorridorsimple(2)]corridorsimple(1)corridorcargo(2)[RotYccwZcorridorsimple(2)]corridorreactors(1)thrusters
Fitness: [0.8719165066362025, 0.04097996987516188, 0.2686470681902389, 0.005959294985492223]

cockpitcorridorsimple(1)corridorsimple(1)[RotYcwZcorridorsimple(1)]corridorreactors(1)[RotYcwXcorridorsimple(1)corridorcargo(2)corridorgyros(1)corridorsimple(1)[RotYccwXcorridorsimple(1)]corridorreactors(2)thrusters(1)][RotYccwZcorridorsimple(1)]corridorcargo(2)thrusters
Fitness: [0.48307692211012615, 0.05729292545968982, 0.9998918649736985, 0.7914262626081578]

cockpitcorridorsimple(1)corridorreactors(2)corridorcargo(1)[RotYcwXcorridorsimple(1)]corridorsimple(1)corridorgyros(2)[RotYccwXcorridorsimple(1)thrusters(1)][RotYcwZcorridorsimple(1)[RotYccwZcorridorsimple(1)]thrusters(1)]thrusters
Fitness: [0.7741623974754203, 0.04397075978860521, 0.13121866881602548, 0.459972554139315]

cockpitcorridorsimple(1)corridorcargo(1)[RotYccwZcorridorsimple(1)]corridorsimple(1)corridorgyros(1)[RotYccwXcorridorsimple(2)]corridorsimple(1)corridorsimple(2)[RotYccwZcorridorsimple(1)thrusters(1)]corridorsimple(1)corridorsimple(1)corridorreactors(1)thrusters
Fitness: [0.9181007464896167, 0.028018908050844973, 0.003345928904495529, 0.11917253426764352]

cockpitcorridorsimple(1)corridorsimple(1)corridorsimple(1)corridorreactors(1)corridorgyros(2)corridorcargo(2)thrusters
Fitness: [0.3968905980272354, 0.06624278348312766, 0.005966520204695729, 0.005959294985492223]

cockpitcorridorsimple(1)corridorreactors(1)[RotYcwXcorridorsimple(2)]corridorcargo(1)corridorgyros(1)thrusters
Fitness: [0.9761385150585076, 0.04767099611420296, 0.20653853342013975, 0.4192680122431562]

cockpitcorridorsimple(1)[RotYccwZcorridorsimple(1)]corridorgyros(2)corridorsimple(1)corridorcargo(2)corridorcargo(2)corridorreactors(1)thrusters
Fitness: [0.599706016087142, 0.07871586074210815, 0.00864115893363129, 5.930558543293861e-14]

cockpitcorridorsimple(1)corridorgyros(1)corridorsimple(1)corridorreactors(1)[RotYccwXcorridorsimple(1)corridorreactors(2)[RotYcwZcorridorsimple(2)]thrusters(1)]corridorcargo(2)thrusters
Fitness: [0.6624658468924326, 0.05189220749973277, 0.9987982969011677, 0.7767733539898041]

cockpitcorridorsimple(1)corridorcargo(2)corridorreactors(2)[RotYccwXcorridorsimple(1)[RotYccwZcorridorsimple(1)][RotYccwXcorridorsimple(1)corridorcargo(2)corridorcargo(2)corridorcargo(1)thrusters(1)]corridorcargo(2)[RotYccwXcorridorsimple(1)corridorcargo(2)corridorcargo(2)corridorcargo(1)thrusters(1)]corridorcargo(2)corridorcargo(1)thrusters(1)]corridorcargo(1)corridorgyros(2)thrusters
Fitness: [0.8066413313963561, 0.17157033354941376, 0.9994980379860233, 0.10556397262016291]

cockpitcorridorsimple(1)corridorcargo(2)corridorsimple(1)corridorreactors(1)corridorgyros(1)[RotYccwZcorridorsimple(2)]thrusters
Fitness: [0.9260035592903508, 0.05370820935655317, 0.36884961945819045, 0.018536740303657928]

cockpitcorridorsimple(1)corridorsimple(1)corridorsimple(1)corridorreactors(1)corridorsimple(1)[RotYccwZcorridorsimple(1)]corridorcargo(2)corridorgyros(1)[RotYccwXcorridorsimple(1)[RotYccwXcorridorsimple(1)thrusters(1)]corridorsimple(1)[RotYccwXcorridorsimple(2)]corridorreactors(1)thrusters(1)]thrusters
Fitness: [0.7375015902057875, 0.039609954928312166, 0.7111822581788466, 0.18290391688730018]

cockpitcorridorsimple(1)corridorsimple(1)corridorreactors(1)corridorcargo(1)corridorgyros(1)[RotYcwXcorridorsimple(1)corridorreactors(1)[RotYcwXcorridorsimple(1)corridorcargo(1)[RotYccwZcorridorsimple(1)]corridorcargo(1)thrusters(1)]corridorcargo(1)thrusters(1)]thrusters
Fitness: [0.8625576124941768, 0.0741004055036973, 0.9987301238926191, 0.8148673207972635]

cockpitcorridorsimple(1)corridorcargo(2)corridorsimple(1)corridorcargo(2)corridorsimple(1)corridorgyros(2)corridorcargo(1)corridorreactors(1)thrusters
Fitness: [0.40778811321782715, 0.10534654770136784, 3.064274482979191e-08, 5.665543782573326e-19]