

cockpitcorridorsimple(1)[RotYcwXcorridorsimple(2)][RotYcwZcorridorsimple(1)corridorgyros(2)corridorgyros(1)thrusters(1)][RotYccwXcorridorsimple(2)]corridorsimple(1)[RotYccwXcorridorsimple(2)][RotYcwXcorridorsimple(2)]corridorreactors(1)corridorsimple(1)corridorcargo(1)[RotYcwZcorridorsimple(1)corridorgyros(2)corridorgyros(1)thrusters(1)]thrusters
Fitness: [0.6724957110450657, 0.034573298561324906, 0.9966908073479938, 0.9938610316304384]

cockpitcorridorsimple(1)[RotYccwXcorridorsimple(1)thrusters(1)][RotYccwZcorridorsimple(1)[RotYcwZcorridorsimple(2)]corridorreactors(2)thrusters(1)]corridorreactors(1)[RotYccwZcorridorsimple(1)[RotYccwXcorridorsimple(1)thrusters(1)][RotYcwXcorridorsimple(1)thrusters(1)]corridorgyros(1)corridorsimple(1)corridorcargo(1)thrusters(1)]thrusters
Fitness: [0.8404061817632127, 0.05540803749645565, 0.9857145057654126, 0.9655911455226193]

cockpitcorridorsimple(1)corridorcargo(2)[RotYccwXcorridorsimple(1)[RotYccwZcorridorsimple(1)][RotYccwXcorridorsimple(1)][RotYcwXcorridorsimple(1)]corridorsimple(1)[RotYcwZcorridorsimple(2)]corridorsimple(2)thrusters(1)]corridorsimple(1)[RotYcwZcorridorsimple(1)]corridorreactors(1)corridorgyros(1)[RotYccwXcorridorsimple(1)[RotYccwXcorridorsimple(2)][RotYcwZcorridorsimple(1)][RotYccwZcorridorsimple(1)corridorsimple(2)thrusters(1)][RotYcwXcorridorsimple(1)]corridorsimple(1)corridorsimple(1)[RotYccwZcorridorsimple(1)[RotYcwXcorridorsimple(1)][RotYccwXcorridorsimple(1)corridorcargo(1)thrusters(1)]corridorreactors(2)[RotYccwXcorridorsimple(1)corridorgyros(1)[RotYccwXcorridorsimple(2)]corridorsimple(1)[RotYccwXcorridorsimple(2)]thrusters(1)]thrusters(1)]thrusters(1)][RotYccwZcorridorsimple(1)corridorreactors(2)[RotYccwZcorridorsimple(1)]thrusters(1)]thrusters
Fitness: [0.590893566152256, 0.03273724772720005, 0.979948333413072, 0.9842315340234313]

cockpitcorridorsimple(1)[RotYccwZcorridorsimple(2)][RotYcwZcorridorsimple(2)][RotYccwXcorridorsimple(1)][RotYcwXcorridorsimple(1)[RotYcwXcorridorsimple(1)corridorcargo(1)corridorreactors(1)thrusters(1)]corridorcargo(1)corridorreactors(1)thrusters(1)]corridorgyros(1)[RotYccwXcorridorsimple(1)thrusters(1)][RotYcwXcorridorsimple(1)[RotYcwXcorridorsimple(1)]corridorcargo(1)corridorreactors(1)thrusters(1)]thrusters
Fitness: [0.694641753084448, 0.05950009665015004, 0.8741242110040152, 0.9896175224527649]

cockpitcorridorsimple(1)[RotYcwXcorridorsimple(1)[RotYccwZcorridorsimple(1)corridorsimple(1)[RotYcwZcorridorsimple(2)]corridorgyros(1)corridorreactors(2)thrusters(1)]thrusters(1)]corridorcargo(2)corridorcargo(1)[RotYccwZcorridorsimple(1)[RotYccwZcorridorsimple(2)][RotYcwXcorridorsimple(1)corridorcargo(2)thrusters(1)]corridorgyros(1)corridorreactors(2)thrusters(1)]thrusters
Fitness: [0.7492036176978514, 0.06253933005311664, 0.9833641636000691, 0.9938610316304384]

cockpitcorridorsimple(1)[RotYcwZcorridorsimple(1)][RotYccwXcorridorsimple(1)[RotYcwXcorridorsimple(1)][RotYcwZcorridorsimple(2)]thrusters(1)]corridorsimple(2)[RotYcwZcorridorsimple(1)corridorgyros(1)corridorreactors(1)thrusters(1)]corridorcargo(1)[RotYcwZcorridorsimple(1)corridorgyros(1)corridorreactors(1)thrusters(1)]thrusters
Fitness: [0.9331566629712871, 0.04143357161226655, 0.9999969930499026, 0.9623871549462587]

cockpitcorridorsimple(1)corridorreactors(1)corridorsimple(1)[RotYcwXcorridorsimple(1)corridorcargo(2)corridorcargo(1)thrusters(1)]corridorcargo(1)[RotYcwXcorridorsimple(1)corridorgyros(2)thrusters(1)]thrusters
Fitness: [0.9986924657799902, 0.08864031582582305, 0.9904348162067349, 0.37055071878135365]

cockpitcorridorsimple(1)corridorsimple(1)[RotYcwXcorridorsimple(2)]corridorsimple(1)corridorgyros(2)corridorcargo(1)[RotYcwXcorridorsimple(1)[RotYcwZcorridorsimple(1)][RotYccwZcorridorsimple(1)]corridorsimple(1)corridorsimple(2)corridorreactors(2)thrusters(1)]thrusters
Fitness: [0.5948687607164324, 0.030490072380950396, 0.8126717230944149, 0.7458804660837633]

cockpitcorridorsimple(1)[RotYccwZcorridorsimple(2)][RotYcwZcorridorsimple(2)][RotYccwXcorridorsimple(1)corridorcargo(2)corridorcargo(2)thrusters(1)]corridorreactors(2)corridorgyros(1)[RotYccwXcorridorsimple(1)corridorcargo(2)thrusters(1)]thrusters
Fitness: [0.619927348020245, 0.09080195966774618, 0.9870656120409289, 0.9987557168292556]

cockpitcorridorsimple(1)corridorgyros(1)corridorsimple(1)[RotYccwZcorridorsimple(1)[RotYccwXcorridorsimple(2)]corridorcargo(2)corridorcargo(2)[RotYccwZcorridorsimple(1)thrusters(1)]thrusters(1)]corridorreactors(1)corridorsimple(1)[RotYcwXcorridorsimple(1)[RotYccwZcorridorsimple(1)]thrusters(1)]corridorcargo(2)[RotYccwXcorridorsimple(1)[RotYccwZcorridorsimple(2)][RotYccwXcorridorsimple(2)]thrusters(1)][RotYccwZcorridorsimple(1)corridorsimple(1)corridorcargo(2)corridorcargo(2)[RotYccwZcorridorsimple(2)]thrusters(1)]thrusters
Fitness: [0.4966044078732142, 0.06651892910272854, 0.9991386471176361, 0.9952496111896958]

cockpitcorridorsimple(1)corridorsimple(1)[RotYcwXcorridorsimple(1)[RotYcwXcorridorsimple(1)]thrusters(1)][RotYccwXcorridorsimple(1)thrusters(1)]corridorgyros(2)corridorcargo(1)[RotYccwZcorridorsimple(1)[RotYcwZcorridorsimple(1)][RotYccwZcorridorsimple(1)[RotYccwXcorridorsimple(2)]corridorsimple(1)[RotYcwXcorridorsimple(2)][RotYcwZcorridorsimple(2)]corridorsimple(1)[RotYcwXcorridorsimple(2)][RotYccwXcorridorsimple(1)]corridorreactors(1)thrusters(1)][RotYccwXcorridorsimple(2)]corridorsimple(1)[RotYccwZcorridorsimple(1)][RotYccwXcorridorsimple(1)thrusters(1)]corridorreactors(1)thrusters(1)]thrusters
Fitness: [0.6956414697589016, 0.030893052659297628, 0.9925163312289281, 0.9929023081566732]

cockpitcorridorsimple(1)[RotYcwXcorridorsimple(1)][RotYccwXcorridorsimple(2)]corridorcargo(1)corridorreactors(2)corridorsimple(1)[RotYcwZcorridorsimple(1)][RotYcwXcorridorsimple(1)][RotYccwXcorridorsimple(1)corridorreactors(2)[RotYccwXcorridorsimple(1)corridorcargo(1)corridorreactors(2)[RotYcwZcorridorsimple(1)[RotYccwXcorridorsimple(2)]corridorcargo(1)thrusters(1)]thrusters(1)]thrusters(1)]corridorgyros(1)thrusters
Fitness: [0.6277274963352206, 0.04423738639252937, 0.9884754470650566, 0.9663201696653061]

cockpitcorridorsimple(1)corridorcargo(2)corridorreactors(1)[RotYccwXcorridorsimple(1)thrusters(1)][RotYcwXcorridorsimple(1)corridorgyros(1)thrusters(1)]thrusters
Fitness: [0.9761890526645618, 0.10123465849108859, 0.9945222048467368, 0.5201134269766985]

cockpitcorridorsimple(1)[RotYcwZcorridorsimple(2)][RotYcwXcorridorsimple(1)[RotYcwZcorridorsimple(1)][RotYccwXcorridorsimple(2)]corridorcargo(1)thrusters(1)]corridorreactors(1)corridorgyros(2)[RotYcwZcorridorsimple(1)corridorreactors(1)[RotYcwZcorridorsimple(1)[RotYccwZcorridorsimple(1)]corridorcargo(2)[RotYcwXcorridorsimple(1)[RotYcwXcorridorsimple(2)]corridorcargo(1)thrusters(1)]corridorcargo(1)thrusters(1)]corridorcargo(1)thrusters(1)]thrusters
Fitness: [0.8527949410460051, 0.05538261416437429, 0.9971041564779684, 0.9999151202188156]

cockpitcorridorsimple(1)corridorgyros(1)[RotYcwXcorridorsimple(1)[RotYcwZcorridorsimple(1)][RotYccwZcorridorsimple(1)]corridorcargo(2)thrusters(1)]corridorreactors(1)[RotYcwXcorridorsimple(1)[RotYcwXcorridorsimple(1)thrusters(1)]corridorcargo(2)thrusters(1)]thrusters
Fitness: [0.9260637428541966, 0.08019955420050041, 0.9993525659509935, 0.9370913362574562]

cockpitcorridorsimple(1)corridorsimple(1)corridorgyros(1)corridorcargo(2)[RotYcwXcorridorsimple(1)[RotYcwXcorridorsimple(1)corridorcargo(2)corridorcargo(1)thrusters(1)][RotYccwZcorridorsimple(1)corridorreactors(1)thrusters(1)]thrusters(1)][RotYccwZcorridorsimple(1)[RotYccwZcorridorsimple(1)thrusters(1)]corridorreactors(1)thrusters(1)]thrusters
Fitness: [0.9316418284712097, 0.10831059947927443, 0.9925163312289281, 0.9623871549462587]

cockpitcorridorsimple(1)corridorcargo(1)corridorgyros(1)[RotYcwXcorridorsimple(1)thrusters(1)][RotYcwZcorridorsimple(1)[RotYcwZcorridorsimple(2)][RotYcwXcorridorsimple(1)thrusters(1)][RotYccwXcorridorsimple(1)thrusters(1)]corridorreactors(2)thrusters(1)]thrusters
Fitness: [0.8129927488709964, 0.06751441964648905, 0.9993525659509935, 0.9987557168292556]

cockpitcorridorsimple(1)corridorgyros(1)corridorcargo(1)[RotYccwZcorridorsimple(1)][RotYcwZcorridorsimple(1)corridorsimple(1)[RotYcwZcorridorsimple(1)[RotYccwXcorridorsimple(2)]corridorreactors(1)thrusters(1)]corridorreactors(1)thrusters(1)][RotYccwXcorridorsimple(1)corridorcargo(1)thrusters(1)]thrusters
Fitness: [0.8836538148647912, 0.05902810634764807, 0.9953430268747088, 0.9791182931858892]

cockpitcorridorsimple(1)corridorsimple(2)corridorgyros(2)corridorcargo(1)[RotYccwXcorridorsimple(1)[RotYcwZcorridorsimple(1)][RotYccwZcorridorsimple(2)][RotYccwXcorridorsimple(1)[RotYccwZcorridorsimple(2)]corridorreactors(2)thrusters(1)]corridorreactors(2)thrusters(1)]thrusters
Fitness: [0.799459250889108, 0.04057229406152422, 0.9779439483443327, 0.9683559850987495]

cockpitcorridorsimple(1)[RotYcwXcorridorsimple(1)corridorsimple(1)[RotYcwXcorridorsimple(1)][RotYccwZcorridorsimple(2)][RotYccwXcorridorsimple(1)thrusters(1)]thrusters(1)][RotYccwZcorridorsimple(1)corridorgyros(1)[RotYcwXcorridorsimple(1)]corridorreactors(2)thrusters(1)]corridorgyros(1)corridorcargo(1)[RotYccwZcorridorsimple(1)[RotYccwZcorridorsimple(2)][RotYcwXcorridorsimple(1)corridorcargo(1)thrusters(1)]corridorreactors(2)thrusters(1)]thrusters
Fitness: [0.871530087031796, 0.04842528771165657, 0.9993713536971017, 0.9707593008219085]

cockpitcorridorsimple(1)corridorreactors(1)corridorgyros(1)[RotYcwXcorridorsimple(1)corridorsimple(1)[RotYcwXcorridorsimple(2)][RotYccwXcorridorsimple(1)]corridorsimple(1)[RotYccwXcorridorsimple(1)thrusters(1)]thrusters(1)]corridorcargo(1)thrusters
Fitness: [0.9961748629084091, 0.0395965592192854, 0.9953430268747088, 0.4192680122431562]

cockpitcorridorsimple(1)[RotYcwXcorridorsimple(1)thrusters(1)][RotYccwXcorridorsimple(1)thrusters(1)][RotYccwZcorridorsimple(1)[RotYcwZcorridorsimple(1)]corridorreactors(1)corridorreactors(1)thrusters(1)]corridorreactors(1)[RotYcwXcorridorsimple(1)][RotYccwZcorridorsimple(1)corridorcargo(1)corridorgyros(2)thrusters(1)]thrusters
Fitness: [0.8456223229791222, 0.05710687279558109, 0.9654580419189099, 0.9808333155601552]

cockpitcorridorsimple(1)corridorcargo(1)corridorgyros(1)[RotYccwXcorridorsimple(1)[RotYccwXcorridorsimple(1)corridorcargo(2)thrusters(1)]corridorcargo(1)[RotYccwXcorridorsimple(1)corridorcargo(1)thrusters(1)]thrusters(1)]corridorreactors(1)thrusters
Fitness: [0.9876831172668186, 0.11528983075291901, 0.9993525659509935, 0.4192680122431562]

cockpitcorridorsimple(1)corridorcargo(1)[RotYcwXcorridorsimple(1)corridorreactors(1)corridorsimple(1)[RotYcwXcorridorsimple(1)][RotYccwXcorridorsimple(1)thrusters(1)]thrusters(1)]corridorgyros(1)corridorreactors(1)thrusters
Fitness: [0.9931161368624987, 0.056219252154716085, 0.9953430268747088, 0.4192680122431562]

cockpitcorridorsimple(1)[RotYcwZcorridorsimple(2)][RotYccwZcorridorsimple(2)][RotYccwXcorridorsimple(1)corridorreactors(2)corridorgyros(1)thrusters(1)]corridorreactors(2)corridorcargo(2)[RotYccwXcorridorsimple(1)corridorreactors(2)corridorgyros(1)thrusters(1)]thrusters
Fitness: [0.668019386198331, 0.04987315968984108, 0.9969081587601235, 0.9747140461929908]

cockpitcorridorsimple(1)corridorcargo(1)corridorsimple(1)[RotYccwZcorridorsimple(1)][RotYcwZcorridorsimple(1)]corridorgyros(1)[RotYcwXcorridorsimple(1)corridorreactors(1)corridorcargo(2)corridorgyros(2)thrusters(1)]thrusters
Fitness: [0.6325973624065259, 0.060571299661697844, 0.9966908073479938, 0.7615485788318068]

cockpitcorridorsimple(1)[RotYcwZcorridorsimple(2)][RotYccwZcorridorsimple(2)]corridorreactors(1)corridorsimple(1)[RotYccwXcorridorsimple(2)]corridorcargo(1)[RotYcwXcorridorsimple(1)corridorgyros(1)corridorcargo(1)thrusters(1)]thrusters
Fitness: [0.5231264051819152, 0.03965470923552328, 0.9999521551339675, 0.9969648073421917]

cockpitcorridorsimple(1)[RotYcwZcorridorsimple(2)][RotYccwZcorridorsimple(2)][RotYccwXcorridorsimple(1)corridorreactors(1)corridorgyros(2)corridorcargo(2)thrusters(1)]corridorcargo(2)corridorreactors(1)[RotYccwXcorridorsimple(1)corridorgyros(1)corridorgyros(2)corridorcargo(2)thrusters(1)]thrusters
Fitness: [0.6583420026115666, 0.07267575767440403, 0.931849809850701, 0.9938610316304384]

cockpitcorridorsimple(1)corridorreactors(1)corridorcargo(2)[RotYcwXcorridorsimple(1)corridorgyros(1)[RotYcwXcorridorsimple(1)[RotYcwZcorridorsimple(2)][RotYcwXcorridorsimple(1)thrusters(1)]corridorgyros(1)[RotYcwXcorridorsimple(1)]thrusters(1)]thrusters(1)][RotYcwZcorridorsimple(2)]thrusters
Fitness: [0.9972913428776228, 0.0511717450341465, 0.9680289381167004, 0.9771040931323952]

cockpitcorridorsimple(1)corridorgyros(1)[RotYcwXcorridorsimple(1)corridorcargo(1)[RotYccwXcorridorsimple(1)corridorcargo(2)thrusters(1)]corridorcargo(1)thrusters(1)]corridorcargo(1)corridorreactors(1)thrusters
Fitness: [1.0000113765641818, 0.12032562776832981, 0.9993525659509935, 0.4192680122431562]