

cockpitcorridorsimple(1)[RotYccwZcorridorsimple(1)][RotYcwXcorridorsimple(1)[RotYccwXcorridorsimple(1)][RotYcwZcorridorsimple(1)corridorsimple(1)corridorsimple(1)corridorreactors(1)thrusters(1)]thrusters(1)]corridorgyros(1)corridorcargo(2)[RotYcwZcorridorsimple(1)[RotYcwZcorridorsimple(1)corridorsimple(1)corridorsimple(1)[RotYcwXcorridorsimple(1)]corridorcargo(2)thrusters(1)]corridorreactors(1)thrusters(1)]thrusters
Fitness: [0.948613230506464, 0.060033973148972575, 0.9654580419189099, 0.942687676303899]

cockpitcorridorsimple(1)corridorreactors(1)corridorcargo(2)corridorgyros(1)[RotYcwZcorridorsimple(1)[RotYcwXcorridorsimple(1)[RotYccwZcorridorsimple(1)][RotYcwZcorridorsimple(1)corridorsimple(1)corridorreactors(1)corridorsimple(2)corridorcargo(1)[RotYcwZcorridorsimple(2)][RotYcwXcorridorsimple(1)thrusters(1)]thrusters(1)]corridorgyros(1)thrusters(1)]corridorsimple(1)[RotYccwZcorridorsimple(1)][RotYcwXcorridorsimple(2)][RotYcwZcorridorsimple(1)]corridorcargo(1)[RotYcwZcorridorsimple(2)][RotYcwXcorridorsimple(1)[RotYccwZcorridorsimple(1)][RotYcwZcorridorsimple(1)corridorsimple(1)corridorsimple(1)corridorsimple(1)corridorreactors(1)corridorsimple(2)corridorcargo(1)[RotYcwZcorridorsimple(2)][RotYcwXcorridorsimple(2)]thrusters(1)]corridorgyros(1)thrusters(1)]thrusters(1)]thrusters
Fitness: [0.8308092200523004, 0.04089677652127089, 0.9843413327519689, 0.9778130113414333]

cockpitcorridorsimple(1)corridorgyros(1)corridorreactors(1)corridorcargo(1)[RotYccwXcorridorsimple(1)[RotYccwXcorridorsimple(2)]corridorsimple(1)[RotYccwZcorridorsimple(1)][RotYcwZcorridorsimple(1)][RotYccwXcorridorsimple(1)corridorcargo(1)[RotYcwXcorridorsimple(1)]corridorsimple(1)[RotYcwXcorridorsimple(1)]thrusters(1)]thrusters(1)]thrusters
Fitness: [0.9551476018050289, 0.03727229312323518, 0.9993525659509935, 0.9370913362574562]

cockpitcorridorsimple(1)[RotYccwXcorridorsimple(1)corridorsimple(1)[RotYccwZcorridorsimple(1)][RotYccwXcorridorsimple(1)][RotYcwXcorridorsimple(1)corridorreactors(1)corridorgyros(1)corridorcargo(2)thrusters(1)][RotYcwZcorridorsimple(2)]corridorsimple(1)[RotYccwXcorridorsimple(1)thrusters(1)]corridorsimple(1)[RotYccwXcorridorsimple(2)][RotYcwXcorridorsimple(1)[RotYcwZcorridorsimple(1)][RotYcwXcorridorsimple(1)]corridorreactors(2)thrusters(1)]thrusters(1)][RotYccwZcorridorsimple(1)corridorcargo(1)thrusters(1)]corridorsimple(1)corridorcargo(1)corridorgyros(1)corridorreactors(1)thrusters
Fitness: [0.7427725421863546, 0.05121318731379198, 0.9947565219391654, 0.9842315340234313]

cockpitcorridorsimple(1)[RotYccwXcorridorsimple(1)corridorcargo(1)thrusters(1)]corridorcargo(1)[RotYccwXcorridorsimple(1)corridorgyros(2)thrusters(1)]corridorreactors(1)thrusters
Fitness: [0.9999456362852892, 0.07394572899232614, 0.999242375850501, 0.5201134269766985]

cockpitcorridorsimple(1)corridorsimple(2)corridorcargo(1)corridorgyros(2)[RotYcwXcorridorsimple(1)[RotYccwZcorridorsimple(2)][RotYcwZcorridorsimple(2)][RotYcwXcorridorsimple(1)thrusters(1)]corridorreactors(1)[RotYcwXcorridorsimple(1)]thrusters(1)]thrusters
Fitness: [0.6048782672588755, 0.03664823167686979, 0.9909072552846088, 0.9896175224527649]

cockpitcorridorsimple(1)[RotYcwZcorridorsimple(1)][RotYccwXcorridorsimple(2)][RotYcwXcorridorsimple(1)]corridorcargo(1)corridorgyros(2)corridorreactors(1)corridorcargo(1)[RotYcwZcorridorsimple(1)[RotYcwXcorridorsimple(1)[RotYcwXcorridorsimple(1)thrusters(1)][RotYcwZcorridorsimple(1)]thrusters(1)]corridorsimple(1)[RotYcwXcorridorsimple(1)][RotYcwZcorridorsimple(1)[RotYcwXcorridorsimple(2)][RotYccwZcorridorsimple(2)]corridorgyros(1)corridorsimple(1)[RotYccwXcorridorsimple(2)][RotYcwZcorridorsimple(1)]corridorgyros(2)thrusters(1)][RotYccwXcorridorsimple(2)]corridorgyros(2)thrusters(1)]thrusters
Fitness: [0.6506777683566589, 0.03273489419234174, 0.9986068601384983, 0.9791182931858892]

cockpitcorridorsimple(1)corridorreactors(1)corridorgyros(2)[RotYcwZcorridorsimple(2)][RotYcwXcorridorsimple(1)corridorsimple(1)corridorcargo(2)[RotYcwXcorridorsimple(1)[RotYcwXcorridorsimple(2)]corridorsimple(1)[RotYcwXcorridorsimple(1)]corridorsimple(1)[RotYcwZcorridorsimple(2)][RotYcwXcorridorsimple(1)]thrusters(1)]thrusters(1)]thrusters
Fitness: [0.948066547056971, 0.03360963564083776, 0.9892742959564977, 0.8903925776517948]

cockpitcorridorsimple(1)corridorcargo(1)corridorgyros(1)[RotYcwXcorridorsimple(1)corridorcargo(1)[RotYcwXcorridorsimple(1)[RotYcwXcorridorsimple(1)thrusters(1)]corridorcargo(1)thrusters(1)]corridorcargo(1)thrusters(1)]corridorreactors(1)thrusters
Fitness: [0.9974182001608919, 0.10090550906923382, 0.9993525659509935, 0.4192680122431562]

cockpitcorridorsimple(1)corridorsimple(1)[RotYcwXcorridorsimple(2)][RotYccwXcorridorsimple(1)thrusters(1)][RotYcwZcorridorsimple(2)]corridorsimple(1)[RotYcwXcorridorsimple(2)][RotYcwZcorridorsimple(1)corridorsimple(1)corridorsimple(1)[RotYccwXcorridorsimple(1)]corridorgyros(1)thrusters(1)]corridorgyros(1)corridorcargo(1)[RotYcwZcorridorsimple(1)[RotYcwZcorridorsimple(2)][RotYcwXcorridorsimple(2)]corridorreactors(2)thrusters(1)]thrusters
Fitness: [0.763542061055841, 0.03039434285093516, 0.9866296284909978, 0.9554084133633566]

cockpitcorridorsimple(1)corridorreactors(1)corridorcargo(1)[RotYccwXcorridorsimple(1)corridorreactors(2)thrusters(1)]corridorgyros(1)thrusters
Fitness: [0.9769625253065501, 0.061207318921585895, 0.9953430268747088, 0.4192680122431562]

cockpitcorridorsimple(1)corridorreactors(1)[RotYccwXcorridorsimple(1)corridorcargo(2)corridorcargo(1)thrusters(1)]corridorgyros(1)[RotYccwXcorridorsimple(1)corridorcargo(2)corridorcargo(1)thrusters(1)]thrusters
Fitness: [0.9960844437100853, 0.1365995237994569, 0.9993525659509935, 0.4192680122431562]

cockpitcorridorsimple(1)[RotYccwXcorridorsimple(1)corridorcargo(1)corridorreactors(2)thrusters(1)][RotYccwZcorridorsimple(1)corridorsimple(1)thrusters(1)]corridorgyros(1)[RotYccwXcorridorsimple(1)corridorcargo(1)corridorreactors(2)thrusters(1)]thrusters
Fitness: [0.9591686786069737, 0.06710840820929262, 0.9844714593870623, 0.9987557168292556]

cockpitcorridorsimple(1)corridorcargo(1)corridorgyros(1)[RotYccwXcorridorsimple(1)][RotYcwXcorridorsimple(1)corridorreactors(1)thrusters(1)]thrusters
Fitness: [0.9918500848307172, 0.06660920571124543, 0.8287663156106833, 0.7564091319802999]

cockpitcorridorsimple(1)corridorsimple(1)[RotYcwZcorridorsimple(2)][RotYccwZcorridorsimple(2)]corridorsimple(1)corridorcargo(1)corridorgyros(1)[RotYccwXcorridorsimple(1)corridorgyros(1)corridorreactors(1)thrusters(1)]corridorcargo(1)thrusters
Fitness: [0.5761628511971237, 0.04576086261812963, 0.7535025714040311, 0.9987557168292556]

cockpitcorridorsimple(1)[RotYcwXcorridorsimple(1)corridorgyros(2)thrusters(1)]corridorcargo(1)corridorreactors(1)[RotYcwXcorridorsimple(2)]thrusters
Fitness: [0.9944553077015897, 0.04433073286630844, 0.999242375850501, 0.5201134269766985]

cockpitcorridorsimple(1)[RotYcwZcorridorsimple(2)][RotYccwXcorridorsimple(1)corridorgyros(2)corridorcargo(2)thrusters(1)]corridorreactors(1)[RotYccwXcorridorsimple(1)corridorgyros(2)corridorsimple(1)[RotYcwXcorridorsimple(1)][RotYccwZcorridorsimple(2)]thrusters(1)]corridorcargo(2)[RotYccwXcorridorsimple(1)corridorgyros(2)corridorcargo(2)thrusters(1)]thrusters
Fitness: [0.7633990686908166, 0.06333477089181243, 0.9654580419189099, 0.9987557168292556]

cockpitcorridorsimple(1)[RotYcwXcorridorsimple(1)corridorcargo(1)corridorreactors(1)thrusters(1)][RotYccwXcorridorsimple(1)thrusters(1)]corridorgyros(1)[RotYcwXcorridorsimple(1)corridorcargo(1)corridorreactors(1)thrusters(1)]thrusters
Fitness: [0.9848292665805763, 0.08676667245014708, 0.9229988230433886, 0.6171155943340081]

cockpitcorridorsimple(1)corridorsimple(1)corridorgyros(1)[RotYcwXcorridorsimple(1)corridorreactors(1)[RotYcwZcorridorsimple(1)corridorsimple(1)[RotYccwXcorridorsimple(1)[RotYcwXcorridorsimple(1)]corridorsimple(1)[RotYcwXcorridorsimple(2)][RotYccwXcorridorsimple(1)[RotYcwZcorridorsimple(1)][RotYcwXcorridorsimple(2)][RotYccwZcorridorsimple(1)thrusters(1)]thrusters(1)]thrusters(1)][RotYccwZcorridorsimple(1)[RotYcwXcorridorsimple(2)]thrusters(1)][RotYcwXcorridorsimple(1)]thrusters(1)]corridorreactors(1)corridorcargo(1)thrusters(1)]corridorcargo(2)corridorreactors(2)thrusters
Fitness: [0.6134336045564851, 0.04735039609415651, 0.9884754470650566, 0.9986062576898345]

cockpitcorridorsimple(1)corridorreactors(1)corridorgyros(1)corridorcargo(2)[RotYccwZcorridorsimple(1)corridorcargo(2)[RotYccwZcorridorsimple(1)corridorcargo(2)[RotYccwXcorridorsimple(1)corridorsimple(1)corridorsimple(1)[RotYcwXcorridorsimple(1)thrusters(1)][RotYccwZcorridorsimple(1)corridorcargo(2)[RotYccwXcorridorsimple(1)[RotYcwXcorridorsimple(2)]corridorsimple(1)[RotYcwXcorridorsimple(2)]thrusters(1)]thrusters(1)]thrusters(1)]thrusters(1)]thrusters(1)]thrusters
Fitness: [0.8233357090605662, 0.07900223819726404, 0.9779439483443327, 0.9652588840633165]

cockpitcorridorsimple(1)[RotYcwZcorridorsimple(1)][RotYccwZcorridorsimple(2)][RotYccwXcorridorsimple(1)[RotYccwXcorridorsimple(1)][RotYcwZcorridorsimple(1)][RotYcwXcorridorsimple(2)]corridorreactors(2)thrusters(1)]corridorsimple(1)corridorcargo(1)[RotYccwXcorridorsimple(1)[RotYcwXcorridorsimple(1)][RotYccwZcorridorsimple(2)]corridorreactors(2)thrusters(1)]corridorreactors(1)corridorgyros(1)thrusters
Fitness: [0.852689403935591, 0.03387359502959382, 0.9987982969011677, 0.9139079136183755]